Not searching for unused variables given on the command line.
[36m--[0m Using CATKIN_DEVEL_PREFIX: /home/jrv/Research/RoboticArcitecture/abb_experimental_ws/devel/.private/warehouse_ros
[36m--[0m Using CMAKE_PREFIX_PATH: /home/jrv/Research/RoboticArcitecture/abb_experimental_ws/devel;/opt/ros/kinetic
[36m--[0m This workspace overlays: /home/jrv/Research/RoboticArcitecture/abb_experimental_ws/devel;/opt/ros/kinetic
[36m--[0m Using PYTHON_EXECUTABLE: /usr/bin/python
[36m--[0m Using Debian Python package layout
[36m--[0m Using empy: /usr/bin/empy
[36m--[0m Using CATKIN_ENABLE_TESTING: ON
[36m--[0m Call enable_testing()
[36m--[0m Using CATKIN_TEST_RESULTS_DIR: /home/jrv/Research/RoboticArcitecture/abb_experimental_ws/build/warehouse_ros/test_results
[36m--[0m Found gmock sources under '/usr/src/gmock': gmock will be built
[36m--[0m Found gtest sources under '/usr/src/gmock': gtests will be built
[36m--[0m Using Python nosetests: /usr/bin/nosetests-2.7
[36m--[0m catkin 0.7.11
[36m--[0m Boost version: 1.58.0
[36m--[0m Found the following Boost libraries:
[36m--[0m   system
[36m--[0m   filesystem
[36m--[0m   thread
[36m--[0m   chrono
[36m--[0m   date_time
[36m--[0m   atomic
[36m--[0m MongoDB not found.
CMake Error: The following variables are used in this project, but they are set to NOTFOUND.
Please set them or make sure they are set and tested correctly in the CMake files:
MongoDB_INCLUDE_DIR (ADVANCED)
   used as include directory in directory /home/jrv/Research/RoboticArcitecture/abb_experimental_ws/src/warehouse_ros_mongo
   used as include directory in directory /home/jrv/Research/RoboticArcitecture/abb_experimental_ws/src/warehouse_ros_mongo
   used as include directory in directory /home/jrv/Research/RoboticArcitecture/abb_experimental_ws/src/warehouse_ros_mongo
   used as include directory in directory /home/jrv/Research/RoboticArcitecture/abb_experimental_ws/src/warehouse_ros_mongo
   used as include directory in directory /home/jrv/Research/RoboticArcitecture/abb_experimental_ws/src/warehouse_ros_mongo
   used as include directory in directory /home/jrv/Research/RoboticArcitecture/abb_experimental_ws/src/warehouse_ros_mongo
   used as include directory in directory /home/jrv/Research/RoboticArcitecture/abb_experimental_ws/src/warehouse_ros_mongo
   used as include directory in directory /home/jrv/Research/RoboticArcitecture/abb_experimental_ws/src/warehouse_ros_mongo
   used as include directory in directory /home/jrv/Research/RoboticArcitecture/abb_experimental_ws/src/warehouse_ros_mongo
   used as include directory in directory /home/jrv/Research/RoboticArcitecture/abb_experimental_ws/src/warehouse_ros_mongo
   used as include directory in directory /home/jrv/Research/RoboticArcitecture/abb_experimental_ws/src/warehouse_ros_mongo
   used as include directory in directory /home/jrv/Research/RoboticArcitecture/abb_experimental_ws/src/warehouse_ros_mongo
   used as include directory in directory /home/jrv/Research/RoboticArcitecture/abb_experimental_ws/src/warehouse_ros_mongo
   used as include directory in directory /home/jrv/Research/RoboticArcitecture/abb_experimental_ws/src/warehouse_ros_mongo
   used as include directory in directory /home/jrv/Research/RoboticArcitecture/abb_experimental_ws/src/warehouse_ros_mongo
   used as include directory in directory /home/jrv/Research/RoboticArcitecture/abb_experimental_ws/src/warehouse_ros_mongo
   used as include directory in directory /home/jrv/Research/RoboticArcitecture/abb_experimental_ws/src/warehouse_ros_mongo
   used as include directory in directory /home/jrv/Research/RoboticArcitecture/abb_experimental_ws/src/warehouse_ros_mongo
   used as include directory in directory /home/jrv/Research/RoboticArcitecture/abb_experimental_ws/src/warehouse_ros_mongo
   used as include directory in directory /home/jrv/Research/RoboticArcitecture/abb_experimental_ws/src/warehouse_ros_mongo
   used as include directory in directory /home/jrv/Research/RoboticArcitecture/abb_experimental_ws/src/warehouse_ros_mongo
   used as include directory in directory /home/jrv/Research/RoboticArcitecture/abb_experimental_ws/src/warehouse_ros_mongo
   used as include directory in directory /home/jrv/Research/RoboticArcitecture/abb_experimental_ws/src/warehouse_ros_mongo
   used as include directory in directory /home/jrv/Research/RoboticArcitecture/abb_experimental_ws/src/warehouse_ros_mongo
   used as include directory in directory /home/jrv/Research/RoboticArcitecture/abb_experimental_ws/src/warehouse_ros_mongo
   used as include directory in directory /home/jrv/Research/RoboticArcitecture/abb_experimental_ws/src/warehouse_ros_mongo
   used as include directory in directory /home/jrv/Research/RoboticArcitecture/abb_experimental_ws/src/warehouse_ros_mongo
   used as include directory in directory /home/jrv/Research/RoboticArcitecture/abb_experimental_ws/src/warehouse_ros_mongo
   used as include directory in directory /home/jrv/Research/RoboticArcitecture/abb_experimental_ws/src/warehouse_ros_mongo
   used as include directory in directory /home/jrv/Research/RoboticArcitecture/abb_experimental_ws/src/warehouse_ros_mongo
   used as include directory in directory /home/jrv/Research/RoboticArcitecture/abb_experimental_ws/src/warehouse_ros_mongo
[36m--[0m Configuring incomplete, errors occurred!
See also "/home/jrv/Research/RoboticArcitecture/abb_experimental_ws/build/warehouse_ros/CMakeFiles/CMakeOutput.log".
See also "/home/jrv/Research/RoboticArcitecture/abb_experimental_ws/build/warehouse_ros/CMakeFiles/CMakeError.log".
   used as include directory in directory /home/jrv/Research/RoboticArcitecture/abb_experimental_ws/src/warehouse_ros_mongo
   used as include directory in directory /home/jrv/Research/RoboticArcitecture/abb_experimental_ws/src/warehouse_ros_mongo
   used as include directory in directory /home/jrv/Research/RoboticArcitecture/abb_experimental_ws/src/warehouse_ros_mongo
   used as include directory in directory /home/jrv/Research/RoboticArcitecture/abb_experimental_ws/src/warehouse_ros_mongo
   used as include directory in directory /home/jrv/Research/RoboticArcitecture/abb_experimental_ws/src/warehouse_ros_mongo
   used as include directory in directory /home/jrv/Research/RoboticArcitecture/abb_experimental_ws/src/warehouse_ros_mongo
   used as include directory in directory /home/jrv/Research/RoboticArcitecture/abb_experimental_ws/src/warehouse_ros_mongo
   used as include directory in directory /home/jrv/Research/RoboticArcitecture/abb_experimental_ws/src/warehouse_ros_mongo
   used as include directory in directory /home/jrv/Research/RoboticArcitecture/abb_experimental_ws/src/warehouse_ros_mongo
   used as include directory in directory /home/jrv/Research/RoboticArcitecture/abb_experimental_ws/src/warehouse_ros_mongo
MongoDB_LIBRARIES (ADVANCED)
    linked by target "warehouse_ros" in directory /home/jrv/Research/RoboticArcitecture/abb_experimental_ws/src/warehouse_ros_mongo

