[36m--[0m Using CATKIN_DEVEL_PREFIX: /home/jrv/Research/RoboticArcitecture/abb_experimental_ws/devel/.private/abb_irb120_support
[36m--[0m Using CMAKE_PREFIX_PATH: /home/jrv/Research/RoboticArcitecture/abb_experimental_ws/devel;/opt/ros/kinetic
[36m--[0m This workspace overlays: /home/jrv/Research/RoboticArcitecture/abb_experimental_ws/devel;/opt/ros/kinetic
[36m--[0m Using PYTHON_EXECUTABLE: /usr/bin/python
[36m--[0m Using Debian Python package layout
[36m--[0m Using empy: /usr/bin/empy
[36m--[0m Using CATKIN_ENABLE_TESTING: ON
[36m--[0m Call enable_testing()
[36m--[0m Using CATKIN_TEST_RESULTS_DIR: /home/jrv/Research/RoboticArcitecture/abb_experimental_ws/build/abb_irb120_support/test_results
[36m--[0m Found gmock sources under '/usr/src/gmock': gmock will be built
[36m--[0m Found gtest sources under '/usr/src/gmock': gtests will be built
[36m--[0m Using Python nosetests: /usr/bin/nosetests-2.7
[36m--[0m catkin 0.7.11
[36m--[0m Configuring done
CMake Warning (dev) at /opt/ros/kinetic/share/catkin/cmake/test/tests.cmake:151 (add_dependencies):
  Policy CMP0046 is not set: Error on non-existent dependency in
  add_dependencies.  Run "cmake --help-policy CMP0046" for policy details.
  Use the cmake_policy command to set the policy and suppress this warning.

  The dependency target "abb_driver_robot_state" of target
  "_run_tests_abb_irb120_support_roslaunch-check_tests_roslaunch_test.xml"
  does not exist.
[36mCall Stack (most recent call first):[0m
  /opt/ros/kinetic/share/roslaunch/cmake/roslaunch-extras.cmake:58 (catkin_run_tests_target)
  CMakeLists.txt:10 (roslaunch_add_file_check)
This warning is for project developers.  Use -Wno-dev to suppress it.

CMake Warning (dev) at /opt/ros/kinetic/share/catkin/cmake/test/tests.cmake:151 (add_dependencies):
  Policy CMP0046 is not set: Error on non-existent dependency in
  add_dependencies.  Run "cmake --help-policy CMP0046" for policy details.
  Use the cmake_policy command to set the policy and suppress this warning.

  The dependency target "joint_trajectory_action" of target
  "_run_tests_abb_irb120_support_roslaunch-check_tests_roslaunch_test.xml"
  does not exist.
[36mCall Stack (most recent call first):[0m
  /opt/ros/kinetic/share/roslaunch/cmake/roslaunch-extras.cmake:58 (catkin_run_tests_target)
  CMakeLists.txt:10 (roslaunch_add_file_check)
This warning is for project developers.  Use -Wno-dev to suppress it.

CMake Warning (dev) at /opt/ros/kinetic/share/catkin/cmake/test/tests.cmake:139 (add_dependencies):
  Policy CMP0046 is not set: Error on non-existent dependency in
  add_dependencies.  Run "cmake --help-policy CMP0046" for policy details.
  Use the cmake_policy command to set the policy and suppress this warning.

  The dependency target "abb_driver_robot_state" of target
  "run_tests_abb_irb120_support_roslaunch-check_tests_roslaunch_test.xml"
  does not exist.
[36mCall Stack (most recent call first):[0m
  /opt/ros/kinetic/share/roslaunch/cmake/roslaunch-extras.cmake:58 (catkin_run_tests_target)
  CMakeLists.txt:10 (roslaunch_add_file_check)
This warning is for project developers.  Use -Wno-dev to suppress it.

CMake Warning (dev) at /opt/ros/kinetic/share/catkin/cmake/test/tests.cmake:139 (add_dependencies):
  Policy CMP0046 is not set: Error on non-existent dependency in
  add_dependencies.  Run "cmake --help-policy CMP0046" for policy details.
  Use the cmake_policy command to set the policy and suppress this warning.

  The dependency target "joint_trajectory_action" of target
  "run_tests_abb_irb120_support_roslaunch-check_tests_roslaunch_test.xml"
  does not exist.
[36mCall Stack (most recent call first):[0m
  /opt/ros/kinetic/share/roslaunch/cmake/roslaunch-extras.cmake:58 (catkin_run_tests_target)
  CMakeLists.txt:10 (roslaunch_add_file_check)
This warning is for project developers.  Use -Wno-dev to suppress it.

[36m--[0m Generating done
[36m--[0m Build files have been written to: /home/jrv/Research/RoboticArcitecture/abb_experimental_ws/build/abb_irb120_support
