Determining if the pthread_create exist failed with the following output:
Change Dir: /home/jrv/Research/RoboticArchitecture/abb_experimental_ws/build/abb_irb5400_support/CMakeFiles/CMakeTmp

Run Build Command:"/usr/bin/make" "cmTC_b556c/fast"
/usr/bin/make -f CMakeFiles/cmTC_b556c.dir/build.make CMakeFiles/cmTC_b556c.dir/build
make[1]: Entering directory '/home/jrv/Research/RoboticArchitecture/abb_experimental_ws/build/abb_irb5400_support/CMakeFiles/CMakeTmp'
Building C object CMakeFiles/cmTC_b556c.dir/CheckSymbolExists.c.o
/usr/bin/cc    -o CMakeFiles/cmTC_b556c.dir/CheckSymbolExists.c.o   -c /home/jrv/Research/RoboticArchitecture/abb_experimental_ws/build/abb_irb5400_support/CMakeFiles/CMakeTmp/CheckSymbolExists.c
Linking C executable cmTC_b556c
/usr/local/bin/cmake -E cmake_link_script CMakeFiles/cmTC_b556c.dir/link.txt --verbose=1
/usr/bin/cc      -rdynamic CMakeFiles/cmTC_b556c.dir/CheckSymbolExists.c.o  -o cmTC_b556c 
CMakeFiles/cmTC_b556c.dir/CheckSymbolExists.c.o: In function `main':
CheckSymbolExists.c:(.text+0x16): undefined reference to `pthread_create'
collect2: error: ld returned 1 exit status
CMakeFiles/cmTC_b556c.dir/build.make:97: recipe for target 'cmTC_b556c' failed
make[1]: *** [cmTC_b556c] Error 1
make[1]: Leaving directory '/home/jrv/Research/RoboticArchitecture/abb_experimental_ws/build/abb_irb5400_support/CMakeFiles/CMakeTmp'
Makefile:126: recipe for target 'cmTC_b556c/fast' failed
make: *** [cmTC_b556c/fast] Error 2

File /home/jrv/Research/RoboticArchitecture/abb_experimental_ws/build/abb_irb5400_support/CMakeFiles/CMakeTmp/CheckSymbolExists.c:
/* */
#include <pthread.h>

int main(int argc, char** argv)
{
  (void)argv;
#ifndef pthread_create
  return ((int*)(&pthread_create))[argc];
#else
  (void)argc;
  return 0;
#endif
}

Determining if the function pthread_create exists in the pthreads failed with the following output:
Change Dir: /home/jrv/Research/RoboticArchitecture/abb_experimental_ws/build/abb_irb5400_support/CMakeFiles/CMakeTmp

Run Build Command:"/usr/bin/make" "cmTC_203bd/fast"
/usr/bin/make -f CMakeFiles/cmTC_203bd.dir/build.make CMakeFiles/cmTC_203bd.dir/build
make[1]: Entering directory '/home/jrv/Research/RoboticArchitecture/abb_experimental_ws/build/abb_irb5400_support/CMakeFiles/CMakeTmp'
Building C object CMakeFiles/cmTC_203bd.dir/CheckFunctionExists.c.o
/usr/bin/cc   -DCHECK_FUNCTION_EXISTS=pthread_create   -o CMakeFiles/cmTC_203bd.dir/CheckFunctionExists.c.o   -c /usr/local/share/cmake-3.9/Modules/CheckFunctionExists.c
Linking C executable cmTC_203bd
/usr/local/bin/cmake -E cmake_link_script CMakeFiles/cmTC_203bd.dir/link.txt --verbose=1
/usr/bin/cc  -DCHECK_FUNCTION_EXISTS=pthread_create    -rdynamic CMakeFiles/cmTC_203bd.dir/CheckFunctionExists.c.o  -o cmTC_203bd -lpthreads 
/usr/bin/ld: cannot find -lpthreads
collect2: error: ld returned 1 exit status
CMakeFiles/cmTC_203bd.dir/build.make:97: recipe for target 'cmTC_203bd' failed
make[1]: *** [cmTC_203bd] Error 1
make[1]: Leaving directory '/home/jrv/Research/RoboticArchitecture/abb_experimental_ws/build/abb_irb5400_support/CMakeFiles/CMakeTmp'
Makefile:126: recipe for target 'cmTC_203bd/fast' failed
make: *** [cmTC_203bd/fast] Error 2


