Symlinking /home/jrv/Research/RoboticArcitecture/abb_experimental_ws/devel/lib/libsimple_message.so
Symlinking /home/jrv/Research/RoboticArcitecture/abb_experimental_ws/devel/lib/libsimple_message_float64.so
Symlinking /home/jrv/Research/RoboticArcitecture/abb_experimental_ws/devel/lib/libsimple_message_bswap.so
Symlinking /home/jrv/Research/RoboticArcitecture/abb_experimental_ws/devel/lib/libsimple_message_dummy.so
Symlinking /home/jrv/Research/RoboticArcitecture/abb_experimental_ws/devel/lib/pkgconfig/simple_message.pc
Symlinking /home/jrv/Research/RoboticArcitecture/abb_experimental_ws/devel/share/simple_message/cmake/simple_messageConfig-version.cmake
Symlinking /home/jrv/Research/RoboticArcitecture/abb_experimental_ws/devel/share/simple_message/cmake/simple_messageConfig.cmake
Cleaning: (/home/jrv/Research/RoboticArchitecture/abb_experimental_ws/devel/.private/simple_message/lib/libsimple_message.so, /home/jrv/Research/RoboticArchitecture/abb_experimental_ws/devel/lib/libsimple_message.so)
Cleaning: (/home/jrv/Research/RoboticArchitecture/abb_experimental_ws/devel/.private/simple_message/lib/libsimple_message_float64.so, /home/jrv/Research/RoboticArchitecture/abb_experimental_ws/devel/lib/libsimple_message_float64.so)
Cleaning: (/home/jrv/Research/RoboticArchitecture/abb_experimental_ws/devel/.private/simple_message/lib/libsimple_message_bswap.so, /home/jrv/Research/RoboticArchitecture/abb_experimental_ws/devel/lib/libsimple_message_bswap.so)
Cleaning: (/home/jrv/Research/RoboticArchitecture/abb_experimental_ws/devel/.private/simple_message/lib/libsimple_message_dummy.so, /home/jrv/Research/RoboticArchitecture/abb_experimental_ws/devel/lib/libsimple_message_dummy.so)
Cleaning: (/home/jrv/Research/RoboticArchitecture/abb_experimental_ws/devel/.private/simple_message/lib/pkgconfig/simple_message.pc, /home/jrv/Research/RoboticArchitecture/abb_experimental_ws/devel/lib/pkgconfig/simple_message.pc)
Cleaning: (/home/jrv/Research/RoboticArchitecture/abb_experimental_ws/devel/.private/simple_message/share/simple_message/cmake/simple_messageConfig-version.cmake, /home/jrv/Research/RoboticArchitecture/abb_experimental_ws/devel/share/simple_message/cmake/simple_messageConfig-version.cmake)
Cleaning: (/home/jrv/Research/RoboticArchitecture/abb_experimental_ws/devel/.private/simple_message/share/simple_message/cmake/simple_messageConfig.cmake, /home/jrv/Research/RoboticArchitecture/abb_experimental_ws/devel/share/simple_message/cmake/simple_messageConfig.cmake)
Unlinking: /home/jrv/Research/RoboticArchitecture/abb_experimental_ws/devel/lib/libsimple_message.so
Already unlinked: {}
Unlinking: /home/jrv/Research/RoboticArchitecture/abb_experimental_ws/devel/lib/libsimple_message_float64.so
Already unlinked: {}
Unlinking: /home/jrv/Research/RoboticArchitecture/abb_experimental_ws/devel/lib/libsimple_message_bswap.so
Already unlinked: {}
Unlinking: /home/jrv/Research/RoboticArchitecture/abb_experimental_ws/devel/lib/libsimple_message_dummy.so
Already unlinked: {}
Unlinking: /home/jrv/Research/RoboticArchitecture/abb_experimental_ws/devel/lib/pkgconfig/simple_message.pc
Already unlinked: {}
Unlinking: /home/jrv/Research/RoboticArchitecture/abb_experimental_ws/devel/share/simple_message/cmake/simple_messageConfig-version.cmake
Already unlinked: {}
Unlinking: /home/jrv/Research/RoboticArchitecture/abb_experimental_ws/devel/share/simple_message/cmake/simple_messageConfig.cmake
Already unlinked: {}
