Determining if the pthread_create exist failed with the following output:
Change Dir: /home/jrv/Research/RoboticArchitecture/abb_experimental_ws/build/abb_irb6640_support/CMakeFiles/CMakeTmp

Run Build Command:"/usr/bin/make" "cmTC_34ae0/fast"
/usr/bin/make -f CMakeFiles/cmTC_34ae0.dir/build.make CMakeFiles/cmTC_34ae0.dir/build
make[1]: Entering directory '/home/jrv/Research/RoboticArchitecture/abb_experimental_ws/build/abb_irb6640_support/CMakeFiles/CMakeTmp'
Building C object CMakeFiles/cmTC_34ae0.dir/CheckSymbolExists.c.o
/usr/bin/cc    -o CMakeFiles/cmTC_34ae0.dir/CheckSymbolExists.c.o   -c /home/jrv/Research/RoboticArchitecture/abb_experimental_ws/build/abb_irb6640_support/CMakeFiles/CMakeTmp/CheckSymbolExists.c
Linking C executable cmTC_34ae0
/usr/local/bin/cmake -E cmake_link_script CMakeFiles/cmTC_34ae0.dir/link.txt --verbose=1
/usr/bin/cc      -rdynamic CMakeFiles/cmTC_34ae0.dir/CheckSymbolExists.c.o  -o cmTC_34ae0 
CMakeFiles/cmTC_34ae0.dir/CheckSymbolExists.c.o: In function `main':
CheckSymbolExists.c:(.text+0x16): undefined reference to `pthread_create'
collect2: error: ld returned 1 exit status
CMakeFiles/cmTC_34ae0.dir/build.make:97: recipe for target 'cmTC_34ae0' failed
make[1]: *** [cmTC_34ae0] Error 1
make[1]: Leaving directory '/home/jrv/Research/RoboticArchitecture/abb_experimental_ws/build/abb_irb6640_support/CMakeFiles/CMakeTmp'
Makefile:126: recipe for target 'cmTC_34ae0/fast' failed
make: *** [cmTC_34ae0/fast] Error 2

File /home/jrv/Research/RoboticArchitecture/abb_experimental_ws/build/abb_irb6640_support/CMakeFiles/CMakeTmp/CheckSymbolExists.c:
/* */
#include <pthread.h>

int main(int argc, char** argv)
{
  (void)argv;
#ifndef pthread_create
  return ((int*)(&pthread_create))[argc];
#else
  (void)argc;
  return 0;
#endif
}

Determining if the function pthread_create exists in the pthreads failed with the following output:
Change Dir: /home/jrv/Research/RoboticArchitecture/abb_experimental_ws/build/abb_irb6640_support/CMakeFiles/CMakeTmp

Run Build Command:"/usr/bin/make" "cmTC_c3cda/fast"
/usr/bin/make -f CMakeFiles/cmTC_c3cda.dir/build.make CMakeFiles/cmTC_c3cda.dir/build
make[1]: Entering directory '/home/jrv/Research/RoboticArchitecture/abb_experimental_ws/build/abb_irb6640_support/CMakeFiles/CMakeTmp'
Building C object CMakeFiles/cmTC_c3cda.dir/CheckFunctionExists.c.o
/usr/bin/cc   -DCHECK_FUNCTION_EXISTS=pthread_create   -o CMakeFiles/cmTC_c3cda.dir/CheckFunctionExists.c.o   -c /usr/local/share/cmake-3.9/Modules/CheckFunctionExists.c
Linking C executable cmTC_c3cda
/usr/local/bin/cmake -E cmake_link_script CMakeFiles/cmTC_c3cda.dir/link.txt --verbose=1
/usr/bin/cc  -DCHECK_FUNCTION_EXISTS=pthread_create    -rdynamic CMakeFiles/cmTC_c3cda.dir/CheckFunctionExists.c.o  -o cmTC_c3cda -lpthreads 
/usr/bin/ld: cannot find -lpthreads
collect2: error: ld returned 1 exit status
CMakeFiles/cmTC_c3cda.dir/build.make:97: recipe for target 'cmTC_c3cda' failed
make[1]: *** [cmTC_c3cda] Error 1
make[1]: Leaving directory '/home/jrv/Research/RoboticArchitecture/abb_experimental_ws/build/abb_irb6640_support/CMakeFiles/CMakeTmp'
Makefile:126: recipe for target 'cmTC_c3cda/fast' failed
make: *** [cmTC_c3cda/fast] Error 2


