Symlinking /home/jrv/Research/RoboticArcitecture/abb_experimental_ws/devel/lib/pkgconfig/abb_driver.pc
Symlinking /home/jrv/Research/RoboticArcitecture/abb_experimental_ws/devel/lib/abb_driver/robot_state
Symlinking /home/jrv/Research/RoboticArcitecture/abb_experimental_ws/devel/lib/abb_driver/motion_download_interface
Symlinking /home/jrv/Research/RoboticArcitecture/abb_experimental_ws/devel/share/abb_driver/cmake/abb_driverConfig-version.cmake
Symlinking /home/jrv/Research/RoboticArcitecture/abb_experimental_ws/devel/share/abb_driver/cmake/abb_driverConfig.cmake
Cleaning: (/home/jrv/Research/RoboticArchitecture/abb_experimental_ws/devel/.private/abb_driver/lib/pkgconfig/abb_driver.pc, /home/jrv/Research/RoboticArchitecture/abb_experimental_ws/devel/lib/pkgconfig/abb_driver.pc)
Cleaning: (/home/jrv/Research/RoboticArchitecture/abb_experimental_ws/devel/.private/abb_driver/lib/abb_driver/robot_state, /home/jrv/Research/RoboticArchitecture/abb_experimental_ws/devel/lib/abb_driver/robot_state)
Cleaning: (/home/jrv/Research/RoboticArchitecture/abb_experimental_ws/devel/.private/abb_driver/lib/abb_driver/motion_download_interface, /home/jrv/Research/RoboticArchitecture/abb_experimental_ws/devel/lib/abb_driver/motion_download_interface)
Cleaning: (/home/jrv/Research/RoboticArchitecture/abb_experimental_ws/devel/.private/abb_driver/share/abb_driver/cmake/abb_driverConfig-version.cmake, /home/jrv/Research/RoboticArchitecture/abb_experimental_ws/devel/share/abb_driver/cmake/abb_driverConfig-version.cmake)
Cleaning: (/home/jrv/Research/RoboticArchitecture/abb_experimental_ws/devel/.private/abb_driver/share/abb_driver/cmake/abb_driverConfig.cmake, /home/jrv/Research/RoboticArchitecture/abb_experimental_ws/devel/share/abb_driver/cmake/abb_driverConfig.cmake)
Unlinking: /home/jrv/Research/RoboticArchitecture/abb_experimental_ws/devel/lib/pkgconfig/abb_driver.pc
Already unlinked: {}
Unlinking: /home/jrv/Research/RoboticArchitecture/abb_experimental_ws/devel/lib/abb_driver/robot_state
Already unlinked: {}
Unlinking: /home/jrv/Research/RoboticArchitecture/abb_experimental_ws/devel/lib/abb_driver/motion_download_interface
Already unlinked: {}
Unlinking: /home/jrv/Research/RoboticArchitecture/abb_experimental_ws/devel/share/abb_driver/cmake/abb_driverConfig-version.cmake
Already unlinked: {}
Unlinking: /home/jrv/Research/RoboticArchitecture/abb_experimental_ws/devel/share/abb_driver/cmake/abb_driverConfig.cmake
Already unlinked: {}
