Determining if the pthread_create exist failed with the following output:
Change Dir: /home/jrv/Research/RoboticArcitecture/abb_experimental_ws/build/abb_irb6640_moveit_config/CMakeFiles/CMakeTmp

Run Build Command:"/usr/bin/make" "cmTC_0614a/fast"
/usr/bin/make -f CMakeFiles/cmTC_0614a.dir/build.make CMakeFiles/cmTC_0614a.dir/build
make[1]: Entering directory '/home/jrv/Research/RoboticArcitecture/abb_experimental_ws/build/abb_irb6640_moveit_config/CMakeFiles/CMakeTmp'
Building C object CMakeFiles/cmTC_0614a.dir/CheckSymbolExists.c.o
/usr/bin/cc    -o CMakeFiles/cmTC_0614a.dir/CheckSymbolExists.c.o   -c /home/jrv/Research/RoboticArcitecture/abb_experimental_ws/build/abb_irb6640_moveit_config/CMakeFiles/CMakeTmp/CheckSymbolExists.c
Linking C executable cmTC_0614a
/usr/local/bin/cmake -E cmake_link_script CMakeFiles/cmTC_0614a.dir/link.txt --verbose=1
/usr/bin/cc      -rdynamic CMakeFiles/cmTC_0614a.dir/CheckSymbolExists.c.o  -o cmTC_0614a 
CMakeFiles/cmTC_0614a.dir/CheckSymbolExists.c.o: In function `main':
CheckSymbolExists.c:(.text+0x16): undefined reference to `pthread_create'
collect2: error: ld returned 1 exit status
CMakeFiles/cmTC_0614a.dir/build.make:97: recipe for target 'cmTC_0614a' failed
make[1]: *** [cmTC_0614a] Error 1
make[1]: Leaving directory '/home/jrv/Research/RoboticArcitecture/abb_experimental_ws/build/abb_irb6640_moveit_config/CMakeFiles/CMakeTmp'
Makefile:126: recipe for target 'cmTC_0614a/fast' failed
make: *** [cmTC_0614a/fast] Error 2

File /home/jrv/Research/RoboticArcitecture/abb_experimental_ws/build/abb_irb6640_moveit_config/CMakeFiles/CMakeTmp/CheckSymbolExists.c:
/* */
#include <pthread.h>

int main(int argc, char** argv)
{
  (void)argv;
#ifndef pthread_create
  return ((int*)(&pthread_create))[argc];
#else
  (void)argc;
  return 0;
#endif
}

Determining if the function pthread_create exists in the pthreads failed with the following output:
Change Dir: /home/jrv/Research/RoboticArcitecture/abb_experimental_ws/build/abb_irb6640_moveit_config/CMakeFiles/CMakeTmp

Run Build Command:"/usr/bin/make" "cmTC_29639/fast"
/usr/bin/make -f CMakeFiles/cmTC_29639.dir/build.make CMakeFiles/cmTC_29639.dir/build
make[1]: Entering directory '/home/jrv/Research/RoboticArcitecture/abb_experimental_ws/build/abb_irb6640_moveit_config/CMakeFiles/CMakeTmp'
Building C object CMakeFiles/cmTC_29639.dir/CheckFunctionExists.c.o
/usr/bin/cc   -DCHECK_FUNCTION_EXISTS=pthread_create   -o CMakeFiles/cmTC_29639.dir/CheckFunctionExists.c.o   -c /usr/local/share/cmake-3.9/Modules/CheckFunctionExists.c
Linking C executable cmTC_29639
/usr/local/bin/cmake -E cmake_link_script CMakeFiles/cmTC_29639.dir/link.txt --verbose=1
/usr/bin/cc  -DCHECK_FUNCTION_EXISTS=pthread_create    -rdynamic CMakeFiles/cmTC_29639.dir/CheckFunctionExists.c.o  -o cmTC_29639 -lpthreads 
/usr/bin/ld: cannot find -lpthreads
collect2: error: ld returned 1 exit status
CMakeFiles/cmTC_29639.dir/build.make:97: recipe for target 'cmTC_29639' failed
make[1]: *** [cmTC_29639] Error 1
make[1]: Leaving directory '/home/jrv/Research/RoboticArcitecture/abb_experimental_ws/build/abb_irb6640_moveit_config/CMakeFiles/CMakeTmp'
Makefile:126: recipe for target 'cmTC_29639/fast' failed
make: *** [cmTC_29639/fast] Error 2


