Symlinking /home/jrv/Research/RoboticArcitecture/abb_experimental_ws/devel/lib/pkgconfig/industrial_msgs.pc
Symlinking /home/jrv/Research/RoboticArcitecture/abb_experimental_ws/devel/lib/python2.7/dist-packages/industrial_msgs/__init__.py
Symlinking /home/jrv/Research/RoboticArcitecture/abb_experimental_ws/devel/lib/python2.7/dist-packages/industrial_msgs/srv/_SetDrivePower.py
Symlinking /home/jrv/Research/RoboticArcitecture/abb_experimental_ws/devel/lib/python2.7/dist-packages/industrial_msgs/srv/_SetRemoteLoggerLevel.py
Symlinking /home/jrv/Research/RoboticArcitecture/abb_experimental_ws/devel/lib/python2.7/dist-packages/industrial_msgs/srv/__init__.py
Symlinking /home/jrv/Research/RoboticArcitecture/abb_experimental_ws/devel/lib/python2.7/dist-packages/industrial_msgs/srv/_StartMotion.py
Symlinking /home/jrv/Research/RoboticArcitecture/abb_experimental_ws/devel/lib/python2.7/dist-packages/industrial_msgs/srv/_CmdJointTrajectory.py
Symlinking /home/jrv/Research/RoboticArcitecture/abb_experimental_ws/devel/lib/python2.7/dist-packages/industrial_msgs/srv/_GetRobotInfo.py
Symlinking /home/jrv/Research/RoboticArcitecture/abb_experimental_ws/devel/lib/python2.7/dist-packages/industrial_msgs/srv/_StopMotion.py
Symlinking /home/jrv/Research/RoboticArcitecture/abb_experimental_ws/devel/lib/python2.7/dist-packages/industrial_msgs/msg/_DeviceInfo.py
Symlinking /home/jrv/Research/RoboticArcitecture/abb_experimental_ws/devel/lib/python2.7/dist-packages/industrial_msgs/msg/_RobotStatus.py
Symlinking /home/jrv/Research/RoboticArcitecture/abb_experimental_ws/devel/lib/python2.7/dist-packages/industrial_msgs/msg/_TriState.py
Symlinking /home/jrv/Research/RoboticArcitecture/abb_experimental_ws/devel/lib/python2.7/dist-packages/industrial_msgs/msg/_DebugLevel.py
Symlinking /home/jrv/Research/RoboticArcitecture/abb_experimental_ws/devel/lib/python2.7/dist-packages/industrial_msgs/msg/__init__.py
Symlinking /home/jrv/Research/RoboticArcitecture/abb_experimental_ws/devel/lib/python2.7/dist-packages/industrial_msgs/msg/_ServiceReturnCode.py
Symlinking /home/jrv/Research/RoboticArcitecture/abb_experimental_ws/devel/lib/python2.7/dist-packages/industrial_msgs/msg/_RobotMode.py
Symlinking /home/jrv/Research/RoboticArcitecture/abb_experimental_ws/devel/include/industrial_msgs/StartMotionRequest.h
Symlinking /home/jrv/Research/RoboticArcitecture/abb_experimental_ws/devel/include/industrial_msgs/StartMotion.h
Symlinking /home/jrv/Research/RoboticArcitecture/abb_experimental_ws/devel/include/industrial_msgs/RobotMode.h
Symlinking /home/jrv/Research/RoboticArcitecture/abb_experimental_ws/devel/include/industrial_msgs/GetRobotInfoResponse.h
Symlinking /home/jrv/Research/RoboticArcitecture/abb_experimental_ws/devel/include/industrial_msgs/SetRemoteLoggerLevelResponse.h
Symlinking /home/jrv/Research/RoboticArcitecture/abb_experimental_ws/devel/include/industrial_msgs/StopMotionResponse.h
Symlinking /home/jrv/Research/RoboticArcitecture/abb_experimental_ws/devel/include/industrial_msgs/StopMotion.h
Symlinking /home/jrv/Research/RoboticArcitecture/abb_experimental_ws/devel/include/industrial_msgs/SetDrivePowerRequest.h
Symlinking /home/jrv/Research/RoboticArcitecture/abb_experimental_ws/devel/include/industrial_msgs/SetDrivePower.h
Symlinking /home/jrv/Research/RoboticArcitecture/abb_experimental_ws/devel/include/industrial_msgs/DeviceInfo.h
Symlinking /home/jrv/Research/RoboticArcitecture/abb_experimental_ws/devel/include/industrial_msgs/StartMotionResponse.h
Symlinking /home/jrv/Research/RoboticArcitecture/abb_experimental_ws/devel/include/industrial_msgs/TriState.h
Symlinking /home/jrv/Research/RoboticArcitecture/abb_experimental_ws/devel/include/industrial_msgs/CmdJointTrajectoryRequest.h
Symlinking /home/jrv/Research/RoboticArcitecture/abb_experimental_ws/devel/include/industrial_msgs/RobotStatus.h
Symlinking /home/jrv/Research/RoboticArcitecture/abb_experimental_ws/devel/include/industrial_msgs/SetDrivePowerResponse.h
Symlinking /home/jrv/Research/RoboticArcitecture/abb_experimental_ws/devel/include/industrial_msgs/SetRemoteLoggerLevel.h
Symlinking /home/jrv/Research/RoboticArcitecture/abb_experimental_ws/devel/include/industrial_msgs/ServiceReturnCode.h
Symlinking /home/jrv/Research/RoboticArcitecture/abb_experimental_ws/devel/include/industrial_msgs/StopMotionRequest.h
Symlinking /home/jrv/Research/RoboticArcitecture/abb_experimental_ws/devel/include/industrial_msgs/GetRobotInfo.h
Symlinking /home/jrv/Research/RoboticArcitecture/abb_experimental_ws/devel/include/industrial_msgs/DebugLevel.h
Symlinking /home/jrv/Research/RoboticArcitecture/abb_experimental_ws/devel/include/industrial_msgs/SetRemoteLoggerLevelRequest.h
Symlinking /home/jrv/Research/RoboticArcitecture/abb_experimental_ws/devel/include/industrial_msgs/CmdJointTrajectory.h
Symlinking /home/jrv/Research/RoboticArcitecture/abb_experimental_ws/devel/include/industrial_msgs/GetRobotInfoRequest.h
Symlinking /home/jrv/Research/RoboticArcitecture/abb_experimental_ws/devel/include/industrial_msgs/CmdJointTrajectoryResponse.h
Symlinking /home/jrv/Research/RoboticArcitecture/abb_experimental_ws/devel/share/common-lisp/ros/industrial_msgs/srv/CmdJointTrajectory.lisp
Symlinking /home/jrv/Research/RoboticArcitecture/abb_experimental_ws/devel/share/common-lisp/ros/industrial_msgs/srv/_package_SetDrivePower.lisp
Symlinking /home/jrv/Research/RoboticArcitecture/abb_experimental_ws/devel/share/common-lisp/ros/industrial_msgs/srv/_package_StopMotion.lisp
Symlinking /home/jrv/Research/RoboticArcitecture/abb_experimental_ws/devel/share/common-lisp/ros/industrial_msgs/srv/industrial_msgs-srv.asd
Symlinking /home/jrv/Research/RoboticArcitecture/abb_experimental_ws/devel/share/common-lisp/ros/industrial_msgs/srv/StartMotion.lisp
Symlinking /home/jrv/Research/RoboticArcitecture/abb_experimental_ws/devel/share/common-lisp/ros/industrial_msgs/srv/SetDrivePower.lisp
Symlinking /home/jrv/Research/RoboticArcitecture/abb_experimental_ws/devel/share/common-lisp/ros/industrial_msgs/srv/SetRemoteLoggerLevel.lisp
Symlinking /home/jrv/Research/RoboticArcitecture/abb_experimental_ws/devel/share/common-lisp/ros/industrial_msgs/srv/_package_SetRemoteLoggerLevel.lisp
Symlinking /home/jrv/Research/RoboticArcitecture/abb_experimental_ws/devel/share/common-lisp/ros/industrial_msgs/srv/_package.lisp
Symlinking /home/jrv/Research/RoboticArcitecture/abb_experimental_ws/devel/share/common-lisp/ros/industrial_msgs/srv/_package_GetRobotInfo.lisp
Symlinking /home/jrv/Research/RoboticArcitecture/abb_experimental_ws/devel/share/common-lisp/ros/industrial_msgs/srv/GetRobotInfo.lisp
Symlinking /home/jrv/Research/RoboticArcitecture/abb_experimental_ws/devel/share/common-lisp/ros/industrial_msgs/srv/_package_CmdJointTrajectory.lisp
Symlinking /home/jrv/Research/RoboticArcitecture/abb_experimental_ws/devel/share/common-lisp/ros/industrial_msgs/srv/_package_StartMotion.lisp
Symlinking /home/jrv/Research/RoboticArcitecture/abb_experimental_ws/devel/share/common-lisp/ros/industrial_msgs/srv/StopMotion.lisp
Symlinking /home/jrv/Research/RoboticArcitecture/abb_experimental_ws/devel/share/common-lisp/ros/industrial_msgs/msg/DeviceInfo.lisp
Symlinking /home/jrv/Research/RoboticArcitecture/abb_experimental_ws/devel/share/common-lisp/ros/industrial_msgs/msg/DebugLevel.lisp
Symlinking /home/jrv/Research/RoboticArcitecture/abb_experimental_ws/devel/share/common-lisp/ros/industrial_msgs/msg/ServiceReturnCode.lisp
Symlinking /home/jrv/Research/RoboticArcitecture/abb_experimental_ws/devel/share/common-lisp/ros/industrial_msgs/msg/_package_RobotMode.lisp
Symlinking /home/jrv/Research/RoboticArcitecture/abb_experimental_ws/devel/share/common-lisp/ros/industrial_msgs/msg/_package_RobotStatus.lisp
Symlinking /home/jrv/Research/RoboticArcitecture/abb_experimental_ws/devel/share/common-lisp/ros/industrial_msgs/msg/_package_ServiceReturnCode.lisp
Symlinking /home/jrv/Research/RoboticArcitecture/abb_experimental_ws/devel/share/common-lisp/ros/industrial_msgs/msg/RobotMode.lisp
Symlinking /home/jrv/Research/RoboticArcitecture/abb_experimental_ws/devel/share/common-lisp/ros/industrial_msgs/msg/_package.lisp
Symlinking /home/jrv/Research/RoboticArcitecture/abb_experimental_ws/devel/share/common-lisp/ros/industrial_msgs/msg/_package_TriState.lisp
Symlinking /home/jrv/Research/RoboticArcitecture/abb_experimental_ws/devel/share/common-lisp/ros/industrial_msgs/msg/RobotStatus.lisp
Symlinking /home/jrv/Research/RoboticArcitecture/abb_experimental_ws/devel/share/common-lisp/ros/industrial_msgs/msg/industrial_msgs-msg.asd
Symlinking /home/jrv/Research/RoboticArcitecture/abb_experimental_ws/devel/share/common-lisp/ros/industrial_msgs/msg/_package_DeviceInfo.lisp
Symlinking /home/jrv/Research/RoboticArcitecture/abb_experimental_ws/devel/share/common-lisp/ros/industrial_msgs/msg/_package_DebugLevel.lisp
Symlinking /home/jrv/Research/RoboticArcitecture/abb_experimental_ws/devel/share/common-lisp/ros/industrial_msgs/msg/TriState.lisp
Symlinking /home/jrv/Research/RoboticArcitecture/abb_experimental_ws/devel/share/gennodejs/ros/industrial_msgs/_index.js
Symlinking /home/jrv/Research/RoboticArcitecture/abb_experimental_ws/devel/share/gennodejs/ros/industrial_msgs/srv/GetRobotInfo.js
Symlinking /home/jrv/Research/RoboticArcitecture/abb_experimental_ws/devel/share/gennodejs/ros/industrial_msgs/srv/_index.js
Symlinking /home/jrv/Research/RoboticArcitecture/abb_experimental_ws/devel/share/gennodejs/ros/industrial_msgs/srv/StopMotion.js
Symlinking /home/jrv/Research/RoboticArcitecture/abb_experimental_ws/devel/share/gennodejs/ros/industrial_msgs/srv/CmdJointTrajectory.js
Symlinking /home/jrv/Research/RoboticArcitecture/abb_experimental_ws/devel/share/gennodejs/ros/industrial_msgs/srv/StartMotion.js
Symlinking /home/jrv/Research/RoboticArcitecture/abb_experimental_ws/devel/share/gennodejs/ros/industrial_msgs/srv/SetDrivePower.js
Symlinking /home/jrv/Research/RoboticArcitecture/abb_experimental_ws/devel/share/gennodejs/ros/industrial_msgs/srv/SetRemoteLoggerLevel.js
Symlinking /home/jrv/Research/RoboticArcitecture/abb_experimental_ws/devel/share/gennodejs/ros/industrial_msgs/msg/RobotMode.js
Symlinking /home/jrv/Research/RoboticArcitecture/abb_experimental_ws/devel/share/gennodejs/ros/industrial_msgs/msg/RobotStatus.js
Symlinking /home/jrv/Research/RoboticArcitecture/abb_experimental_ws/devel/share/gennodejs/ros/industrial_msgs/msg/DeviceInfo.js
Symlinking /home/jrv/Research/RoboticArcitecture/abb_experimental_ws/devel/share/gennodejs/ros/industrial_msgs/msg/DebugLevel.js
Symlinking /home/jrv/Research/RoboticArcitecture/abb_experimental_ws/devel/share/gennodejs/ros/industrial_msgs/msg/_index.js
Symlinking /home/jrv/Research/RoboticArcitecture/abb_experimental_ws/devel/share/gennodejs/ros/industrial_msgs/msg/TriState.js
Symlinking /home/jrv/Research/RoboticArcitecture/abb_experimental_ws/devel/share/gennodejs/ros/industrial_msgs/msg/ServiceReturnCode.js
Symlinking /home/jrv/Research/RoboticArcitecture/abb_experimental_ws/devel/share/roseus/ros/industrial_msgs/manifest.l
Symlinking /home/jrv/Research/RoboticArcitecture/abb_experimental_ws/devel/share/roseus/ros/industrial_msgs/srv/StartMotion.l
Symlinking /home/jrv/Research/RoboticArcitecture/abb_experimental_ws/devel/share/roseus/ros/industrial_msgs/srv/StopMotion.l
Symlinking /home/jrv/Research/RoboticArcitecture/abb_experimental_ws/devel/share/roseus/ros/industrial_msgs/srv/SetRemoteLoggerLevel.l
Symlinking /home/jrv/Research/RoboticArcitecture/abb_experimental_ws/devel/share/roseus/ros/industrial_msgs/srv/SetDrivePower.l
Symlinking /home/jrv/Research/RoboticArcitecture/abb_experimental_ws/devel/share/roseus/ros/industrial_msgs/srv/CmdJointTrajectory.l
Symlinking /home/jrv/Research/RoboticArcitecture/abb_experimental_ws/devel/share/roseus/ros/industrial_msgs/srv/GetRobotInfo.l
Symlinking /home/jrv/Research/RoboticArcitecture/abb_experimental_ws/devel/share/roseus/ros/industrial_msgs/msg/TriState.l
Symlinking /home/jrv/Research/RoboticArcitecture/abb_experimental_ws/devel/share/roseus/ros/industrial_msgs/msg/RobotMode.l
Symlinking /home/jrv/Research/RoboticArcitecture/abb_experimental_ws/devel/share/roseus/ros/industrial_msgs/msg/DeviceInfo.l
Symlinking /home/jrv/Research/RoboticArcitecture/abb_experimental_ws/devel/share/roseus/ros/industrial_msgs/msg/DebugLevel.l
Symlinking /home/jrv/Research/RoboticArcitecture/abb_experimental_ws/devel/share/roseus/ros/industrial_msgs/msg/ServiceReturnCode.l
Symlinking /home/jrv/Research/RoboticArcitecture/abb_experimental_ws/devel/share/roseus/ros/industrial_msgs/msg/RobotStatus.l
Symlinking /home/jrv/Research/RoboticArcitecture/abb_experimental_ws/devel/share/industrial_msgs/cmake/industrial_msgs-msg-extras.cmake
Symlinking /home/jrv/Research/RoboticArcitecture/abb_experimental_ws/devel/share/industrial_msgs/cmake/industrial_msgsConfig-version.cmake
Symlinking /home/jrv/Research/RoboticArcitecture/abb_experimental_ws/devel/share/industrial_msgs/cmake/industrial_msgsConfig.cmake
Symlinking /home/jrv/Research/RoboticArcitecture/abb_experimental_ws/devel/share/industrial_msgs/cmake/industrial_msgs-msg-paths.cmake
Cleaning: (/home/jrv/Research/RoboticArchitecture/abb_experimental_ws/devel/.private/industrial_msgs/lib/pkgconfig/industrial_msgs.pc, /home/jrv/Research/RoboticArchitecture/abb_experimental_ws/devel/lib/pkgconfig/industrial_msgs.pc)
Cleaning: (/home/jrv/Research/RoboticArchitecture/abb_experimental_ws/devel/.private/industrial_msgs/lib/python2.7/dist-packages/industrial_msgs/__init__.py, /home/jrv/Research/RoboticArchitecture/abb_experimental_ws/devel/lib/python2.7/dist-packages/industrial_msgs/__init__.py)
Cleaning: (/home/jrv/Research/RoboticArchitecture/abb_experimental_ws/devel/.private/industrial_msgs/lib/python2.7/dist-packages/industrial_msgs/srv/_SetDrivePower.py, /home/jrv/Research/RoboticArchitecture/abb_experimental_ws/devel/lib/python2.7/dist-packages/industrial_msgs/srv/_SetDrivePower.py)
Cleaning: (/home/jrv/Research/RoboticArchitecture/abb_experimental_ws/devel/.private/industrial_msgs/lib/python2.7/dist-packages/industrial_msgs/srv/_SetRemoteLoggerLevel.py, /home/jrv/Research/RoboticArchitecture/abb_experimental_ws/devel/lib/python2.7/dist-packages/industrial_msgs/srv/_SetRemoteLoggerLevel.py)
Cleaning: (/home/jrv/Research/RoboticArchitecture/abb_experimental_ws/devel/.private/industrial_msgs/lib/python2.7/dist-packages/industrial_msgs/srv/__init__.py, /home/jrv/Research/RoboticArchitecture/abb_experimental_ws/devel/lib/python2.7/dist-packages/industrial_msgs/srv/__init__.py)
Cleaning: (/home/jrv/Research/RoboticArchitecture/abb_experimental_ws/devel/.private/industrial_msgs/lib/python2.7/dist-packages/industrial_msgs/srv/_StartMotion.py, /home/jrv/Research/RoboticArchitecture/abb_experimental_ws/devel/lib/python2.7/dist-packages/industrial_msgs/srv/_StartMotion.py)
Cleaning: (/home/jrv/Research/RoboticArchitecture/abb_experimental_ws/devel/.private/industrial_msgs/lib/python2.7/dist-packages/industrial_msgs/srv/_CmdJointTrajectory.py, /home/jrv/Research/RoboticArchitecture/abb_experimental_ws/devel/lib/python2.7/dist-packages/industrial_msgs/srv/_CmdJointTrajectory.py)
Cleaning: (/home/jrv/Research/RoboticArchitecture/abb_experimental_ws/devel/.private/industrial_msgs/lib/python2.7/dist-packages/industrial_msgs/srv/_GetRobotInfo.py, /home/jrv/Research/RoboticArchitecture/abb_experimental_ws/devel/lib/python2.7/dist-packages/industrial_msgs/srv/_GetRobotInfo.py)
Cleaning: (/home/jrv/Research/RoboticArchitecture/abb_experimental_ws/devel/.private/industrial_msgs/lib/python2.7/dist-packages/industrial_msgs/srv/_StopMotion.py, /home/jrv/Research/RoboticArchitecture/abb_experimental_ws/devel/lib/python2.7/dist-packages/industrial_msgs/srv/_StopMotion.py)
Cleaning: (/home/jrv/Research/RoboticArchitecture/abb_experimental_ws/devel/.private/industrial_msgs/lib/python2.7/dist-packages/industrial_msgs/msg/_DeviceInfo.py, /home/jrv/Research/RoboticArchitecture/abb_experimental_ws/devel/lib/python2.7/dist-packages/industrial_msgs/msg/_DeviceInfo.py)
Cleaning: (/home/jrv/Research/RoboticArchitecture/abb_experimental_ws/devel/.private/industrial_msgs/lib/python2.7/dist-packages/industrial_msgs/msg/_RobotStatus.py, /home/jrv/Research/RoboticArchitecture/abb_experimental_ws/devel/lib/python2.7/dist-packages/industrial_msgs/msg/_RobotStatus.py)
Cleaning: (/home/jrv/Research/RoboticArchitecture/abb_experimental_ws/devel/.private/industrial_msgs/lib/python2.7/dist-packages/industrial_msgs/msg/_TriState.py, /home/jrv/Research/RoboticArchitecture/abb_experimental_ws/devel/lib/python2.7/dist-packages/industrial_msgs/msg/_TriState.py)
Cleaning: (/home/jrv/Research/RoboticArchitecture/abb_experimental_ws/devel/.private/industrial_msgs/lib/python2.7/dist-packages/industrial_msgs/msg/_DebugLevel.py, /home/jrv/Research/RoboticArchitecture/abb_experimental_ws/devel/lib/python2.7/dist-packages/industrial_msgs/msg/_DebugLevel.py)
Cleaning: (/home/jrv/Research/RoboticArchitecture/abb_experimental_ws/devel/.private/industrial_msgs/lib/python2.7/dist-packages/industrial_msgs/msg/__init__.py, /home/jrv/Research/RoboticArchitecture/abb_experimental_ws/devel/lib/python2.7/dist-packages/industrial_msgs/msg/__init__.py)
Cleaning: (/home/jrv/Research/RoboticArchitecture/abb_experimental_ws/devel/.private/industrial_msgs/lib/python2.7/dist-packages/industrial_msgs/msg/_ServiceReturnCode.py, /home/jrv/Research/RoboticArchitecture/abb_experimental_ws/devel/lib/python2.7/dist-packages/industrial_msgs/msg/_ServiceReturnCode.py)
Cleaning: (/home/jrv/Research/RoboticArchitecture/abb_experimental_ws/devel/.private/industrial_msgs/lib/python2.7/dist-packages/industrial_msgs/msg/_RobotMode.py, /home/jrv/Research/RoboticArchitecture/abb_experimental_ws/devel/lib/python2.7/dist-packages/industrial_msgs/msg/_RobotMode.py)
Cleaning: (/home/jrv/Research/RoboticArchitecture/abb_experimental_ws/devel/.private/industrial_msgs/include/industrial_msgs/StartMotionRequest.h, /home/jrv/Research/RoboticArchitecture/abb_experimental_ws/devel/include/industrial_msgs/StartMotionRequest.h)
Cleaning: (/home/jrv/Research/RoboticArchitecture/abb_experimental_ws/devel/.private/industrial_msgs/include/industrial_msgs/StartMotion.h, /home/jrv/Research/RoboticArchitecture/abb_experimental_ws/devel/include/industrial_msgs/StartMotion.h)
Cleaning: (/home/jrv/Research/RoboticArchitecture/abb_experimental_ws/devel/.private/industrial_msgs/include/industrial_msgs/RobotMode.h, /home/jrv/Research/RoboticArchitecture/abb_experimental_ws/devel/include/industrial_msgs/RobotMode.h)
Cleaning: (/home/jrv/Research/RoboticArchitecture/abb_experimental_ws/devel/.private/industrial_msgs/include/industrial_msgs/GetRobotInfoResponse.h, /home/jrv/Research/RoboticArchitecture/abb_experimental_ws/devel/include/industrial_msgs/GetRobotInfoResponse.h)
Cleaning: (/home/jrv/Research/RoboticArchitecture/abb_experimental_ws/devel/.private/industrial_msgs/include/industrial_msgs/SetRemoteLoggerLevelResponse.h, /home/jrv/Research/RoboticArchitecture/abb_experimental_ws/devel/include/industrial_msgs/SetRemoteLoggerLevelResponse.h)
Cleaning: (/home/jrv/Research/RoboticArchitecture/abb_experimental_ws/devel/.private/industrial_msgs/include/industrial_msgs/StopMotionResponse.h, /home/jrv/Research/RoboticArchitecture/abb_experimental_ws/devel/include/industrial_msgs/StopMotionResponse.h)
Cleaning: (/home/jrv/Research/RoboticArchitecture/abb_experimental_ws/devel/.private/industrial_msgs/include/industrial_msgs/StopMotion.h, /home/jrv/Research/RoboticArchitecture/abb_experimental_ws/devel/include/industrial_msgs/StopMotion.h)
Cleaning: (/home/jrv/Research/RoboticArchitecture/abb_experimental_ws/devel/.private/industrial_msgs/include/industrial_msgs/SetDrivePowerRequest.h, /home/jrv/Research/RoboticArchitecture/abb_experimental_ws/devel/include/industrial_msgs/SetDrivePowerRequest.h)
Cleaning: (/home/jrv/Research/RoboticArchitecture/abb_experimental_ws/devel/.private/industrial_msgs/include/industrial_msgs/SetDrivePower.h, /home/jrv/Research/RoboticArchitecture/abb_experimental_ws/devel/include/industrial_msgs/SetDrivePower.h)
Cleaning: (/home/jrv/Research/RoboticArchitecture/abb_experimental_ws/devel/.private/industrial_msgs/include/industrial_msgs/DeviceInfo.h, /home/jrv/Research/RoboticArchitecture/abb_experimental_ws/devel/include/industrial_msgs/DeviceInfo.h)
Cleaning: (/home/jrv/Research/RoboticArchitecture/abb_experimental_ws/devel/.private/industrial_msgs/include/industrial_msgs/StartMotionResponse.h, /home/jrv/Research/RoboticArchitecture/abb_experimental_ws/devel/include/industrial_msgs/StartMotionResponse.h)
Cleaning: (/home/jrv/Research/RoboticArchitecture/abb_experimental_ws/devel/.private/industrial_msgs/include/industrial_msgs/TriState.h, /home/jrv/Research/RoboticArchitecture/abb_experimental_ws/devel/include/industrial_msgs/TriState.h)
Cleaning: (/home/jrv/Research/RoboticArchitecture/abb_experimental_ws/devel/.private/industrial_msgs/include/industrial_msgs/CmdJointTrajectoryRequest.h, /home/jrv/Research/RoboticArchitecture/abb_experimental_ws/devel/include/industrial_msgs/CmdJointTrajectoryRequest.h)
Cleaning: (/home/jrv/Research/RoboticArchitecture/abb_experimental_ws/devel/.private/industrial_msgs/include/industrial_msgs/RobotStatus.h, /home/jrv/Research/RoboticArchitecture/abb_experimental_ws/devel/include/industrial_msgs/RobotStatus.h)
Cleaning: (/home/jrv/Research/RoboticArchitecture/abb_experimental_ws/devel/.private/industrial_msgs/include/industrial_msgs/SetDrivePowerResponse.h, /home/jrv/Research/RoboticArchitecture/abb_experimental_ws/devel/include/industrial_msgs/SetDrivePowerResponse.h)
Cleaning: (/home/jrv/Research/RoboticArchitecture/abb_experimental_ws/devel/.private/industrial_msgs/include/industrial_msgs/SetRemoteLoggerLevel.h, /home/jrv/Research/RoboticArchitecture/abb_experimental_ws/devel/include/industrial_msgs/SetRemoteLoggerLevel.h)
Cleaning: (/home/jrv/Research/RoboticArchitecture/abb_experimental_ws/devel/.private/industrial_msgs/include/industrial_msgs/ServiceReturnCode.h, /home/jrv/Research/RoboticArchitecture/abb_experimental_ws/devel/include/industrial_msgs/ServiceReturnCode.h)
Cleaning: (/home/jrv/Research/RoboticArchitecture/abb_experimental_ws/devel/.private/industrial_msgs/include/industrial_msgs/StopMotionRequest.h, /home/jrv/Research/RoboticArchitecture/abb_experimental_ws/devel/include/industrial_msgs/StopMotionRequest.h)
Cleaning: (/home/jrv/Research/RoboticArchitecture/abb_experimental_ws/devel/.private/industrial_msgs/include/industrial_msgs/GetRobotInfo.h, /home/jrv/Research/RoboticArchitecture/abb_experimental_ws/devel/include/industrial_msgs/GetRobotInfo.h)
Cleaning: (/home/jrv/Research/RoboticArchitecture/abb_experimental_ws/devel/.private/industrial_msgs/include/industrial_msgs/DebugLevel.h, /home/jrv/Research/RoboticArchitecture/abb_experimental_ws/devel/include/industrial_msgs/DebugLevel.h)
Cleaning: (/home/jrv/Research/RoboticArchitecture/abb_experimental_ws/devel/.private/industrial_msgs/include/industrial_msgs/SetRemoteLoggerLevelRequest.h, /home/jrv/Research/RoboticArchitecture/abb_experimental_ws/devel/include/industrial_msgs/SetRemoteLoggerLevelRequest.h)
Cleaning: (/home/jrv/Research/RoboticArchitecture/abb_experimental_ws/devel/.private/industrial_msgs/include/industrial_msgs/CmdJointTrajectory.h, /home/jrv/Research/RoboticArchitecture/abb_experimental_ws/devel/include/industrial_msgs/CmdJointTrajectory.h)
Cleaning: (/home/jrv/Research/RoboticArchitecture/abb_experimental_ws/devel/.private/industrial_msgs/include/industrial_msgs/GetRobotInfoRequest.h, /home/jrv/Research/RoboticArchitecture/abb_experimental_ws/devel/include/industrial_msgs/GetRobotInfoRequest.h)
Cleaning: (/home/jrv/Research/RoboticArchitecture/abb_experimental_ws/devel/.private/industrial_msgs/include/industrial_msgs/CmdJointTrajectoryResponse.h, /home/jrv/Research/RoboticArchitecture/abb_experimental_ws/devel/include/industrial_msgs/CmdJointTrajectoryResponse.h)
Cleaning: (/home/jrv/Research/RoboticArchitecture/abb_experimental_ws/devel/.private/industrial_msgs/share/common-lisp/ros/industrial_msgs/srv/CmdJointTrajectory.lisp, /home/jrv/Research/RoboticArchitecture/abb_experimental_ws/devel/share/common-lisp/ros/industrial_msgs/srv/CmdJointTrajectory.lisp)
Cleaning: (/home/jrv/Research/RoboticArchitecture/abb_experimental_ws/devel/.private/industrial_msgs/share/common-lisp/ros/industrial_msgs/srv/_package_SetDrivePower.lisp, /home/jrv/Research/RoboticArchitecture/abb_experimental_ws/devel/share/common-lisp/ros/industrial_msgs/srv/_package_SetDrivePower.lisp)
Cleaning: (/home/jrv/Research/RoboticArchitecture/abb_experimental_ws/devel/.private/industrial_msgs/share/common-lisp/ros/industrial_msgs/srv/_package_StopMotion.lisp, /home/jrv/Research/RoboticArchitecture/abb_experimental_ws/devel/share/common-lisp/ros/industrial_msgs/srv/_package_StopMotion.lisp)
Cleaning: (/home/jrv/Research/RoboticArchitecture/abb_experimental_ws/devel/.private/industrial_msgs/share/common-lisp/ros/industrial_msgs/srv/industrial_msgs-srv.asd, /home/jrv/Research/RoboticArchitecture/abb_experimental_ws/devel/share/common-lisp/ros/industrial_msgs/srv/industrial_msgs-srv.asd)
Cleaning: (/home/jrv/Research/RoboticArchitecture/abb_experimental_ws/devel/.private/industrial_msgs/share/common-lisp/ros/industrial_msgs/srv/StartMotion.lisp, /home/jrv/Research/RoboticArchitecture/abb_experimental_ws/devel/share/common-lisp/ros/industrial_msgs/srv/StartMotion.lisp)
Cleaning: (/home/jrv/Research/RoboticArchitecture/abb_experimental_ws/devel/.private/industrial_msgs/share/common-lisp/ros/industrial_msgs/srv/SetDrivePower.lisp, /home/jrv/Research/RoboticArchitecture/abb_experimental_ws/devel/share/common-lisp/ros/industrial_msgs/srv/SetDrivePower.lisp)
Cleaning: (/home/jrv/Research/RoboticArchitecture/abb_experimental_ws/devel/.private/industrial_msgs/share/common-lisp/ros/industrial_msgs/srv/SetRemoteLoggerLevel.lisp, /home/jrv/Research/RoboticArchitecture/abb_experimental_ws/devel/share/common-lisp/ros/industrial_msgs/srv/SetRemoteLoggerLevel.lisp)
Cleaning: (/home/jrv/Research/RoboticArchitecture/abb_experimental_ws/devel/.private/industrial_msgs/share/common-lisp/ros/industrial_msgs/srv/_package_SetRemoteLoggerLevel.lisp, /home/jrv/Research/RoboticArchitecture/abb_experimental_ws/devel/share/common-lisp/ros/industrial_msgs/srv/_package_SetRemoteLoggerLevel.lisp)
Cleaning: (/home/jrv/Research/RoboticArchitecture/abb_experimental_ws/devel/.private/industrial_msgs/share/common-lisp/ros/industrial_msgs/srv/_package.lisp, /home/jrv/Research/RoboticArchitecture/abb_experimental_ws/devel/share/common-lisp/ros/industrial_msgs/srv/_package.lisp)
Cleaning: (/home/jrv/Research/RoboticArchitecture/abb_experimental_ws/devel/.private/industrial_msgs/share/common-lisp/ros/industrial_msgs/srv/_package_GetRobotInfo.lisp, /home/jrv/Research/RoboticArchitecture/abb_experimental_ws/devel/share/common-lisp/ros/industrial_msgs/srv/_package_GetRobotInfo.lisp)
Cleaning: (/home/jrv/Research/RoboticArchitecture/abb_experimental_ws/devel/.private/industrial_msgs/share/common-lisp/ros/industrial_msgs/srv/GetRobotInfo.lisp, /home/jrv/Research/RoboticArchitecture/abb_experimental_ws/devel/share/common-lisp/ros/industrial_msgs/srv/GetRobotInfo.lisp)
Cleaning: (/home/jrv/Research/RoboticArchitecture/abb_experimental_ws/devel/.private/industrial_msgs/share/common-lisp/ros/industrial_msgs/srv/_package_CmdJointTrajectory.lisp, /home/jrv/Research/RoboticArchitecture/abb_experimental_ws/devel/share/common-lisp/ros/industrial_msgs/srv/_package_CmdJointTrajectory.lisp)
Cleaning: (/home/jrv/Research/RoboticArchitecture/abb_experimental_ws/devel/.private/industrial_msgs/share/common-lisp/ros/industrial_msgs/srv/_package_StartMotion.lisp, /home/jrv/Research/RoboticArchitecture/abb_experimental_ws/devel/share/common-lisp/ros/industrial_msgs/srv/_package_StartMotion.lisp)
Cleaning: (/home/jrv/Research/RoboticArchitecture/abb_experimental_ws/devel/.private/industrial_msgs/share/common-lisp/ros/industrial_msgs/srv/StopMotion.lisp, /home/jrv/Research/RoboticArchitecture/abb_experimental_ws/devel/share/common-lisp/ros/industrial_msgs/srv/StopMotion.lisp)
Cleaning: (/home/jrv/Research/RoboticArchitecture/abb_experimental_ws/devel/.private/industrial_msgs/share/common-lisp/ros/industrial_msgs/msg/DeviceInfo.lisp, /home/jrv/Research/RoboticArchitecture/abb_experimental_ws/devel/share/common-lisp/ros/industrial_msgs/msg/DeviceInfo.lisp)
Cleaning: (/home/jrv/Research/RoboticArchitecture/abb_experimental_ws/devel/.private/industrial_msgs/share/common-lisp/ros/industrial_msgs/msg/DebugLevel.lisp, /home/jrv/Research/RoboticArchitecture/abb_experimental_ws/devel/share/common-lisp/ros/industrial_msgs/msg/DebugLevel.lisp)
Cleaning: (/home/jrv/Research/RoboticArchitecture/abb_experimental_ws/devel/.private/industrial_msgs/share/common-lisp/ros/industrial_msgs/msg/ServiceReturnCode.lisp, /home/jrv/Research/RoboticArchitecture/abb_experimental_ws/devel/share/common-lisp/ros/industrial_msgs/msg/ServiceReturnCode.lisp)
Cleaning: (/home/jrv/Research/RoboticArchitecture/abb_experimental_ws/devel/.private/industrial_msgs/share/common-lisp/ros/industrial_msgs/msg/_package_RobotMode.lisp, /home/jrv/Research/RoboticArchitecture/abb_experimental_ws/devel/share/common-lisp/ros/industrial_msgs/msg/_package_RobotMode.lisp)
Cleaning: (/home/jrv/Research/RoboticArchitecture/abb_experimental_ws/devel/.private/industrial_msgs/share/common-lisp/ros/industrial_msgs/msg/_package_RobotStatus.lisp, /home/jrv/Research/RoboticArchitecture/abb_experimental_ws/devel/share/common-lisp/ros/industrial_msgs/msg/_package_RobotStatus.lisp)
Cleaning: (/home/jrv/Research/RoboticArchitecture/abb_experimental_ws/devel/.private/industrial_msgs/share/common-lisp/ros/industrial_msgs/msg/_package_ServiceReturnCode.lisp, /home/jrv/Research/RoboticArchitecture/abb_experimental_ws/devel/share/common-lisp/ros/industrial_msgs/msg/_package_ServiceReturnCode.lisp)
Cleaning: (/home/jrv/Research/RoboticArchitecture/abb_experimental_ws/devel/.private/industrial_msgs/share/common-lisp/ros/industrial_msgs/msg/RobotMode.lisp, /home/jrv/Research/RoboticArchitecture/abb_experimental_ws/devel/share/common-lisp/ros/industrial_msgs/msg/RobotMode.lisp)
Cleaning: (/home/jrv/Research/RoboticArchitecture/abb_experimental_ws/devel/.private/industrial_msgs/share/common-lisp/ros/industrial_msgs/msg/_package.lisp, /home/jrv/Research/RoboticArchitecture/abb_experimental_ws/devel/share/common-lisp/ros/industrial_msgs/msg/_package.lisp)
Cleaning: (/home/jrv/Research/RoboticArchitecture/abb_experimental_ws/devel/.private/industrial_msgs/share/common-lisp/ros/industrial_msgs/msg/_package_TriState.lisp, /home/jrv/Research/RoboticArchitecture/abb_experimental_ws/devel/share/common-lisp/ros/industrial_msgs/msg/_package_TriState.lisp)
Cleaning: (/home/jrv/Research/RoboticArchitecture/abb_experimental_ws/devel/.private/industrial_msgs/share/common-lisp/ros/industrial_msgs/msg/RobotStatus.lisp, /home/jrv/Research/RoboticArchitecture/abb_experimental_ws/devel/share/common-lisp/ros/industrial_msgs/msg/RobotStatus.lisp)
Cleaning: (/home/jrv/Research/RoboticArchitecture/abb_experimental_ws/devel/.private/industrial_msgs/share/common-lisp/ros/industrial_msgs/msg/industrial_msgs-msg.asd, /home/jrv/Research/RoboticArchitecture/abb_experimental_ws/devel/share/common-lisp/ros/industrial_msgs/msg/industrial_msgs-msg.asd)
Cleaning: (/home/jrv/Research/RoboticArchitecture/abb_experimental_ws/devel/.private/industrial_msgs/share/common-lisp/ros/industrial_msgs/msg/_package_DeviceInfo.lisp, /home/jrv/Research/RoboticArchitecture/abb_experimental_ws/devel/share/common-lisp/ros/industrial_msgs/msg/_package_DeviceInfo.lisp)
Cleaning: (/home/jrv/Research/RoboticArchitecture/abb_experimental_ws/devel/.private/industrial_msgs/share/common-lisp/ros/industrial_msgs/msg/_package_DebugLevel.lisp, /home/jrv/Research/RoboticArchitecture/abb_experimental_ws/devel/share/common-lisp/ros/industrial_msgs/msg/_package_DebugLevel.lisp)
Cleaning: (/home/jrv/Research/RoboticArchitecture/abb_experimental_ws/devel/.private/industrial_msgs/share/common-lisp/ros/industrial_msgs/msg/TriState.lisp, /home/jrv/Research/RoboticArchitecture/abb_experimental_ws/devel/share/common-lisp/ros/industrial_msgs/msg/TriState.lisp)
Cleaning: (/home/jrv/Research/RoboticArchitecture/abb_experimental_ws/devel/.private/industrial_msgs/share/gennodejs/ros/industrial_msgs/_index.js, /home/jrv/Research/RoboticArchitecture/abb_experimental_ws/devel/share/gennodejs/ros/industrial_msgs/_index.js)
Cleaning: (/home/jrv/Research/RoboticArchitecture/abb_experimental_ws/devel/.private/industrial_msgs/share/gennodejs/ros/industrial_msgs/srv/GetRobotInfo.js, /home/jrv/Research/RoboticArchitecture/abb_experimental_ws/devel/share/gennodejs/ros/industrial_msgs/srv/GetRobotInfo.js)
Cleaning: (/home/jrv/Research/RoboticArchitecture/abb_experimental_ws/devel/.private/industrial_msgs/share/gennodejs/ros/industrial_msgs/srv/_index.js, /home/jrv/Research/RoboticArchitecture/abb_experimental_ws/devel/share/gennodejs/ros/industrial_msgs/srv/_index.js)
Cleaning: (/home/jrv/Research/RoboticArchitecture/abb_experimental_ws/devel/.private/industrial_msgs/share/gennodejs/ros/industrial_msgs/srv/StopMotion.js, /home/jrv/Research/RoboticArchitecture/abb_experimental_ws/devel/share/gennodejs/ros/industrial_msgs/srv/StopMotion.js)
Cleaning: (/home/jrv/Research/RoboticArchitecture/abb_experimental_ws/devel/.private/industrial_msgs/share/gennodejs/ros/industrial_msgs/srv/CmdJointTrajectory.js, /home/jrv/Research/RoboticArchitecture/abb_experimental_ws/devel/share/gennodejs/ros/industrial_msgs/srv/CmdJointTrajectory.js)
Cleaning: (/home/jrv/Research/RoboticArchitecture/abb_experimental_ws/devel/.private/industrial_msgs/share/gennodejs/ros/industrial_msgs/srv/StartMotion.js, /home/jrv/Research/RoboticArchitecture/abb_experimental_ws/devel/share/gennodejs/ros/industrial_msgs/srv/StartMotion.js)
Cleaning: (/home/jrv/Research/RoboticArchitecture/abb_experimental_ws/devel/.private/industrial_msgs/share/gennodejs/ros/industrial_msgs/srv/SetDrivePower.js, /home/jrv/Research/RoboticArchitecture/abb_experimental_ws/devel/share/gennodejs/ros/industrial_msgs/srv/SetDrivePower.js)
Cleaning: (/home/jrv/Research/RoboticArchitecture/abb_experimental_ws/devel/.private/industrial_msgs/share/gennodejs/ros/industrial_msgs/srv/SetRemoteLoggerLevel.js, /home/jrv/Research/RoboticArchitecture/abb_experimental_ws/devel/share/gennodejs/ros/industrial_msgs/srv/SetRemoteLoggerLevel.js)
Cleaning: (/home/jrv/Research/RoboticArchitecture/abb_experimental_ws/devel/.private/industrial_msgs/share/gennodejs/ros/industrial_msgs/msg/RobotMode.js, /home/jrv/Research/RoboticArchitecture/abb_experimental_ws/devel/share/gennodejs/ros/industrial_msgs/msg/RobotMode.js)
Cleaning: (/home/jrv/Research/RoboticArchitecture/abb_experimental_ws/devel/.private/industrial_msgs/share/gennodejs/ros/industrial_msgs/msg/RobotStatus.js, /home/jrv/Research/RoboticArchitecture/abb_experimental_ws/devel/share/gennodejs/ros/industrial_msgs/msg/RobotStatus.js)
Cleaning: (/home/jrv/Research/RoboticArchitecture/abb_experimental_ws/devel/.private/industrial_msgs/share/gennodejs/ros/industrial_msgs/msg/DeviceInfo.js, /home/jrv/Research/RoboticArchitecture/abb_experimental_ws/devel/share/gennodejs/ros/industrial_msgs/msg/DeviceInfo.js)
Cleaning: (/home/jrv/Research/RoboticArchitecture/abb_experimental_ws/devel/.private/industrial_msgs/share/gennodejs/ros/industrial_msgs/msg/DebugLevel.js, /home/jrv/Research/RoboticArchitecture/abb_experimental_ws/devel/share/gennodejs/ros/industrial_msgs/msg/DebugLevel.js)
Cleaning: (/home/jrv/Research/RoboticArchitecture/abb_experimental_ws/devel/.private/industrial_msgs/share/gennodejs/ros/industrial_msgs/msg/_index.js, /home/jrv/Research/RoboticArchitecture/abb_experimental_ws/devel/share/gennodejs/ros/industrial_msgs/msg/_index.js)
Cleaning: (/home/jrv/Research/RoboticArchitecture/abb_experimental_ws/devel/.private/industrial_msgs/share/gennodejs/ros/industrial_msgs/msg/TriState.js, /home/jrv/Research/RoboticArchitecture/abb_experimental_ws/devel/share/gennodejs/ros/industrial_msgs/msg/TriState.js)
Cleaning: (/home/jrv/Research/RoboticArchitecture/abb_experimental_ws/devel/.private/industrial_msgs/share/gennodejs/ros/industrial_msgs/msg/ServiceReturnCode.js, /home/jrv/Research/RoboticArchitecture/abb_experimental_ws/devel/share/gennodejs/ros/industrial_msgs/msg/ServiceReturnCode.js)
Cleaning: (/home/jrv/Research/RoboticArchitecture/abb_experimental_ws/devel/.private/industrial_msgs/share/roseus/ros/industrial_msgs/manifest.l, /home/jrv/Research/RoboticArchitecture/abb_experimental_ws/devel/share/roseus/ros/industrial_msgs/manifest.l)
Cleaning: (/home/jrv/Research/RoboticArchitecture/abb_experimental_ws/devel/.private/industrial_msgs/share/roseus/ros/industrial_msgs/srv/StartMotion.l, /home/jrv/Research/RoboticArchitecture/abb_experimental_ws/devel/share/roseus/ros/industrial_msgs/srv/StartMotion.l)
Cleaning: (/home/jrv/Research/RoboticArchitecture/abb_experimental_ws/devel/.private/industrial_msgs/share/roseus/ros/industrial_msgs/srv/StopMotion.l, /home/jrv/Research/RoboticArchitecture/abb_experimental_ws/devel/share/roseus/ros/industrial_msgs/srv/StopMotion.l)
Cleaning: (/home/jrv/Research/RoboticArchitecture/abb_experimental_ws/devel/.private/industrial_msgs/share/roseus/ros/industrial_msgs/srv/SetRemoteLoggerLevel.l, /home/jrv/Research/RoboticArchitecture/abb_experimental_ws/devel/share/roseus/ros/industrial_msgs/srv/SetRemoteLoggerLevel.l)
Cleaning: (/home/jrv/Research/RoboticArchitecture/abb_experimental_ws/devel/.private/industrial_msgs/share/roseus/ros/industrial_msgs/srv/SetDrivePower.l, /home/jrv/Research/RoboticArchitecture/abb_experimental_ws/devel/share/roseus/ros/industrial_msgs/srv/SetDrivePower.l)
Cleaning: (/home/jrv/Research/RoboticArchitecture/abb_experimental_ws/devel/.private/industrial_msgs/share/roseus/ros/industrial_msgs/srv/CmdJointTrajectory.l, /home/jrv/Research/RoboticArchitecture/abb_experimental_ws/devel/share/roseus/ros/industrial_msgs/srv/CmdJointTrajectory.l)
Cleaning: (/home/jrv/Research/RoboticArchitecture/abb_experimental_ws/devel/.private/industrial_msgs/share/roseus/ros/industrial_msgs/srv/GetRobotInfo.l, /home/jrv/Research/RoboticArchitecture/abb_experimental_ws/devel/share/roseus/ros/industrial_msgs/srv/GetRobotInfo.l)
Cleaning: (/home/jrv/Research/RoboticArchitecture/abb_experimental_ws/devel/.private/industrial_msgs/share/roseus/ros/industrial_msgs/msg/TriState.l, /home/jrv/Research/RoboticArchitecture/abb_experimental_ws/devel/share/roseus/ros/industrial_msgs/msg/TriState.l)
Cleaning: (/home/jrv/Research/RoboticArchitecture/abb_experimental_ws/devel/.private/industrial_msgs/share/roseus/ros/industrial_msgs/msg/RobotMode.l, /home/jrv/Research/RoboticArchitecture/abb_experimental_ws/devel/share/roseus/ros/industrial_msgs/msg/RobotMode.l)
Cleaning: (/home/jrv/Research/RoboticArchitecture/abb_experimental_ws/devel/.private/industrial_msgs/share/roseus/ros/industrial_msgs/msg/DeviceInfo.l, /home/jrv/Research/RoboticArchitecture/abb_experimental_ws/devel/share/roseus/ros/industrial_msgs/msg/DeviceInfo.l)
Cleaning: (/home/jrv/Research/RoboticArchitecture/abb_experimental_ws/devel/.private/industrial_msgs/share/roseus/ros/industrial_msgs/msg/DebugLevel.l, /home/jrv/Research/RoboticArchitecture/abb_experimental_ws/devel/share/roseus/ros/industrial_msgs/msg/DebugLevel.l)
Cleaning: (/home/jrv/Research/RoboticArchitecture/abb_experimental_ws/devel/.private/industrial_msgs/share/roseus/ros/industrial_msgs/msg/ServiceReturnCode.l, /home/jrv/Research/RoboticArchitecture/abb_experimental_ws/devel/share/roseus/ros/industrial_msgs/msg/ServiceReturnCode.l)
Cleaning: (/home/jrv/Research/RoboticArchitecture/abb_experimental_ws/devel/.private/industrial_msgs/share/roseus/ros/industrial_msgs/msg/RobotStatus.l, /home/jrv/Research/RoboticArchitecture/abb_experimental_ws/devel/share/roseus/ros/industrial_msgs/msg/RobotStatus.l)
Cleaning: (/home/jrv/Research/RoboticArchitecture/abb_experimental_ws/devel/.private/industrial_msgs/share/industrial_msgs/cmake/industrial_msgs-msg-extras.cmake, /home/jrv/Research/RoboticArchitecture/abb_experimental_ws/devel/share/industrial_msgs/cmake/industrial_msgs-msg-extras.cmake)
Cleaning: (/home/jrv/Research/RoboticArchitecture/abb_experimental_ws/devel/.private/industrial_msgs/share/industrial_msgs/cmake/industrial_msgsConfig-version.cmake, /home/jrv/Research/RoboticArchitecture/abb_experimental_ws/devel/share/industrial_msgs/cmake/industrial_msgsConfig-version.cmake)
Cleaning: (/home/jrv/Research/RoboticArchitecture/abb_experimental_ws/devel/.private/industrial_msgs/share/industrial_msgs/cmake/industrial_msgsConfig.cmake, /home/jrv/Research/RoboticArchitecture/abb_experimental_ws/devel/share/industrial_msgs/cmake/industrial_msgsConfig.cmake)
Cleaning: (/home/jrv/Research/RoboticArchitecture/abb_experimental_ws/devel/.private/industrial_msgs/share/industrial_msgs/cmake/industrial_msgs-msg-paths.cmake, /home/jrv/Research/RoboticArchitecture/abb_experimental_ws/devel/share/industrial_msgs/cmake/industrial_msgs-msg-paths.cmake)
Unlinking: /home/jrv/Research/RoboticArchitecture/abb_experimental_ws/devel/lib/pkgconfig/industrial_msgs.pc
Already unlinked: {}
Unlinking: /home/jrv/Research/RoboticArchitecture/abb_experimental_ws/devel/lib/python2.7/dist-packages/industrial_msgs/__init__.py
Already unlinked: {}
Unlinking: /home/jrv/Research/RoboticArchitecture/abb_experimental_ws/devel/lib/python2.7/dist-packages/industrial_msgs/srv/_SetDrivePower.py
Already unlinked: {}
Unlinking: /home/jrv/Research/RoboticArchitecture/abb_experimental_ws/devel/lib/python2.7/dist-packages/industrial_msgs/srv/_SetRemoteLoggerLevel.py
Already unlinked: {}
Unlinking: /home/jrv/Research/RoboticArchitecture/abb_experimental_ws/devel/lib/python2.7/dist-packages/industrial_msgs/srv/__init__.py
Already unlinked: {}
Unlinking: /home/jrv/Research/RoboticArchitecture/abb_experimental_ws/devel/lib/python2.7/dist-packages/industrial_msgs/srv/_StartMotion.py
Already unlinked: {}
Unlinking: /home/jrv/Research/RoboticArchitecture/abb_experimental_ws/devel/lib/python2.7/dist-packages/industrial_msgs/srv/_CmdJointTrajectory.py
Already unlinked: {}
Unlinking: /home/jrv/Research/RoboticArchitecture/abb_experimental_ws/devel/lib/python2.7/dist-packages/industrial_msgs/srv/_GetRobotInfo.py
Already unlinked: {}
Unlinking: /home/jrv/Research/RoboticArchitecture/abb_experimental_ws/devel/lib/python2.7/dist-packages/industrial_msgs/srv/_StopMotion.py
Already unlinked: {}
Unlinking: /home/jrv/Research/RoboticArchitecture/abb_experimental_ws/devel/lib/python2.7/dist-packages/industrial_msgs/msg/_DeviceInfo.py
Already unlinked: {}
Unlinking: /home/jrv/Research/RoboticArchitecture/abb_experimental_ws/devel/lib/python2.7/dist-packages/industrial_msgs/msg/_RobotStatus.py
Already unlinked: {}
Unlinking: /home/jrv/Research/RoboticArchitecture/abb_experimental_ws/devel/lib/python2.7/dist-packages/industrial_msgs/msg/_TriState.py
Already unlinked: {}
Unlinking: /home/jrv/Research/RoboticArchitecture/abb_experimental_ws/devel/lib/python2.7/dist-packages/industrial_msgs/msg/_DebugLevel.py
Already unlinked: {}
Unlinking: /home/jrv/Research/RoboticArchitecture/abb_experimental_ws/devel/lib/python2.7/dist-packages/industrial_msgs/msg/__init__.py
Already unlinked: {}
Unlinking: /home/jrv/Research/RoboticArchitecture/abb_experimental_ws/devel/lib/python2.7/dist-packages/industrial_msgs/msg/_ServiceReturnCode.py
Already unlinked: {}
Unlinking: /home/jrv/Research/RoboticArchitecture/abb_experimental_ws/devel/lib/python2.7/dist-packages/industrial_msgs/msg/_RobotMode.py
Already unlinked: {}
Unlinking: /home/jrv/Research/RoboticArchitecture/abb_experimental_ws/devel/include/industrial_msgs/StartMotionRequest.h
Already unlinked: {}
Unlinking: /home/jrv/Research/RoboticArchitecture/abb_experimental_ws/devel/include/industrial_msgs/StartMotion.h
Already unlinked: {}
Unlinking: /home/jrv/Research/RoboticArchitecture/abb_experimental_ws/devel/include/industrial_msgs/RobotMode.h
Already unlinked: {}
Unlinking: /home/jrv/Research/RoboticArchitecture/abb_experimental_ws/devel/include/industrial_msgs/GetRobotInfoResponse.h
Already unlinked: {}
Unlinking: /home/jrv/Research/RoboticArchitecture/abb_experimental_ws/devel/include/industrial_msgs/SetRemoteLoggerLevelResponse.h
Already unlinked: {}
Unlinking: /home/jrv/Research/RoboticArchitecture/abb_experimental_ws/devel/include/industrial_msgs/StopMotionResponse.h
Already unlinked: {}
Unlinking: /home/jrv/Research/RoboticArchitecture/abb_experimental_ws/devel/include/industrial_msgs/StopMotion.h
Already unlinked: {}
Unlinking: /home/jrv/Research/RoboticArchitecture/abb_experimental_ws/devel/include/industrial_msgs/SetDrivePowerRequest.h
Already unlinked: {}
Unlinking: /home/jrv/Research/RoboticArchitecture/abb_experimental_ws/devel/include/industrial_msgs/SetDrivePower.h
Already unlinked: {}
Unlinking: /home/jrv/Research/RoboticArchitecture/abb_experimental_ws/devel/include/industrial_msgs/DeviceInfo.h
Already unlinked: {}
Unlinking: /home/jrv/Research/RoboticArchitecture/abb_experimental_ws/devel/include/industrial_msgs/StartMotionResponse.h
Already unlinked: {}
Unlinking: /home/jrv/Research/RoboticArchitecture/abb_experimental_ws/devel/include/industrial_msgs/TriState.h
Already unlinked: {}
Unlinking: /home/jrv/Research/RoboticArchitecture/abb_experimental_ws/devel/include/industrial_msgs/CmdJointTrajectoryRequest.h
Already unlinked: {}
Unlinking: /home/jrv/Research/RoboticArchitecture/abb_experimental_ws/devel/include/industrial_msgs/RobotStatus.h
Already unlinked: {}
Unlinking: /home/jrv/Research/RoboticArchitecture/abb_experimental_ws/devel/include/industrial_msgs/SetDrivePowerResponse.h
Already unlinked: {}
Unlinking: /home/jrv/Research/RoboticArchitecture/abb_experimental_ws/devel/include/industrial_msgs/SetRemoteLoggerLevel.h
Already unlinked: {}
Unlinking: /home/jrv/Research/RoboticArchitecture/abb_experimental_ws/devel/include/industrial_msgs/ServiceReturnCode.h
Already unlinked: {}
Unlinking: /home/jrv/Research/RoboticArchitecture/abb_experimental_ws/devel/include/industrial_msgs/StopMotionRequest.h
Already unlinked: {}
Unlinking: /home/jrv/Research/RoboticArchitecture/abb_experimental_ws/devel/include/industrial_msgs/GetRobotInfo.h
Already unlinked: {}
Unlinking: /home/jrv/Research/RoboticArchitecture/abb_experimental_ws/devel/include/industrial_msgs/DebugLevel.h
Already unlinked: {}
Unlinking: /home/jrv/Research/RoboticArchitecture/abb_experimental_ws/devel/include/industrial_msgs/SetRemoteLoggerLevelRequest.h
Already unlinked: {}
Unlinking: /home/jrv/Research/RoboticArchitecture/abb_experimental_ws/devel/include/industrial_msgs/CmdJointTrajectory.h
Already unlinked: {}
Unlinking: /home/jrv/Research/RoboticArchitecture/abb_experimental_ws/devel/include/industrial_msgs/GetRobotInfoRequest.h
Already unlinked: {}
Unlinking: /home/jrv/Research/RoboticArchitecture/abb_experimental_ws/devel/include/industrial_msgs/CmdJointTrajectoryResponse.h
Already unlinked: {}
Unlinking: /home/jrv/Research/RoboticArchitecture/abb_experimental_ws/devel/share/common-lisp/ros/industrial_msgs/srv/CmdJointTrajectory.lisp
Already unlinked: {}
Unlinking: /home/jrv/Research/RoboticArchitecture/abb_experimental_ws/devel/share/common-lisp/ros/industrial_msgs/srv/_package_SetDrivePower.lisp
Already unlinked: {}
Unlinking: /home/jrv/Research/RoboticArchitecture/abb_experimental_ws/devel/share/common-lisp/ros/industrial_msgs/srv/_package_StopMotion.lisp
Already unlinked: {}
Unlinking: /home/jrv/Research/RoboticArchitecture/abb_experimental_ws/devel/share/common-lisp/ros/industrial_msgs/srv/industrial_msgs-srv.asd
Already unlinked: {}
Unlinking: /home/jrv/Research/RoboticArchitecture/abb_experimental_ws/devel/share/common-lisp/ros/industrial_msgs/srv/StartMotion.lisp
Already unlinked: {}
Unlinking: /home/jrv/Research/RoboticArchitecture/abb_experimental_ws/devel/share/common-lisp/ros/industrial_msgs/srv/SetDrivePower.lisp
Already unlinked: {}
Unlinking: /home/jrv/Research/RoboticArchitecture/abb_experimental_ws/devel/share/common-lisp/ros/industrial_msgs/srv/SetRemoteLoggerLevel.lisp
Already unlinked: {}
Unlinking: /home/jrv/Research/RoboticArchitecture/abb_experimental_ws/devel/share/common-lisp/ros/industrial_msgs/srv/_package_SetRemoteLoggerLevel.lisp
Already unlinked: {}
Unlinking: /home/jrv/Research/RoboticArchitecture/abb_experimental_ws/devel/share/common-lisp/ros/industrial_msgs/srv/_package.lisp
Already unlinked: {}
Unlinking: /home/jrv/Research/RoboticArchitecture/abb_experimental_ws/devel/share/common-lisp/ros/industrial_msgs/srv/_package_GetRobotInfo.lisp
Already unlinked: {}
Unlinking: /home/jrv/Research/RoboticArchitecture/abb_experimental_ws/devel/share/common-lisp/ros/industrial_msgs/srv/GetRobotInfo.lisp
Already unlinked: {}
Unlinking: /home/jrv/Research/RoboticArchitecture/abb_experimental_ws/devel/share/common-lisp/ros/industrial_msgs/srv/_package_CmdJointTrajectory.lisp
Already unlinked: {}
Unlinking: /home/jrv/Research/RoboticArchitecture/abb_experimental_ws/devel/share/common-lisp/ros/industrial_msgs/srv/_package_StartMotion.lisp
Already unlinked: {}
Unlinking: /home/jrv/Research/RoboticArchitecture/abb_experimental_ws/devel/share/common-lisp/ros/industrial_msgs/srv/StopMotion.lisp
Already unlinked: {}
Unlinking: /home/jrv/Research/RoboticArchitecture/abb_experimental_ws/devel/share/common-lisp/ros/industrial_msgs/msg/DeviceInfo.lisp
Already unlinked: {}
Unlinking: /home/jrv/Research/RoboticArchitecture/abb_experimental_ws/devel/share/common-lisp/ros/industrial_msgs/msg/DebugLevel.lisp
Already unlinked: {}
Unlinking: /home/jrv/Research/RoboticArchitecture/abb_experimental_ws/devel/share/common-lisp/ros/industrial_msgs/msg/ServiceReturnCode.lisp
Already unlinked: {}
Unlinking: /home/jrv/Research/RoboticArchitecture/abb_experimental_ws/devel/share/common-lisp/ros/industrial_msgs/msg/_package_RobotMode.lisp
Already unlinked: {}
Unlinking: /home/jrv/Research/RoboticArchitecture/abb_experimental_ws/devel/share/common-lisp/ros/industrial_msgs/msg/_package_RobotStatus.lisp
Already unlinked: {}
Unlinking: /home/jrv/Research/RoboticArchitecture/abb_experimental_ws/devel/share/common-lisp/ros/industrial_msgs/msg/_package_ServiceReturnCode.lisp
Already unlinked: {}
Unlinking: /home/jrv/Research/RoboticArchitecture/abb_experimental_ws/devel/share/common-lisp/ros/industrial_msgs/msg/RobotMode.lisp
Already unlinked: {}
Unlinking: /home/jrv/Research/RoboticArchitecture/abb_experimental_ws/devel/share/common-lisp/ros/industrial_msgs/msg/_package.lisp
Already unlinked: {}
Unlinking: /home/jrv/Research/RoboticArchitecture/abb_experimental_ws/devel/share/common-lisp/ros/industrial_msgs/msg/_package_TriState.lisp
Already unlinked: {}
Unlinking: /home/jrv/Research/RoboticArchitecture/abb_experimental_ws/devel/share/common-lisp/ros/industrial_msgs/msg/RobotStatus.lisp
Already unlinked: {}
Unlinking: /home/jrv/Research/RoboticArchitecture/abb_experimental_ws/devel/share/common-lisp/ros/industrial_msgs/msg/industrial_msgs-msg.asd
Already unlinked: {}
Unlinking: /home/jrv/Research/RoboticArchitecture/abb_experimental_ws/devel/share/common-lisp/ros/industrial_msgs/msg/_package_DeviceInfo.lisp
Already unlinked: {}
Unlinking: /home/jrv/Research/RoboticArchitecture/abb_experimental_ws/devel/share/common-lisp/ros/industrial_msgs/msg/_package_DebugLevel.lisp
Already unlinked: {}
Unlinking: /home/jrv/Research/RoboticArchitecture/abb_experimental_ws/devel/share/common-lisp/ros/industrial_msgs/msg/TriState.lisp
Already unlinked: {}
Unlinking: /home/jrv/Research/RoboticArchitecture/abb_experimental_ws/devel/share/gennodejs/ros/industrial_msgs/_index.js
Already unlinked: {}
Unlinking: /home/jrv/Research/RoboticArchitecture/abb_experimental_ws/devel/share/gennodejs/ros/industrial_msgs/srv/GetRobotInfo.js
Already unlinked: {}
Unlinking: /home/jrv/Research/RoboticArchitecture/abb_experimental_ws/devel/share/gennodejs/ros/industrial_msgs/srv/_index.js
Already unlinked: {}
Unlinking: /home/jrv/Research/RoboticArchitecture/abb_experimental_ws/devel/share/gennodejs/ros/industrial_msgs/srv/StopMotion.js
Already unlinked: {}
Unlinking: /home/jrv/Research/RoboticArchitecture/abb_experimental_ws/devel/share/gennodejs/ros/industrial_msgs/srv/CmdJointTrajectory.js
Already unlinked: {}
Unlinking: /home/jrv/Research/RoboticArchitecture/abb_experimental_ws/devel/share/gennodejs/ros/industrial_msgs/srv/StartMotion.js
Already unlinked: {}
Unlinking: /home/jrv/Research/RoboticArchitecture/abb_experimental_ws/devel/share/gennodejs/ros/industrial_msgs/srv/SetDrivePower.js
Already unlinked: {}
Unlinking: /home/jrv/Research/RoboticArchitecture/abb_experimental_ws/devel/share/gennodejs/ros/industrial_msgs/srv/SetRemoteLoggerLevel.js
Already unlinked: {}
Unlinking: /home/jrv/Research/RoboticArchitecture/abb_experimental_ws/devel/share/gennodejs/ros/industrial_msgs/msg/RobotMode.js
Already unlinked: {}
Unlinking: /home/jrv/Research/RoboticArchitecture/abb_experimental_ws/devel/share/gennodejs/ros/industrial_msgs/msg/RobotStatus.js
Already unlinked: {}
Unlinking: /home/jrv/Research/RoboticArchitecture/abb_experimental_ws/devel/share/gennodejs/ros/industrial_msgs/msg/DeviceInfo.js
Already unlinked: {}
Unlinking: /home/jrv/Research/RoboticArchitecture/abb_experimental_ws/devel/share/gennodejs/ros/industrial_msgs/msg/DebugLevel.js
Already unlinked: {}
Unlinking: /home/jrv/Research/RoboticArchitecture/abb_experimental_ws/devel/share/gennodejs/ros/industrial_msgs/msg/_index.js
Already unlinked: {}
Unlinking: /home/jrv/Research/RoboticArchitecture/abb_experimental_ws/devel/share/gennodejs/ros/industrial_msgs/msg/TriState.js
Already unlinked: {}
Unlinking: /home/jrv/Research/RoboticArchitecture/abb_experimental_ws/devel/share/gennodejs/ros/industrial_msgs/msg/ServiceReturnCode.js
Already unlinked: {}
Unlinking: /home/jrv/Research/RoboticArchitecture/abb_experimental_ws/devel/share/roseus/ros/industrial_msgs/manifest.l
Already unlinked: {}
Unlinking: /home/jrv/Research/RoboticArchitecture/abb_experimental_ws/devel/share/roseus/ros/industrial_msgs/srv/StartMotion.l
Already unlinked: {}
Unlinking: /home/jrv/Research/RoboticArchitecture/abb_experimental_ws/devel/share/roseus/ros/industrial_msgs/srv/StopMotion.l
Already unlinked: {}
Unlinking: /home/jrv/Research/RoboticArchitecture/abb_experimental_ws/devel/share/roseus/ros/industrial_msgs/srv/SetRemoteLoggerLevel.l
Already unlinked: {}
Unlinking: /home/jrv/Research/RoboticArchitecture/abb_experimental_ws/devel/share/roseus/ros/industrial_msgs/srv/SetDrivePower.l
Already unlinked: {}
Unlinking: /home/jrv/Research/RoboticArchitecture/abb_experimental_ws/devel/share/roseus/ros/industrial_msgs/srv/CmdJointTrajectory.l
Already unlinked: {}
Unlinking: /home/jrv/Research/RoboticArchitecture/abb_experimental_ws/devel/share/roseus/ros/industrial_msgs/srv/GetRobotInfo.l
Already unlinked: {}
Unlinking: /home/jrv/Research/RoboticArchitecture/abb_experimental_ws/devel/share/roseus/ros/industrial_msgs/msg/TriState.l
Already unlinked: {}
Unlinking: /home/jrv/Research/RoboticArchitecture/abb_experimental_ws/devel/share/roseus/ros/industrial_msgs/msg/RobotMode.l
Already unlinked: {}
Unlinking: /home/jrv/Research/RoboticArchitecture/abb_experimental_ws/devel/share/roseus/ros/industrial_msgs/msg/DeviceInfo.l
Already unlinked: {}
Unlinking: /home/jrv/Research/RoboticArchitecture/abb_experimental_ws/devel/share/roseus/ros/industrial_msgs/msg/DebugLevel.l
Already unlinked: {}
Unlinking: /home/jrv/Research/RoboticArchitecture/abb_experimental_ws/devel/share/roseus/ros/industrial_msgs/msg/ServiceReturnCode.l
Already unlinked: {}
Unlinking: /home/jrv/Research/RoboticArchitecture/abb_experimental_ws/devel/share/roseus/ros/industrial_msgs/msg/RobotStatus.l
Already unlinked: {}
Unlinking: /home/jrv/Research/RoboticArchitecture/abb_experimental_ws/devel/share/industrial_msgs/cmake/industrial_msgs-msg-extras.cmake
Already unlinked: {}
Unlinking: /home/jrv/Research/RoboticArchitecture/abb_experimental_ws/devel/share/industrial_msgs/cmake/industrial_msgsConfig-version.cmake
Already unlinked: {}
Unlinking: /home/jrv/Research/RoboticArchitecture/abb_experimental_ws/devel/share/industrial_msgs/cmake/industrial_msgsConfig.cmake
Already unlinked: {}
Unlinking: /home/jrv/Research/RoboticArchitecture/abb_experimental_ws/devel/share/industrial_msgs/cmake/industrial_msgs-msg-paths.cmake
Already unlinked: {}
