Not searching for unused variables given on the command line.
[36m--[0m Using CATKIN_DEVEL_PREFIX: /home/jrv/Research/RoboticArcitecture/abb_experimental_ws/devel/.private/argus_utils
[36m--[0m Using CMAKE_PREFIX_PATH: /home/jrv/Research/RoboticArcitecture/abb_experimental_ws/devel;/opt/ros/kinetic
[36m--[0m This workspace overlays: /home/jrv/Research/RoboticArcitecture/abb_experimental_ws/devel;/opt/ros/kinetic
[36m--[0m Using PYTHON_EXECUTABLE: /usr/bin/python
[36m--[0m Using Debian Python package layout
[36m--[0m Using empy: /usr/bin/empy
[36m--[0m Using CATKIN_ENABLE_TESTING: ON
[36m--[0m Call enable_testing()
[36m--[0m Using CATKIN_TEST_RESULTS_DIR: /home/jrv/Research/RoboticArcitecture/abb_experimental_ws/build/argus_utils/test_results
[36m--[0m Found gmock sources under '/usr/src/gmock': gmock will be built
[36m--[0m Found gtest sources under '/usr/src/gmock': gtests will be built
[36m--[0m Using Python nosetests: /usr/bin/nosetests-2.7
[36m--[0m catkin 0.7.11
[36m--[0m Using these message generators: gencpp;geneus;genlisp;gennodejs;genpy
[36m--[0m Boost version: 1.58.0
[36m--[0m Found the following Boost libraries:
[36m--[0m   random
[36m--[0m   system
[36m--[0m Checking for one of the modules 'system_lib'
[31m[1mCMake Error[0m at /usr/local/share/cmake-3.9/Modules/FindPkgConfig.cmake:640 (message):
  None of the required 'system_lib' found
[36mCall Stack (most recent call first):[0m
  CMakeLists.txt:23 (pkg_search_module)


[36m--[0m /home/jrv/Research/RoboticArcitecture/abb_experimental_ws/devel/.private/argus_utils/include
[33m[1mCMake Warning[0m at /opt/ros/kinetic/share/catkin/cmake/catkin_package.cmake:166 (message):
  catkin_package() DEPENDS on 'system_lib' but neither
  'system_lib_INCLUDE_DIRS' nor 'system_lib_LIBRARIES' is defined.
[36mCall Stack (most recent call first):[0m
  /opt/ros/kinetic/share/catkin/cmake/catkin_package.cmake:102 (_catkin_package)
  CMakeLists.txt:37 (catkin_package)


[33m[1mCMake Warning[0m at /opt/ros/kinetic/share/catkin/cmake/catkin_package.cmake:166 (message):
  catkin_package() DEPENDS on 'sophus_external' but neither
  'sophus_external_INCLUDE_DIRS' nor 'sophus_external_LIBRARIES' is defined.
[36mCall Stack (most recent call first):[0m
  /opt/ros/kinetic/share/catkin/cmake/catkin_package.cmake:102 (_catkin_package)
  CMakeLists.txt:37 (catkin_package)


[31m[1mCMake Error[0m at /opt/ros/kinetic/share/catkin/cmake/catkin_package.cmake:297 (message):
  catkin_package() absolute include dir
  '/home/jrv/Research/RoboticArcitecture/abb_experimental_ws/devel/.private/argus_utils/include'
  does not exist
[36mCall Stack (most recent call first):[0m
  /opt/ros/kinetic/share/catkin/cmake/catkin_package.cmake:102 (_catkin_package)
  CMakeLists.txt:37 (catkin_package)


[36m--[0m Configuring incomplete, errors occurred!
See also "/home/jrv/Research/RoboticArcitecture/abb_experimental_ws/build/argus_utils/CMakeFiles/CMakeOutput.log".
See also "/home/jrv/Research/RoboticArcitecture/abb_experimental_ws/build/argus_utils/CMakeFiles/CMakeError.log".
