[31m[1mCMake Error[0m at /usr/local/share/cmake-3.9/Modules/FindPkgConfig.cmake:640 (message):
  None of the required 'system_lib' found
[36mCall Stack (most recent call first):[0m
  CMakeLists.txt:23 (pkg_search_module)


[33m[1mCMake Warning[0m at /opt/ros/kinetic/share/catkin/cmake/catkin_package.cmake:166 (message):
  catkin_package() DEPENDS on 'system_lib' but neither
  'system_lib_INCLUDE_DIRS' nor 'system_lib_LIBRARIES' is defined.
[36mCall Stack (most recent call first):[0m
  /opt/ros/kinetic/share/catkin/cmake/catkin_package.cmake:102 (_catkin_package)
  CMakeLists.txt:37 (catkin_package)


[33m[1mCMake Warning[0m at /opt/ros/kinetic/share/catkin/cmake/catkin_package.cmake:166 (message):
  catkin_package() DEPENDS on 'sophus_external' but neither
  'sophus_external_INCLUDE_DIRS' nor 'sophus_external_LIBRARIES' is defined.
[36mCall Stack (most recent call first):[0m
  /opt/ros/kinetic/share/catkin/cmake/catkin_package.cmake:102 (_catkin_package)
  CMakeLists.txt:37 (catkin_package)


[31m[1mCMake Error[0m at /opt/ros/kinetic/share/catkin/cmake/catkin_package.cmake:297 (message):
  catkin_package() absolute include dir
  '/home/jrv/Research/RoboticArcitecture/abb_experimental_ws/devel/.private/argus_utils/include'
  does not exist
[36mCall Stack (most recent call first):[0m
  /opt/ros/kinetic/share/catkin/cmake/catkin_package.cmake:102 (_catkin_package)
  CMakeLists.txt:37 (catkin_package)


