Determining if the pthread_create exist failed with the following output:
Change Dir: /home/jrv/Research/RoboticArcitecture/abb_experimental_ws/build/industrial_robot_client/CMakeFiles/CMakeTmp

Run Build Command:"/usr/bin/make" "cmTC_651bd/fast"
/usr/bin/make -f CMakeFiles/cmTC_651bd.dir/build.make CMakeFiles/cmTC_651bd.dir/build
make[1]: Entering directory '/home/jrv/Research/RoboticArcitecture/abb_experimental_ws/build/industrial_robot_client/CMakeFiles/CMakeTmp'
Building C object CMakeFiles/cmTC_651bd.dir/CheckSymbolExists.c.o
/usr/bin/cc    -o CMakeFiles/cmTC_651bd.dir/CheckSymbolExists.c.o   -c /home/jrv/Research/RoboticArcitecture/abb_experimental_ws/build/industrial_robot_client/CMakeFiles/CMakeTmp/CheckSymbolExists.c
Linking C executable cmTC_651bd
/usr/local/bin/cmake -E cmake_link_script CMakeFiles/cmTC_651bd.dir/link.txt --verbose=1
/usr/bin/cc      -rdynamic CMakeFiles/cmTC_651bd.dir/CheckSymbolExists.c.o  -o cmTC_651bd 
CMakeFiles/cmTC_651bd.dir/CheckSymbolExists.c.o: In function `main':
CheckSymbolExists.c:(.text+0x16): undefined reference to `pthread_create'
collect2: error: ld returned 1 exit status
CMakeFiles/cmTC_651bd.dir/build.make:97: recipe for target 'cmTC_651bd' failed
make[1]: *** [cmTC_651bd] Error 1
make[1]: Leaving directory '/home/jrv/Research/RoboticArcitecture/abb_experimental_ws/build/industrial_robot_client/CMakeFiles/CMakeTmp'
Makefile:126: recipe for target 'cmTC_651bd/fast' failed
make: *** [cmTC_651bd/fast] Error 2

File /home/jrv/Research/RoboticArcitecture/abb_experimental_ws/build/industrial_robot_client/CMakeFiles/CMakeTmp/CheckSymbolExists.c:
/* */
#include <pthread.h>

int main(int argc, char** argv)
{
  (void)argv;
#ifndef pthread_create
  return ((int*)(&pthread_create))[argc];
#else
  (void)argc;
  return 0;
#endif
}

Determining if the function pthread_create exists in the pthreads failed with the following output:
Change Dir: /home/jrv/Research/RoboticArcitecture/abb_experimental_ws/build/industrial_robot_client/CMakeFiles/CMakeTmp

Run Build Command:"/usr/bin/make" "cmTC_d3cc4/fast"
/usr/bin/make -f CMakeFiles/cmTC_d3cc4.dir/build.make CMakeFiles/cmTC_d3cc4.dir/build
make[1]: Entering directory '/home/jrv/Research/RoboticArcitecture/abb_experimental_ws/build/industrial_robot_client/CMakeFiles/CMakeTmp'
Building C object CMakeFiles/cmTC_d3cc4.dir/CheckFunctionExists.c.o
/usr/bin/cc   -DCHECK_FUNCTION_EXISTS=pthread_create   -o CMakeFiles/cmTC_d3cc4.dir/CheckFunctionExists.c.o   -c /usr/local/share/cmake-3.9/Modules/CheckFunctionExists.c
Linking C executable cmTC_d3cc4
/usr/local/bin/cmake -E cmake_link_script CMakeFiles/cmTC_d3cc4.dir/link.txt --verbose=1
/usr/bin/cc  -DCHECK_FUNCTION_EXISTS=pthread_create    -rdynamic CMakeFiles/cmTC_d3cc4.dir/CheckFunctionExists.c.o  -o cmTC_d3cc4 -lpthreads 
/usr/bin/ld: cannot find -lpthreads
collect2: error: ld returned 1 exit status
CMakeFiles/cmTC_d3cc4.dir/build.make:97: recipe for target 'cmTC_d3cc4' failed
make[1]: *** [cmTC_d3cc4] Error 1
make[1]: Leaving directory '/home/jrv/Research/RoboticArcitecture/abb_experimental_ws/build/industrial_robot_client/CMakeFiles/CMakeTmp'
Makefile:126: recipe for target 'cmTC_d3cc4/fast' failed
make: *** [cmTC_d3cc4/fast] Error 2


