Determining if the pthread_create exist failed with the following output:
Change Dir: /home/jrv/Research/RoboticArchitecture/abb_experimental_ws/build/abb_irb2400_moveit_plugins/CMakeFiles/CMakeTmp

Run Build Command:"/usr/bin/make" "cmTC_34ad6/fast"
/usr/bin/make -f CMakeFiles/cmTC_34ad6.dir/build.make CMakeFiles/cmTC_34ad6.dir/build
make[1]: Entering directory '/home/jrv/Research/RoboticArchitecture/abb_experimental_ws/build/abb_irb2400_moveit_plugins/CMakeFiles/CMakeTmp'
Building C object CMakeFiles/cmTC_34ad6.dir/CheckSymbolExists.c.o
/usr/bin/cc    -o CMakeFiles/cmTC_34ad6.dir/CheckSymbolExists.c.o   -c /home/jrv/Research/RoboticArchitecture/abb_experimental_ws/build/abb_irb2400_moveit_plugins/CMakeFiles/CMakeTmp/CheckSymbolExists.c
Linking C executable cmTC_34ad6
/usr/local/bin/cmake -E cmake_link_script CMakeFiles/cmTC_34ad6.dir/link.txt --verbose=1
/usr/bin/cc      -rdynamic CMakeFiles/cmTC_34ad6.dir/CheckSymbolExists.c.o  -o cmTC_34ad6 
CMakeFiles/cmTC_34ad6.dir/CheckSymbolExists.c.o: In function `main':
CheckSymbolExists.c:(.text+0x16): undefined reference to `pthread_create'
collect2: error: ld returned 1 exit status
CMakeFiles/cmTC_34ad6.dir/build.make:97: recipe for target 'cmTC_34ad6' failed
make[1]: *** [cmTC_34ad6] Error 1
make[1]: Leaving directory '/home/jrv/Research/RoboticArchitecture/abb_experimental_ws/build/abb_irb2400_moveit_plugins/CMakeFiles/CMakeTmp'
Makefile:126: recipe for target 'cmTC_34ad6/fast' failed
make: *** [cmTC_34ad6/fast] Error 2

File /home/jrv/Research/RoboticArchitecture/abb_experimental_ws/build/abb_irb2400_moveit_plugins/CMakeFiles/CMakeTmp/CheckSymbolExists.c:
/* */
#include <pthread.h>

int main(int argc, char** argv)
{
  (void)argv;
#ifndef pthread_create
  return ((int*)(&pthread_create))[argc];
#else
  (void)argc;
  return 0;
#endif
}

Determining if the function pthread_create exists in the pthreads failed with the following output:
Change Dir: /home/jrv/Research/RoboticArchitecture/abb_experimental_ws/build/abb_irb2400_moveit_plugins/CMakeFiles/CMakeTmp

Run Build Command:"/usr/bin/make" "cmTC_af778/fast"
/usr/bin/make -f CMakeFiles/cmTC_af778.dir/build.make CMakeFiles/cmTC_af778.dir/build
make[1]: Entering directory '/home/jrv/Research/RoboticArchitecture/abb_experimental_ws/build/abb_irb2400_moveit_plugins/CMakeFiles/CMakeTmp'
Building C object CMakeFiles/cmTC_af778.dir/CheckFunctionExists.c.o
/usr/bin/cc   -DCHECK_FUNCTION_EXISTS=pthread_create   -o CMakeFiles/cmTC_af778.dir/CheckFunctionExists.c.o   -c /usr/local/share/cmake-3.9/Modules/CheckFunctionExists.c
Linking C executable cmTC_af778
/usr/local/bin/cmake -E cmake_link_script CMakeFiles/cmTC_af778.dir/link.txt --verbose=1
/usr/bin/cc  -DCHECK_FUNCTION_EXISTS=pthread_create    -rdynamic CMakeFiles/cmTC_af778.dir/CheckFunctionExists.c.o  -o cmTC_af778 -lpthreads 
/usr/bin/ld: cannot find -lpthreads
collect2: error: ld returned 1 exit status
CMakeFiles/cmTC_af778.dir/build.make:97: recipe for target 'cmTC_af778' failed
make[1]: *** [cmTC_af778] Error 1
make[1]: Leaving directory '/home/jrv/Research/RoboticArchitecture/abb_experimental_ws/build/abb_irb2400_moveit_plugins/CMakeFiles/CMakeTmp'
Makefile:126: recipe for target 'cmTC_af778/fast' failed
make: *** [cmTC_af778/fast] Error 2


