Determining if the pthread_create exist failed with the following output:
Change Dir: /home/jrv/Research/RoboticArchitecture/abb_experimental_ws/build/rosserial_client/CMakeFiles/CMakeTmp

Run Build Command:"/usr/bin/make" "cmTC_99460/fast"
/usr/bin/make -f CMakeFiles/cmTC_99460.dir/build.make CMakeFiles/cmTC_99460.dir/build
make[1]: Entering directory '/home/jrv/Research/RoboticArchitecture/abb_experimental_ws/build/rosserial_client/CMakeFiles/CMakeTmp'
Building C object CMakeFiles/cmTC_99460.dir/CheckSymbolExists.c.o
/usr/bin/cc    -o CMakeFiles/cmTC_99460.dir/CheckSymbolExists.c.o   -c /home/jrv/Research/RoboticArchitecture/abb_experimental_ws/build/rosserial_client/CMakeFiles/CMakeTmp/CheckSymbolExists.c
Linking C executable cmTC_99460
/usr/local/bin/cmake -E cmake_link_script CMakeFiles/cmTC_99460.dir/link.txt --verbose=1
/usr/bin/cc      -rdynamic CMakeFiles/cmTC_99460.dir/CheckSymbolExists.c.o  -o cmTC_99460 
CMakeFiles/cmTC_99460.dir/CheckSymbolExists.c.o: In function `main':
CheckSymbolExists.c:(.text+0x16): undefined reference to `pthread_create'
collect2: error: ld returned 1 exit status
CMakeFiles/cmTC_99460.dir/build.make:97: recipe for target 'cmTC_99460' failed
make[1]: *** [cmTC_99460] Error 1
make[1]: Leaving directory '/home/jrv/Research/RoboticArchitecture/abb_experimental_ws/build/rosserial_client/CMakeFiles/CMakeTmp'
Makefile:126: recipe for target 'cmTC_99460/fast' failed
make: *** [cmTC_99460/fast] Error 2

File /home/jrv/Research/RoboticArchitecture/abb_experimental_ws/build/rosserial_client/CMakeFiles/CMakeTmp/CheckSymbolExists.c:
/* */
#include <pthread.h>

int main(int argc, char** argv)
{
  (void)argv;
#ifndef pthread_create
  return ((int*)(&pthread_create))[argc];
#else
  (void)argc;
  return 0;
#endif
}

Determining if the function pthread_create exists in the pthreads failed with the following output:
Change Dir: /home/jrv/Research/RoboticArchitecture/abb_experimental_ws/build/rosserial_client/CMakeFiles/CMakeTmp

Run Build Command:"/usr/bin/make" "cmTC_38437/fast"
/usr/bin/make -f CMakeFiles/cmTC_38437.dir/build.make CMakeFiles/cmTC_38437.dir/build
make[1]: Entering directory '/home/jrv/Research/RoboticArchitecture/abb_experimental_ws/build/rosserial_client/CMakeFiles/CMakeTmp'
Building C object CMakeFiles/cmTC_38437.dir/CheckFunctionExists.c.o
/usr/bin/cc   -DCHECK_FUNCTION_EXISTS=pthread_create   -o CMakeFiles/cmTC_38437.dir/CheckFunctionExists.c.o   -c /usr/local/share/cmake-3.9/Modules/CheckFunctionExists.c
Linking C executable cmTC_38437
/usr/local/bin/cmake -E cmake_link_script CMakeFiles/cmTC_38437.dir/link.txt --verbose=1
/usr/bin/cc  -DCHECK_FUNCTION_EXISTS=pthread_create    -rdynamic CMakeFiles/cmTC_38437.dir/CheckFunctionExists.c.o  -o cmTC_38437 -lpthreads 
/usr/bin/ld: cannot find -lpthreads
collect2: error: ld returned 1 exit status
CMakeFiles/cmTC_38437.dir/build.make:97: recipe for target 'cmTC_38437' failed
make[1]: *** [cmTC_38437] Error 1
make[1]: Leaving directory '/home/jrv/Research/RoboticArchitecture/abb_experimental_ws/build/rosserial_client/CMakeFiles/CMakeTmp'
Makefile:126: recipe for target 'cmTC_38437/fast' failed
make: *** [cmTC_38437/fast] Error 2


