Determining if the pthread_create exist failed with the following output:
Change Dir: /home/jrv/Research/RoboticArchitecture/abb_experimental_ws/build/abb_irb2400_support/CMakeFiles/CMakeTmp

Run Build Command:"/usr/bin/make" "cmTC_417f5/fast"
/usr/bin/make -f CMakeFiles/cmTC_417f5.dir/build.make CMakeFiles/cmTC_417f5.dir/build
make[1]: Entering directory '/home/jrv/Research/RoboticArchitecture/abb_experimental_ws/build/abb_irb2400_support/CMakeFiles/CMakeTmp'
Building C object CMakeFiles/cmTC_417f5.dir/CheckSymbolExists.c.o
/usr/bin/cc    -o CMakeFiles/cmTC_417f5.dir/CheckSymbolExists.c.o   -c /home/jrv/Research/RoboticArchitecture/abb_experimental_ws/build/abb_irb2400_support/CMakeFiles/CMakeTmp/CheckSymbolExists.c
Linking C executable cmTC_417f5
/usr/local/bin/cmake -E cmake_link_script CMakeFiles/cmTC_417f5.dir/link.txt --verbose=1
/usr/bin/cc      -rdynamic CMakeFiles/cmTC_417f5.dir/CheckSymbolExists.c.o  -o cmTC_417f5 
CMakeFiles/cmTC_417f5.dir/CheckSymbolExists.c.o: In function `main':
CheckSymbolExists.c:(.text+0x16): undefined reference to `pthread_create'
collect2: error: ld returned 1 exit status
CMakeFiles/cmTC_417f5.dir/build.make:97: recipe for target 'cmTC_417f5' failed
make[1]: *** [cmTC_417f5] Error 1
make[1]: Leaving directory '/home/jrv/Research/RoboticArchitecture/abb_experimental_ws/build/abb_irb2400_support/CMakeFiles/CMakeTmp'
Makefile:126: recipe for target 'cmTC_417f5/fast' failed
make: *** [cmTC_417f5/fast] Error 2

File /home/jrv/Research/RoboticArchitecture/abb_experimental_ws/build/abb_irb2400_support/CMakeFiles/CMakeTmp/CheckSymbolExists.c:
/* */
#include <pthread.h>

int main(int argc, char** argv)
{
  (void)argv;
#ifndef pthread_create
  return ((int*)(&pthread_create))[argc];
#else
  (void)argc;
  return 0;
#endif
}

Determining if the function pthread_create exists in the pthreads failed with the following output:
Change Dir: /home/jrv/Research/RoboticArchitecture/abb_experimental_ws/build/abb_irb2400_support/CMakeFiles/CMakeTmp

Run Build Command:"/usr/bin/make" "cmTC_4503c/fast"
/usr/bin/make -f CMakeFiles/cmTC_4503c.dir/build.make CMakeFiles/cmTC_4503c.dir/build
make[1]: Entering directory '/home/jrv/Research/RoboticArchitecture/abb_experimental_ws/build/abb_irb2400_support/CMakeFiles/CMakeTmp'
Building C object CMakeFiles/cmTC_4503c.dir/CheckFunctionExists.c.o
/usr/bin/cc   -DCHECK_FUNCTION_EXISTS=pthread_create   -o CMakeFiles/cmTC_4503c.dir/CheckFunctionExists.c.o   -c /usr/local/share/cmake-3.9/Modules/CheckFunctionExists.c
Linking C executable cmTC_4503c
/usr/local/bin/cmake -E cmake_link_script CMakeFiles/cmTC_4503c.dir/link.txt --verbose=1
/usr/bin/cc  -DCHECK_FUNCTION_EXISTS=pthread_create    -rdynamic CMakeFiles/cmTC_4503c.dir/CheckFunctionExists.c.o  -o cmTC_4503c -lpthreads 
/usr/bin/ld: cannot find -lpthreads
collect2: error: ld returned 1 exit status
CMakeFiles/cmTC_4503c.dir/build.make:97: recipe for target 'cmTC_4503c' failed
make[1]: *** [cmTC_4503c] Error 1
make[1]: Leaving directory '/home/jrv/Research/RoboticArchitecture/abb_experimental_ws/build/abb_irb2400_support/CMakeFiles/CMakeTmp'
Makefile:126: recipe for target 'cmTC_4503c/fast' failed
make: *** [cmTC_4503c/fast] Error 2


