Determining if the pthread_create exist failed with the following output:
Change Dir: /home/jrv/Research/RoboticArcitecture/abb_experimental_ws/build/robot_pose_publisher/CMakeFiles/CMakeTmp

Run Build Command:"/usr/bin/make" "cmTC_0a58f/fast"
/usr/bin/make -f CMakeFiles/cmTC_0a58f.dir/build.make CMakeFiles/cmTC_0a58f.dir/build
make[1]: Entering directory '/home/jrv/Research/RoboticArcitecture/abb_experimental_ws/build/robot_pose_publisher/CMakeFiles/CMakeTmp'
Building C object CMakeFiles/cmTC_0a58f.dir/CheckSymbolExists.c.o
/usr/bin/cc    -o CMakeFiles/cmTC_0a58f.dir/CheckSymbolExists.c.o   -c /home/jrv/Research/RoboticArcitecture/abb_experimental_ws/build/robot_pose_publisher/CMakeFiles/CMakeTmp/CheckSymbolExists.c
Linking C executable cmTC_0a58f
/usr/local/bin/cmake -E cmake_link_script CMakeFiles/cmTC_0a58f.dir/link.txt --verbose=1
/usr/bin/cc      -rdynamic CMakeFiles/cmTC_0a58f.dir/CheckSymbolExists.c.o  -o cmTC_0a58f 
CMakeFiles/cmTC_0a58f.dir/CheckSymbolExists.c.o: In function `main':
CheckSymbolExists.c:(.text+0x16): undefined reference to `pthread_create'
collect2: error: ld returned 1 exit status
CMakeFiles/cmTC_0a58f.dir/build.make:97: recipe for target 'cmTC_0a58f' failed
make[1]: *** [cmTC_0a58f] Error 1
make[1]: Leaving directory '/home/jrv/Research/RoboticArcitecture/abb_experimental_ws/build/robot_pose_publisher/CMakeFiles/CMakeTmp'
Makefile:126: recipe for target 'cmTC_0a58f/fast' failed
make: *** [cmTC_0a58f/fast] Error 2

File /home/jrv/Research/RoboticArcitecture/abb_experimental_ws/build/robot_pose_publisher/CMakeFiles/CMakeTmp/CheckSymbolExists.c:
/* */
#include <pthread.h>

int main(int argc, char** argv)
{
  (void)argv;
#ifndef pthread_create
  return ((int*)(&pthread_create))[argc];
#else
  (void)argc;
  return 0;
#endif
}

Determining if the function pthread_create exists in the pthreads failed with the following output:
Change Dir: /home/jrv/Research/RoboticArcitecture/abb_experimental_ws/build/robot_pose_publisher/CMakeFiles/CMakeTmp

Run Build Command:"/usr/bin/make" "cmTC_679d3/fast"
/usr/bin/make -f CMakeFiles/cmTC_679d3.dir/build.make CMakeFiles/cmTC_679d3.dir/build
make[1]: Entering directory '/home/jrv/Research/RoboticArcitecture/abb_experimental_ws/build/robot_pose_publisher/CMakeFiles/CMakeTmp'
Building C object CMakeFiles/cmTC_679d3.dir/CheckFunctionExists.c.o
/usr/bin/cc   -DCHECK_FUNCTION_EXISTS=pthread_create   -o CMakeFiles/cmTC_679d3.dir/CheckFunctionExists.c.o   -c /usr/local/share/cmake-3.9/Modules/CheckFunctionExists.c
Linking C executable cmTC_679d3
/usr/local/bin/cmake -E cmake_link_script CMakeFiles/cmTC_679d3.dir/link.txt --verbose=1
/usr/bin/cc  -DCHECK_FUNCTION_EXISTS=pthread_create    -rdynamic CMakeFiles/cmTC_679d3.dir/CheckFunctionExists.c.o  -o cmTC_679d3 -lpthreads 
/usr/bin/ld: cannot find -lpthreads
collect2: error: ld returned 1 exit status
CMakeFiles/cmTC_679d3.dir/build.make:97: recipe for target 'cmTC_679d3' failed
make[1]: *** [cmTC_679d3] Error 1
make[1]: Leaving directory '/home/jrv/Research/RoboticArcitecture/abb_experimental_ws/build/robot_pose_publisher/CMakeFiles/CMakeTmp'
Makefile:126: recipe for target 'cmTC_679d3/fast' failed
make: *** [cmTC_679d3/fast] Error 2


