Determining if the pthread_create exist failed with the following output:
Change Dir: /home/jrv/Research/RoboticArcitecture/abb_experimental_ws/build/abb_irb6600_support/CMakeFiles/CMakeTmp

Run Build Command:"/usr/bin/make" "cmTC_28c72/fast"
/usr/bin/make -f CMakeFiles/cmTC_28c72.dir/build.make CMakeFiles/cmTC_28c72.dir/build
make[1]: Entering directory '/home/jrv/Research/RoboticArcitecture/abb_experimental_ws/build/abb_irb6600_support/CMakeFiles/CMakeTmp'
Building C object CMakeFiles/cmTC_28c72.dir/CheckSymbolExists.c.o
/usr/bin/cc    -o CMakeFiles/cmTC_28c72.dir/CheckSymbolExists.c.o   -c /home/jrv/Research/RoboticArcitecture/abb_experimental_ws/build/abb_irb6600_support/CMakeFiles/CMakeTmp/CheckSymbolExists.c
Linking C executable cmTC_28c72
/usr/local/bin/cmake -E cmake_link_script CMakeFiles/cmTC_28c72.dir/link.txt --verbose=1
/usr/bin/cc      -rdynamic CMakeFiles/cmTC_28c72.dir/CheckSymbolExists.c.o  -o cmTC_28c72 
CMakeFiles/cmTC_28c72.dir/CheckSymbolExists.c.o: In function `main':
CheckSymbolExists.c:(.text+0x16): undefined reference to `pthread_create'
collect2: error: ld returned 1 exit status
CMakeFiles/cmTC_28c72.dir/build.make:97: recipe for target 'cmTC_28c72' failed
make[1]: *** [cmTC_28c72] Error 1
make[1]: Leaving directory '/home/jrv/Research/RoboticArcitecture/abb_experimental_ws/build/abb_irb6600_support/CMakeFiles/CMakeTmp'
Makefile:126: recipe for target 'cmTC_28c72/fast' failed
make: *** [cmTC_28c72/fast] Error 2

File /home/jrv/Research/RoboticArcitecture/abb_experimental_ws/build/abb_irb6600_support/CMakeFiles/CMakeTmp/CheckSymbolExists.c:
/* */
#include <pthread.h>

int main(int argc, char** argv)
{
  (void)argv;
#ifndef pthread_create
  return ((int*)(&pthread_create))[argc];
#else
  (void)argc;
  return 0;
#endif
}

Determining if the function pthread_create exists in the pthreads failed with the following output:
Change Dir: /home/jrv/Research/RoboticArcitecture/abb_experimental_ws/build/abb_irb6600_support/CMakeFiles/CMakeTmp

Run Build Command:"/usr/bin/make" "cmTC_e696d/fast"
/usr/bin/make -f CMakeFiles/cmTC_e696d.dir/build.make CMakeFiles/cmTC_e696d.dir/build
make[1]: Entering directory '/home/jrv/Research/RoboticArcitecture/abb_experimental_ws/build/abb_irb6600_support/CMakeFiles/CMakeTmp'
Building C object CMakeFiles/cmTC_e696d.dir/CheckFunctionExists.c.o
/usr/bin/cc   -DCHECK_FUNCTION_EXISTS=pthread_create   -o CMakeFiles/cmTC_e696d.dir/CheckFunctionExists.c.o   -c /usr/local/share/cmake-3.9/Modules/CheckFunctionExists.c
Linking C executable cmTC_e696d
/usr/local/bin/cmake -E cmake_link_script CMakeFiles/cmTC_e696d.dir/link.txt --verbose=1
/usr/bin/cc  -DCHECK_FUNCTION_EXISTS=pthread_create    -rdynamic CMakeFiles/cmTC_e696d.dir/CheckFunctionExists.c.o  -o cmTC_e696d -lpthreads 
/usr/bin/ld: cannot find -lpthreads
collect2: error: ld returned 1 exit status
CMakeFiles/cmTC_e696d.dir/build.make:97: recipe for target 'cmTC_e696d' failed
make[1]: *** [cmTC_e696d] Error 1
make[1]: Leaving directory '/home/jrv/Research/RoboticArcitecture/abb_experimental_ws/build/abb_irb6600_support/CMakeFiles/CMakeTmp'
Makefile:126: recipe for target 'cmTC_e696d/fast' failed
make: *** [cmTC_e696d/fast] Error 2


