Determining if the pthread_create exist failed with the following output:
Change Dir: /home/jrv/Research/RoboticArcitecture/abb_experimental_ws/build/abb_irb4400_support/CMakeFiles/CMakeTmp

Run Build Command:"/usr/bin/make" "cmTC_188ce/fast"
/usr/bin/make -f CMakeFiles/cmTC_188ce.dir/build.make CMakeFiles/cmTC_188ce.dir/build
make[1]: Entering directory '/home/jrv/Research/RoboticArcitecture/abb_experimental_ws/build/abb_irb4400_support/CMakeFiles/CMakeTmp'
Building C object CMakeFiles/cmTC_188ce.dir/CheckSymbolExists.c.o
/usr/bin/cc    -o CMakeFiles/cmTC_188ce.dir/CheckSymbolExists.c.o   -c /home/jrv/Research/RoboticArcitecture/abb_experimental_ws/build/abb_irb4400_support/CMakeFiles/CMakeTmp/CheckSymbolExists.c
Linking C executable cmTC_188ce
/usr/local/bin/cmake -E cmake_link_script CMakeFiles/cmTC_188ce.dir/link.txt --verbose=1
/usr/bin/cc      -rdynamic CMakeFiles/cmTC_188ce.dir/CheckSymbolExists.c.o  -o cmTC_188ce 
CMakeFiles/cmTC_188ce.dir/CheckSymbolExists.c.o: In function `main':
CheckSymbolExists.c:(.text+0x16): undefined reference to `pthread_create'
collect2: error: ld returned 1 exit status
CMakeFiles/cmTC_188ce.dir/build.make:97: recipe for target 'cmTC_188ce' failed
make[1]: *** [cmTC_188ce] Error 1
make[1]: Leaving directory '/home/jrv/Research/RoboticArcitecture/abb_experimental_ws/build/abb_irb4400_support/CMakeFiles/CMakeTmp'
Makefile:126: recipe for target 'cmTC_188ce/fast' failed
make: *** [cmTC_188ce/fast] Error 2

File /home/jrv/Research/RoboticArcitecture/abb_experimental_ws/build/abb_irb4400_support/CMakeFiles/CMakeTmp/CheckSymbolExists.c:
/* */
#include <pthread.h>

int main(int argc, char** argv)
{
  (void)argv;
#ifndef pthread_create
  return ((int*)(&pthread_create))[argc];
#else
  (void)argc;
  return 0;
#endif
}

Determining if the function pthread_create exists in the pthreads failed with the following output:
Change Dir: /home/jrv/Research/RoboticArcitecture/abb_experimental_ws/build/abb_irb4400_support/CMakeFiles/CMakeTmp

Run Build Command:"/usr/bin/make" "cmTC_59fc6/fast"
/usr/bin/make -f CMakeFiles/cmTC_59fc6.dir/build.make CMakeFiles/cmTC_59fc6.dir/build
make[1]: Entering directory '/home/jrv/Research/RoboticArcitecture/abb_experimental_ws/build/abb_irb4400_support/CMakeFiles/CMakeTmp'
Building C object CMakeFiles/cmTC_59fc6.dir/CheckFunctionExists.c.o
/usr/bin/cc   -DCHECK_FUNCTION_EXISTS=pthread_create   -o CMakeFiles/cmTC_59fc6.dir/CheckFunctionExists.c.o   -c /usr/local/share/cmake-3.9/Modules/CheckFunctionExists.c
Linking C executable cmTC_59fc6
/usr/local/bin/cmake -E cmake_link_script CMakeFiles/cmTC_59fc6.dir/link.txt --verbose=1
/usr/bin/cc  -DCHECK_FUNCTION_EXISTS=pthread_create    -rdynamic CMakeFiles/cmTC_59fc6.dir/CheckFunctionExists.c.o  -o cmTC_59fc6 -lpthreads 
/usr/bin/ld: cannot find -lpthreads
collect2: error: ld returned 1 exit status
CMakeFiles/cmTC_59fc6.dir/build.make:97: recipe for target 'cmTC_59fc6' failed
make[1]: *** [cmTC_59fc6] Error 1
make[1]: Leaving directory '/home/jrv/Research/RoboticArcitecture/abb_experimental_ws/build/abb_irb4400_support/CMakeFiles/CMakeTmp'
Makefile:126: recipe for target 'cmTC_59fc6/fast' failed
make: *** [cmTC_59fc6/fast] Error 2


