Determining if the pthread_create exist failed with the following output:
Change Dir: /home/jrv/Research/Robotic Architecture/abb_experimental_ws/build/industrial_utils/CMakeFiles/CMakeTmp

Run Build Command:"/usr/bin/make" "cmTC_f4ba4/fast"
/usr/bin/make -f CMakeFiles/cmTC_f4ba4.dir/build.make CMakeFiles/cmTC_f4ba4.dir/build
make[1]: Entering directory '/home/jrv/Research/Robotic Architecture/abb_experimental_ws/build/industrial_utils/CMakeFiles/CMakeTmp'
Building C object CMakeFiles/cmTC_f4ba4.dir/CheckSymbolExists.c.o
/usr/bin/cc    -o CMakeFiles/cmTC_f4ba4.dir/CheckSymbolExists.c.o   -c "/home/jrv/Research/Robotic Architecture/abb_experimental_ws/build/industrial_utils/CMakeFiles/CMakeTmp/CheckSymbolExists.c"
Linking C executable cmTC_f4ba4
/usr/local/bin/cmake -E cmake_link_script CMakeFiles/cmTC_f4ba4.dir/link.txt --verbose=1
/usr/bin/cc      -rdynamic CMakeFiles/cmTC_f4ba4.dir/CheckSymbolExists.c.o  -o cmTC_f4ba4 
CMakeFiles/cmTC_f4ba4.dir/CheckSymbolExists.c.o: In function `main':
CheckSymbolExists.c:(.text+0x16): undefined reference to `pthread_create'
collect2: error: ld returned 1 exit status
CMakeFiles/cmTC_f4ba4.dir/build.make:97: recipe for target 'cmTC_f4ba4' failed
make[1]: *** [cmTC_f4ba4] Error 1
make[1]: Leaving directory '/home/jrv/Research/Robotic Architecture/abb_experimental_ws/build/industrial_utils/CMakeFiles/CMakeTmp'
Makefile:126: recipe for target 'cmTC_f4ba4/fast' failed
make: *** [cmTC_f4ba4/fast] Error 2

File /home/jrv/Research/Robotic Architecture/abb_experimental_ws/build/industrial_utils/CMakeFiles/CMakeTmp/CheckSymbolExists.c:
/* */
#include <pthread.h>

int main(int argc, char** argv)
{
  (void)argv;
#ifndef pthread_create
  return ((int*)(&pthread_create))[argc];
#else
  (void)argc;
  return 0;
#endif
}

Determining if the function pthread_create exists in the pthreads failed with the following output:
Change Dir: /home/jrv/Research/Robotic Architecture/abb_experimental_ws/build/industrial_utils/CMakeFiles/CMakeTmp

Run Build Command:"/usr/bin/make" "cmTC_fab3e/fast"
/usr/bin/make -f CMakeFiles/cmTC_fab3e.dir/build.make CMakeFiles/cmTC_fab3e.dir/build
make[1]: Entering directory '/home/jrv/Research/Robotic Architecture/abb_experimental_ws/build/industrial_utils/CMakeFiles/CMakeTmp'
Building C object CMakeFiles/cmTC_fab3e.dir/CheckFunctionExists.c.o
/usr/bin/cc   -DCHECK_FUNCTION_EXISTS=pthread_create   -o CMakeFiles/cmTC_fab3e.dir/CheckFunctionExists.c.o   -c /usr/local/share/cmake-3.9/Modules/CheckFunctionExists.c
Linking C executable cmTC_fab3e
/usr/local/bin/cmake -E cmake_link_script CMakeFiles/cmTC_fab3e.dir/link.txt --verbose=1
/usr/bin/cc  -DCHECK_FUNCTION_EXISTS=pthread_create    -rdynamic CMakeFiles/cmTC_fab3e.dir/CheckFunctionExists.c.o  -o cmTC_fab3e -lpthreads 
/usr/bin/ld: cannot find -lpthreads
collect2: error: ld returned 1 exit status
CMakeFiles/cmTC_fab3e.dir/build.make:97: recipe for target 'cmTC_fab3e' failed
make[1]: *** [cmTC_fab3e] Error 1
make[1]: Leaving directory '/home/jrv/Research/Robotic Architecture/abb_experimental_ws/build/industrial_utils/CMakeFiles/CMakeTmp'
Makefile:126: recipe for target 'cmTC_fab3e/fast' failed
make: *** [cmTC_fab3e/fast] Error 2


