Determining if the pthread_create exist failed with the following output:
Change Dir: /home/jrv/Research/RoboticArcitecture/abb_experimental_ws/build/industrial_robot_simulator/CMakeFiles/CMakeTmp

Run Build Command:"/usr/bin/make" "cmTC_8ca7c/fast"
/usr/bin/make -f CMakeFiles/cmTC_8ca7c.dir/build.make CMakeFiles/cmTC_8ca7c.dir/build
make[1]: Entering directory '/home/jrv/Research/RoboticArcitecture/abb_experimental_ws/build/industrial_robot_simulator/CMakeFiles/CMakeTmp'
Building C object CMakeFiles/cmTC_8ca7c.dir/CheckSymbolExists.c.o
/usr/bin/cc    -o CMakeFiles/cmTC_8ca7c.dir/CheckSymbolExists.c.o   -c /home/jrv/Research/RoboticArcitecture/abb_experimental_ws/build/industrial_robot_simulator/CMakeFiles/CMakeTmp/CheckSymbolExists.c
Linking C executable cmTC_8ca7c
/usr/local/bin/cmake -E cmake_link_script CMakeFiles/cmTC_8ca7c.dir/link.txt --verbose=1
/usr/bin/cc      -rdynamic CMakeFiles/cmTC_8ca7c.dir/CheckSymbolExists.c.o  -o cmTC_8ca7c 
CMakeFiles/cmTC_8ca7c.dir/CheckSymbolExists.c.o: In function `main':
CheckSymbolExists.c:(.text+0x16): undefined reference to `pthread_create'
collect2: error: ld returned 1 exit status
CMakeFiles/cmTC_8ca7c.dir/build.make:97: recipe for target 'cmTC_8ca7c' failed
make[1]: *** [cmTC_8ca7c] Error 1
make[1]: Leaving directory '/home/jrv/Research/RoboticArcitecture/abb_experimental_ws/build/industrial_robot_simulator/CMakeFiles/CMakeTmp'
Makefile:126: recipe for target 'cmTC_8ca7c/fast' failed
make: *** [cmTC_8ca7c/fast] Error 2

File /home/jrv/Research/RoboticArcitecture/abb_experimental_ws/build/industrial_robot_simulator/CMakeFiles/CMakeTmp/CheckSymbolExists.c:
/* */
#include <pthread.h>

int main(int argc, char** argv)
{
  (void)argv;
#ifndef pthread_create
  return ((int*)(&pthread_create))[argc];
#else
  (void)argc;
  return 0;
#endif
}

Determining if the function pthread_create exists in the pthreads failed with the following output:
Change Dir: /home/jrv/Research/RoboticArcitecture/abb_experimental_ws/build/industrial_robot_simulator/CMakeFiles/CMakeTmp

Run Build Command:"/usr/bin/make" "cmTC_7ad71/fast"
/usr/bin/make -f CMakeFiles/cmTC_7ad71.dir/build.make CMakeFiles/cmTC_7ad71.dir/build
make[1]: Entering directory '/home/jrv/Research/RoboticArcitecture/abb_experimental_ws/build/industrial_robot_simulator/CMakeFiles/CMakeTmp'
Building C object CMakeFiles/cmTC_7ad71.dir/CheckFunctionExists.c.o
/usr/bin/cc   -DCHECK_FUNCTION_EXISTS=pthread_create   -o CMakeFiles/cmTC_7ad71.dir/CheckFunctionExists.c.o   -c /usr/local/share/cmake-3.9/Modules/CheckFunctionExists.c
Linking C executable cmTC_7ad71
/usr/local/bin/cmake -E cmake_link_script CMakeFiles/cmTC_7ad71.dir/link.txt --verbose=1
/usr/bin/cc  -DCHECK_FUNCTION_EXISTS=pthread_create    -rdynamic CMakeFiles/cmTC_7ad71.dir/CheckFunctionExists.c.o  -o cmTC_7ad71 -lpthreads 
/usr/bin/ld: cannot find -lpthreads
collect2: error: ld returned 1 exit status
CMakeFiles/cmTC_7ad71.dir/build.make:97: recipe for target 'cmTC_7ad71' failed
make[1]: *** [cmTC_7ad71] Error 1
make[1]: Leaving directory '/home/jrv/Research/RoboticArcitecture/abb_experimental_ws/build/industrial_robot_simulator/CMakeFiles/CMakeTmp'
Makefile:126: recipe for target 'cmTC_7ad71/fast' failed
make: *** [cmTC_7ad71/fast] Error 2


