Symlinking /home/jrv/Research/RoboticArcitecture/abb_experimental_ws/devel/lib/libindustrial_robot_client_bswap.so
Symlinking /home/jrv/Research/RoboticArcitecture/abb_experimental_ws/devel/lib/libindustrial_robot_client_dummy.so
Symlinking /home/jrv/Research/RoboticArcitecture/abb_experimental_ws/devel/lib/libindustrial_robot_client.so
Symlinking /home/jrv/Research/RoboticArcitecture/abb_experimental_ws/devel/lib/pkgconfig/industrial_robot_client.pc
Symlinking /home/jrv/Research/RoboticArcitecture/abb_experimental_ws/devel/lib/industrial_robot_client/motion_download_interface_bswap
Symlinking /home/jrv/Research/RoboticArcitecture/abb_experimental_ws/devel/lib/industrial_robot_client/robot_state_bswap
Symlinking /home/jrv/Research/RoboticArcitecture/abb_experimental_ws/devel/lib/industrial_robot_client/motion_streaming_interface_bswap
Symlinking /home/jrv/Research/RoboticArcitecture/abb_experimental_ws/devel/lib/industrial_robot_client/joint_trajectory_action
Symlinking /home/jrv/Research/RoboticArcitecture/abb_experimental_ws/devel/lib/industrial_robot_client/robot_state
Symlinking /home/jrv/Research/RoboticArcitecture/abb_experimental_ws/devel/lib/industrial_robot_client/motion_streaming_interface
Symlinking /home/jrv/Research/RoboticArcitecture/abb_experimental_ws/devel/lib/industrial_robot_client/motion_download_interface
Symlinking /home/jrv/Research/RoboticArcitecture/abb_experimental_ws/devel/share/industrial_robot_client/cmake/industrial_robot_clientConfig.cmake
Symlinking /home/jrv/Research/RoboticArcitecture/abb_experimental_ws/devel/share/industrial_robot_client/cmake/industrial_robot_clientConfig-version.cmake
Cleaning: (/home/jrv/Research/RoboticArchitecture/abb_experimental_ws/devel/.private/industrial_robot_client/lib/libindustrial_robot_client_bswap.so, /home/jrv/Research/RoboticArchitecture/abb_experimental_ws/devel/lib/libindustrial_robot_client_bswap.so)
Cleaning: (/home/jrv/Research/RoboticArchitecture/abb_experimental_ws/devel/.private/industrial_robot_client/lib/libindustrial_robot_client_dummy.so, /home/jrv/Research/RoboticArchitecture/abb_experimental_ws/devel/lib/libindustrial_robot_client_dummy.so)
Cleaning: (/home/jrv/Research/RoboticArchitecture/abb_experimental_ws/devel/.private/industrial_robot_client/lib/libindustrial_robot_client.so, /home/jrv/Research/RoboticArchitecture/abb_experimental_ws/devel/lib/libindustrial_robot_client.so)
Cleaning: (/home/jrv/Research/RoboticArchitecture/abb_experimental_ws/devel/.private/industrial_robot_client/lib/pkgconfig/industrial_robot_client.pc, /home/jrv/Research/RoboticArchitecture/abb_experimental_ws/devel/lib/pkgconfig/industrial_robot_client.pc)
Cleaning: (/home/jrv/Research/RoboticArchitecture/abb_experimental_ws/devel/.private/industrial_robot_client/lib/industrial_robot_client/motion_download_interface_bswap, /home/jrv/Research/RoboticArchitecture/abb_experimental_ws/devel/lib/industrial_robot_client/motion_download_interface_bswap)
Cleaning: (/home/jrv/Research/RoboticArchitecture/abb_experimental_ws/devel/.private/industrial_robot_client/lib/industrial_robot_client/robot_state_bswap, /home/jrv/Research/RoboticArchitecture/abb_experimental_ws/devel/lib/industrial_robot_client/robot_state_bswap)
Cleaning: (/home/jrv/Research/RoboticArchitecture/abb_experimental_ws/devel/.private/industrial_robot_client/lib/industrial_robot_client/motion_streaming_interface_bswap, /home/jrv/Research/RoboticArchitecture/abb_experimental_ws/devel/lib/industrial_robot_client/motion_streaming_interface_bswap)
Cleaning: (/home/jrv/Research/RoboticArchitecture/abb_experimental_ws/devel/.private/industrial_robot_client/lib/industrial_robot_client/joint_trajectory_action, /home/jrv/Research/RoboticArchitecture/abb_experimental_ws/devel/lib/industrial_robot_client/joint_trajectory_action)
Cleaning: (/home/jrv/Research/RoboticArchitecture/abb_experimental_ws/devel/.private/industrial_robot_client/lib/industrial_robot_client/robot_state, /home/jrv/Research/RoboticArchitecture/abb_experimental_ws/devel/lib/industrial_robot_client/robot_state)
Cleaning: (/home/jrv/Research/RoboticArchitecture/abb_experimental_ws/devel/.private/industrial_robot_client/lib/industrial_robot_client/motion_streaming_interface, /home/jrv/Research/RoboticArchitecture/abb_experimental_ws/devel/lib/industrial_robot_client/motion_streaming_interface)
Cleaning: (/home/jrv/Research/RoboticArchitecture/abb_experimental_ws/devel/.private/industrial_robot_client/lib/industrial_robot_client/motion_download_interface, /home/jrv/Research/RoboticArchitecture/abb_experimental_ws/devel/lib/industrial_robot_client/motion_download_interface)
Cleaning: (/home/jrv/Research/RoboticArchitecture/abb_experimental_ws/devel/.private/industrial_robot_client/share/industrial_robot_client/cmake/industrial_robot_clientConfig.cmake, /home/jrv/Research/RoboticArchitecture/abb_experimental_ws/devel/share/industrial_robot_client/cmake/industrial_robot_clientConfig.cmake)
Cleaning: (/home/jrv/Research/RoboticArchitecture/abb_experimental_ws/devel/.private/industrial_robot_client/share/industrial_robot_client/cmake/industrial_robot_clientConfig-version.cmake, /home/jrv/Research/RoboticArchitecture/abb_experimental_ws/devel/share/industrial_robot_client/cmake/industrial_robot_clientConfig-version.cmake)
Unlinking: /home/jrv/Research/RoboticArchitecture/abb_experimental_ws/devel/lib/libindustrial_robot_client_bswap.so
Already unlinked: {}
Unlinking: /home/jrv/Research/RoboticArchitecture/abb_experimental_ws/devel/lib/libindustrial_robot_client_dummy.so
Already unlinked: {}
Unlinking: /home/jrv/Research/RoboticArchitecture/abb_experimental_ws/devel/lib/libindustrial_robot_client.so
Already unlinked: {}
Unlinking: /home/jrv/Research/RoboticArchitecture/abb_experimental_ws/devel/lib/pkgconfig/industrial_robot_client.pc
Already unlinked: {}
Unlinking: /home/jrv/Research/RoboticArchitecture/abb_experimental_ws/devel/lib/industrial_robot_client/motion_download_interface_bswap
Already unlinked: {}
Unlinking: /home/jrv/Research/RoboticArchitecture/abb_experimental_ws/devel/lib/industrial_robot_client/robot_state_bswap
Already unlinked: {}
Unlinking: /home/jrv/Research/RoboticArchitecture/abb_experimental_ws/devel/lib/industrial_robot_client/motion_streaming_interface_bswap
Already unlinked: {}
Unlinking: /home/jrv/Research/RoboticArchitecture/abb_experimental_ws/devel/lib/industrial_robot_client/joint_trajectory_action
Already unlinked: {}
Unlinking: /home/jrv/Research/RoboticArchitecture/abb_experimental_ws/devel/lib/industrial_robot_client/robot_state
Already unlinked: {}
Unlinking: /home/jrv/Research/RoboticArchitecture/abb_experimental_ws/devel/lib/industrial_robot_client/motion_streaming_interface
Already unlinked: {}
Unlinking: /home/jrv/Research/RoboticArchitecture/abb_experimental_ws/devel/lib/industrial_robot_client/motion_download_interface
Already unlinked: {}
Unlinking: /home/jrv/Research/RoboticArchitecture/abb_experimental_ws/devel/share/industrial_robot_client/cmake/industrial_robot_clientConfig.cmake
Already unlinked: {}
Unlinking: /home/jrv/Research/RoboticArchitecture/abb_experimental_ws/devel/share/industrial_robot_client/cmake/industrial_robot_clientConfig-version.cmake
Already unlinked: {}
