Determining if the pthread_create exist failed with the following output:
Change Dir: /home/jrv/Research/RoboticArchitecture/abb_experimental_ws/build/abb_resources/CMakeFiles/CMakeTmp

Run Build Command:"/usr/bin/make" "cmTC_a681c/fast"
/usr/bin/make -f CMakeFiles/cmTC_a681c.dir/build.make CMakeFiles/cmTC_a681c.dir/build
make[1]: Entering directory '/home/jrv/Research/RoboticArchitecture/abb_experimental_ws/build/abb_resources/CMakeFiles/CMakeTmp'
Building C object CMakeFiles/cmTC_a681c.dir/CheckSymbolExists.c.o
/usr/bin/cc    -o CMakeFiles/cmTC_a681c.dir/CheckSymbolExists.c.o   -c /home/jrv/Research/RoboticArchitecture/abb_experimental_ws/build/abb_resources/CMakeFiles/CMakeTmp/CheckSymbolExists.c
Linking C executable cmTC_a681c
/usr/local/bin/cmake -E cmake_link_script CMakeFiles/cmTC_a681c.dir/link.txt --verbose=1
/usr/bin/cc      -rdynamic CMakeFiles/cmTC_a681c.dir/CheckSymbolExists.c.o  -o cmTC_a681c 
CMakeFiles/cmTC_a681c.dir/CheckSymbolExists.c.o: In function `main':
CheckSymbolExists.c:(.text+0x16): undefined reference to `pthread_create'
collect2: error: ld returned 1 exit status
CMakeFiles/cmTC_a681c.dir/build.make:97: recipe for target 'cmTC_a681c' failed
make[1]: *** [cmTC_a681c] Error 1
make[1]: Leaving directory '/home/jrv/Research/RoboticArchitecture/abb_experimental_ws/build/abb_resources/CMakeFiles/CMakeTmp'
Makefile:126: recipe for target 'cmTC_a681c/fast' failed
make: *** [cmTC_a681c/fast] Error 2

File /home/jrv/Research/RoboticArchitecture/abb_experimental_ws/build/abb_resources/CMakeFiles/CMakeTmp/CheckSymbolExists.c:
/* */
#include <pthread.h>

int main(int argc, char** argv)
{
  (void)argv;
#ifndef pthread_create
  return ((int*)(&pthread_create))[argc];
#else
  (void)argc;
  return 0;
#endif
}

Determining if the function pthread_create exists in the pthreads failed with the following output:
Change Dir: /home/jrv/Research/RoboticArchitecture/abb_experimental_ws/build/abb_resources/CMakeFiles/CMakeTmp

Run Build Command:"/usr/bin/make" "cmTC_30a3e/fast"
/usr/bin/make -f CMakeFiles/cmTC_30a3e.dir/build.make CMakeFiles/cmTC_30a3e.dir/build
make[1]: Entering directory '/home/jrv/Research/RoboticArchitecture/abb_experimental_ws/build/abb_resources/CMakeFiles/CMakeTmp'
Building C object CMakeFiles/cmTC_30a3e.dir/CheckFunctionExists.c.o
/usr/bin/cc   -DCHECK_FUNCTION_EXISTS=pthread_create   -o CMakeFiles/cmTC_30a3e.dir/CheckFunctionExists.c.o   -c /usr/local/share/cmake-3.9/Modules/CheckFunctionExists.c
Linking C executable cmTC_30a3e
/usr/local/bin/cmake -E cmake_link_script CMakeFiles/cmTC_30a3e.dir/link.txt --verbose=1
/usr/bin/cc  -DCHECK_FUNCTION_EXISTS=pthread_create    -rdynamic CMakeFiles/cmTC_30a3e.dir/CheckFunctionExists.c.o  -o cmTC_30a3e -lpthreads 
/usr/bin/ld: cannot find -lpthreads
collect2: error: ld returned 1 exit status
CMakeFiles/cmTC_30a3e.dir/build.make:97: recipe for target 'cmTC_30a3e' failed
make[1]: *** [cmTC_30a3e] Error 1
make[1]: Leaving directory '/home/jrv/Research/RoboticArchitecture/abb_experimental_ws/build/abb_resources/CMakeFiles/CMakeTmp'
Makefile:126: recipe for target 'cmTC_30a3e/fast' failed
make: *** [cmTC_30a3e/fast] Error 2


