Determining if the pthread_create exist failed with the following output:
Change Dir: /home/jrv/Research/Robotic Architecture/abb_experimental_ws/build/industrial_msgs/CMakeFiles/CMakeTmp

Run Build Command:"/usr/bin/make" "cmTC_82fdd/fast"
/usr/bin/make -f CMakeFiles/cmTC_82fdd.dir/build.make CMakeFiles/cmTC_82fdd.dir/build
make[1]: Entering directory '/home/jrv/Research/Robotic Architecture/abb_experimental_ws/build/industrial_msgs/CMakeFiles/CMakeTmp'
Building C object CMakeFiles/cmTC_82fdd.dir/CheckSymbolExists.c.o
/usr/bin/cc    -o CMakeFiles/cmTC_82fdd.dir/CheckSymbolExists.c.o   -c "/home/jrv/Research/Robotic Architecture/abb_experimental_ws/build/industrial_msgs/CMakeFiles/CMakeTmp/CheckSymbolExists.c"
Linking C executable cmTC_82fdd
/usr/local/bin/cmake -E cmake_link_script CMakeFiles/cmTC_82fdd.dir/link.txt --verbose=1
/usr/bin/cc      -rdynamic CMakeFiles/cmTC_82fdd.dir/CheckSymbolExists.c.o  -o cmTC_82fdd 
CMakeFiles/cmTC_82fdd.dir/CheckSymbolExists.c.o: In function `main':
CheckSymbolExists.c:(.text+0x16): undefined reference to `pthread_create'
collect2: error: ld returned 1 exit status
CMakeFiles/cmTC_82fdd.dir/build.make:97: recipe for target 'cmTC_82fdd' failed
make[1]: *** [cmTC_82fdd] Error 1
make[1]: Leaving directory '/home/jrv/Research/Robotic Architecture/abb_experimental_ws/build/industrial_msgs/CMakeFiles/CMakeTmp'
Makefile:126: recipe for target 'cmTC_82fdd/fast' failed
make: *** [cmTC_82fdd/fast] Error 2

File /home/jrv/Research/Robotic Architecture/abb_experimental_ws/build/industrial_msgs/CMakeFiles/CMakeTmp/CheckSymbolExists.c:
/* */
#include <pthread.h>

int main(int argc, char** argv)
{
  (void)argv;
#ifndef pthread_create
  return ((int*)(&pthread_create))[argc];
#else
  (void)argc;
  return 0;
#endif
}

Determining if the function pthread_create exists in the pthreads failed with the following output:
Change Dir: /home/jrv/Research/Robotic Architecture/abb_experimental_ws/build/industrial_msgs/CMakeFiles/CMakeTmp

Run Build Command:"/usr/bin/make" "cmTC_bc3e2/fast"
/usr/bin/make -f CMakeFiles/cmTC_bc3e2.dir/build.make CMakeFiles/cmTC_bc3e2.dir/build
make[1]: Entering directory '/home/jrv/Research/Robotic Architecture/abb_experimental_ws/build/industrial_msgs/CMakeFiles/CMakeTmp'
Building C object CMakeFiles/cmTC_bc3e2.dir/CheckFunctionExists.c.o
/usr/bin/cc   -DCHECK_FUNCTION_EXISTS=pthread_create   -o CMakeFiles/cmTC_bc3e2.dir/CheckFunctionExists.c.o   -c /usr/local/share/cmake-3.9/Modules/CheckFunctionExists.c
Linking C executable cmTC_bc3e2
/usr/local/bin/cmake -E cmake_link_script CMakeFiles/cmTC_bc3e2.dir/link.txt --verbose=1
/usr/bin/cc  -DCHECK_FUNCTION_EXISTS=pthread_create    -rdynamic CMakeFiles/cmTC_bc3e2.dir/CheckFunctionExists.c.o  -o cmTC_bc3e2 -lpthreads 
/usr/bin/ld: cannot find -lpthreads
collect2: error: ld returned 1 exit status
CMakeFiles/cmTC_bc3e2.dir/build.make:97: recipe for target 'cmTC_bc3e2' failed
make[1]: *** [cmTC_bc3e2] Error 1
make[1]: Leaving directory '/home/jrv/Research/Robotic Architecture/abb_experimental_ws/build/industrial_msgs/CMakeFiles/CMakeTmp'
Makefile:126: recipe for target 'cmTC_bc3e2/fast' failed
make: *** [cmTC_bc3e2/fast] Error 2


