Determining if the pthread_create exist failed with the following output:
Change Dir: /home/jrv/Research/RoboticArchitecture/abb_experimental_ws/build/rosserial_mbed/CMakeFiles/CMakeTmp

Run Build Command:"/usr/bin/make" "cmTC_e9247/fast"
/usr/bin/make -f CMakeFiles/cmTC_e9247.dir/build.make CMakeFiles/cmTC_e9247.dir/build
make[1]: Entering directory '/home/jrv/Research/RoboticArchitecture/abb_experimental_ws/build/rosserial_mbed/CMakeFiles/CMakeTmp'
Building C object CMakeFiles/cmTC_e9247.dir/CheckSymbolExists.c.o
/usr/bin/cc    -o CMakeFiles/cmTC_e9247.dir/CheckSymbolExists.c.o   -c /home/jrv/Research/RoboticArchitecture/abb_experimental_ws/build/rosserial_mbed/CMakeFiles/CMakeTmp/CheckSymbolExists.c
Linking C executable cmTC_e9247
/usr/local/bin/cmake -E cmake_link_script CMakeFiles/cmTC_e9247.dir/link.txt --verbose=1
/usr/bin/cc      -rdynamic CMakeFiles/cmTC_e9247.dir/CheckSymbolExists.c.o  -o cmTC_e9247 
CMakeFiles/cmTC_e9247.dir/CheckSymbolExists.c.o: In function `main':
CheckSymbolExists.c:(.text+0x16): undefined reference to `pthread_create'
collect2: error: ld returned 1 exit status
CMakeFiles/cmTC_e9247.dir/build.make:97: recipe for target 'cmTC_e9247' failed
make[1]: *** [cmTC_e9247] Error 1
make[1]: Leaving directory '/home/jrv/Research/RoboticArchitecture/abb_experimental_ws/build/rosserial_mbed/CMakeFiles/CMakeTmp'
Makefile:126: recipe for target 'cmTC_e9247/fast' failed
make: *** [cmTC_e9247/fast] Error 2

File /home/jrv/Research/RoboticArchitecture/abb_experimental_ws/build/rosserial_mbed/CMakeFiles/CMakeTmp/CheckSymbolExists.c:
/* */
#include <pthread.h>

int main(int argc, char** argv)
{
  (void)argv;
#ifndef pthread_create
  return ((int*)(&pthread_create))[argc];
#else
  (void)argc;
  return 0;
#endif
}

Determining if the function pthread_create exists in the pthreads failed with the following output:
Change Dir: /home/jrv/Research/RoboticArchitecture/abb_experimental_ws/build/rosserial_mbed/CMakeFiles/CMakeTmp

Run Build Command:"/usr/bin/make" "cmTC_bfca7/fast"
/usr/bin/make -f CMakeFiles/cmTC_bfca7.dir/build.make CMakeFiles/cmTC_bfca7.dir/build
make[1]: Entering directory '/home/jrv/Research/RoboticArchitecture/abb_experimental_ws/build/rosserial_mbed/CMakeFiles/CMakeTmp'
Building C object CMakeFiles/cmTC_bfca7.dir/CheckFunctionExists.c.o
/usr/bin/cc   -DCHECK_FUNCTION_EXISTS=pthread_create   -o CMakeFiles/cmTC_bfca7.dir/CheckFunctionExists.c.o   -c /usr/local/share/cmake-3.9/Modules/CheckFunctionExists.c
Linking C executable cmTC_bfca7
/usr/local/bin/cmake -E cmake_link_script CMakeFiles/cmTC_bfca7.dir/link.txt --verbose=1
/usr/bin/cc  -DCHECK_FUNCTION_EXISTS=pthread_create    -rdynamic CMakeFiles/cmTC_bfca7.dir/CheckFunctionExists.c.o  -o cmTC_bfca7 -lpthreads 
/usr/bin/ld: cannot find -lpthreads
collect2: error: ld returned 1 exit status
CMakeFiles/cmTC_bfca7.dir/build.make:97: recipe for target 'cmTC_bfca7' failed
make[1]: *** [cmTC_bfca7] Error 1
make[1]: Leaving directory '/home/jrv/Research/RoboticArchitecture/abb_experimental_ws/build/rosserial_mbed/CMakeFiles/CMakeTmp'
Makefile:126: recipe for target 'cmTC_bfca7/fast' failed
make: *** [cmTC_bfca7/fast] Error 2


