[  0%] Built target _argus_msgs_generate_messages_check_deps_EstimatePerformance
[  0%] Built target _argus_msgs_generate_messages_check_deps_FiducialDetection
[  0%] Built target _argus_msgs_generate_messages_check_deps_FilterUpdateStep
[  0%] Built target _argus_msgs_generate_messages_check_deps_TransformWithCovarianceStamped
[  0%] Built target _argus_msgs_generate_messages_check_deps_OdometryArray
[  0%] Built target sensor_msgs_generate_messages_cpp
[  0%] Built target std_msgs_generate_messages_cpp
[  0%] Built target _argus_msgs_generate_messages_check_deps_MatrixFloat64
[  0%] Built target _argus_msgs_generate_messages_check_deps_SymmetricFloat64
[  0%] Built target nav_msgs_generate_messages_cpp
[  0%] Built target _argus_msgs_generate_messages_check_deps_FilterStepInfo
[  0%] Built target _argus_msgs_generate_messages_check_deps_Point2D
[  0%] Built target std_msgs_generate_messages_py
[  0%] Built target _argus_msgs_generate_messages_check_deps_ImageFiducialDetections
[  0%] Built target nav_msgs_generate_messages_py
[  0%] Built target std_msgs_generate_messages_lisp
[  0%] Built target sensor_msgs_generate_messages_py
[  0%] Built target nav_msgs_generate_messages_lisp
[  0%] Built target sensor_msgs_generate_messages_lisp
[  0%] Built target nav_msgs_generate_messages_eus
[  0%] Built target std_msgs_generate_messages_eus
[  0%] Built target sensor_msgs_generate_messages_eus
[  0%] Built target std_msgs_generate_messages_nodejs
[  0%] Built target nav_msgs_generate_messages_nodejs
[  0%] Built target _argus_msgs_generate_messages_check_deps_FilterPredictStep
[  0%] Built target sensor_msgs_generate_messages_nodejs
[ 19%] Built target argus_msgs_generate_messages_cpp
[ 38%] Built target argus_msgs_generate_messages_lisp
[ 57%] Built target argus_msgs_generate_messages_nodejs
[ 78%] Built target argus_msgs_generate_messages_eus
[100%] Built target argus_msgs_generate_messages_py
[100%] Built target argus_msgs_generate_messages
