Linked: (/home/jrv/Research/RoboticArcitecture/abb_experimental_ws/devel/.private/argus_msgs/lib/pkgconfig/argus_msgs.pc, /home/jrv/Research/RoboticArcitecture/abb_experimental_ws/devel/lib/pkgconfig/argus_msgs.pc)
Linked: (/home/jrv/Research/RoboticArcitecture/abb_experimental_ws/devel/.private/argus_msgs/lib/python2.7/dist-packages/argus_msgs/__init__.py, /home/jrv/Research/RoboticArcitecture/abb_experimental_ws/devel/lib/python2.7/dist-packages/argus_msgs/__init__.py)
Linked: (/home/jrv/Research/RoboticArcitecture/abb_experimental_ws/devel/.private/argus_msgs/lib/python2.7/dist-packages/argus_msgs/msg/_FilterPredictStep.py, /home/jrv/Research/RoboticArcitecture/abb_experimental_ws/devel/lib/python2.7/dist-packages/argus_msgs/msg/_FilterPredictStep.py)
Linked: (/home/jrv/Research/RoboticArcitecture/abb_experimental_ws/devel/.private/argus_msgs/lib/python2.7/dist-packages/argus_msgs/msg/_OdometryArray.py, /home/jrv/Research/RoboticArcitecture/abb_experimental_ws/devel/lib/python2.7/dist-packages/argus_msgs/msg/_OdometryArray.py)
Linked: (/home/jrv/Research/RoboticArcitecture/abb_experimental_ws/devel/.private/argus_msgs/lib/python2.7/dist-packages/argus_msgs/msg/_ImageFiducialDetections.py, /home/jrv/Research/RoboticArcitecture/abb_experimental_ws/devel/lib/python2.7/dist-packages/argus_msgs/msg/_ImageFiducialDetections.py)
Linked: (/home/jrv/Research/RoboticArcitecture/abb_experimental_ws/devel/.private/argus_msgs/lib/python2.7/dist-packages/argus_msgs/msg/_SymmetricFloat64.py, /home/jrv/Research/RoboticArcitecture/abb_experimental_ws/devel/lib/python2.7/dist-packages/argus_msgs/msg/_SymmetricFloat64.py)
Linked: (/home/jrv/Research/RoboticArcitecture/abb_experimental_ws/devel/.private/argus_msgs/lib/python2.7/dist-packages/argus_msgs/msg/__init__.py, /home/jrv/Research/RoboticArcitecture/abb_experimental_ws/devel/lib/python2.7/dist-packages/argus_msgs/msg/__init__.py)
Linked: (/home/jrv/Research/RoboticArcitecture/abb_experimental_ws/devel/.private/argus_msgs/lib/python2.7/dist-packages/argus_msgs/msg/_Point2D.py, /home/jrv/Research/RoboticArcitecture/abb_experimental_ws/devel/lib/python2.7/dist-packages/argus_msgs/msg/_Point2D.py)
Linked: (/home/jrv/Research/RoboticArcitecture/abb_experimental_ws/devel/.private/argus_msgs/lib/python2.7/dist-packages/argus_msgs/msg/_FilterUpdateStep.py, /home/jrv/Research/RoboticArcitecture/abb_experimental_ws/devel/lib/python2.7/dist-packages/argus_msgs/msg/_FilterUpdateStep.py)
Linked: (/home/jrv/Research/RoboticArcitecture/abb_experimental_ws/devel/.private/argus_msgs/lib/python2.7/dist-packages/argus_msgs/msg/_TransformWithCovarianceStamped.py, /home/jrv/Research/RoboticArcitecture/abb_experimental_ws/devel/lib/python2.7/dist-packages/argus_msgs/msg/_TransformWithCovarianceStamped.py)
Linked: (/home/jrv/Research/RoboticArcitecture/abb_experimental_ws/devel/.private/argus_msgs/lib/python2.7/dist-packages/argus_msgs/msg/_MatrixFloat64.py, /home/jrv/Research/RoboticArcitecture/abb_experimental_ws/devel/lib/python2.7/dist-packages/argus_msgs/msg/_MatrixFloat64.py)
Linked: (/home/jrv/Research/RoboticArcitecture/abb_experimental_ws/devel/.private/argus_msgs/lib/python2.7/dist-packages/argus_msgs/msg/_EstimatePerformance.py, /home/jrv/Research/RoboticArcitecture/abb_experimental_ws/devel/lib/python2.7/dist-packages/argus_msgs/msg/_EstimatePerformance.py)
Linked: (/home/jrv/Research/RoboticArcitecture/abb_experimental_ws/devel/.private/argus_msgs/lib/python2.7/dist-packages/argus_msgs/msg/_FiducialDetection.py, /home/jrv/Research/RoboticArcitecture/abb_experimental_ws/devel/lib/python2.7/dist-packages/argus_msgs/msg/_FiducialDetection.py)
Linked: (/home/jrv/Research/RoboticArcitecture/abb_experimental_ws/devel/.private/argus_msgs/lib/python2.7/dist-packages/argus_msgs/msg/_FilterStepInfo.py, /home/jrv/Research/RoboticArcitecture/abb_experimental_ws/devel/lib/python2.7/dist-packages/argus_msgs/msg/_FilterStepInfo.py)
Linked: (/home/jrv/Research/RoboticArcitecture/abb_experimental_ws/devel/.private/argus_msgs/include/argus_msgs/FilterStepInfo.h, /home/jrv/Research/RoboticArcitecture/abb_experimental_ws/devel/include/argus_msgs/FilterStepInfo.h)
Linked: (/home/jrv/Research/RoboticArcitecture/abb_experimental_ws/devel/.private/argus_msgs/include/argus_msgs/FilterUpdateStep.h, /home/jrv/Research/RoboticArcitecture/abb_experimental_ws/devel/include/argus_msgs/FilterUpdateStep.h)
Linked: (/home/jrv/Research/RoboticArcitecture/abb_experimental_ws/devel/.private/argus_msgs/include/argus_msgs/ImageFiducialDetections.h, /home/jrv/Research/RoboticArcitecture/abb_experimental_ws/devel/include/argus_msgs/ImageFiducialDetections.h)
Linked: (/home/jrv/Research/RoboticArcitecture/abb_experimental_ws/devel/.private/argus_msgs/include/argus_msgs/MatrixFloat64.h, /home/jrv/Research/RoboticArcitecture/abb_experimental_ws/devel/include/argus_msgs/MatrixFloat64.h)
Linked: (/home/jrv/Research/RoboticArcitecture/abb_experimental_ws/devel/.private/argus_msgs/include/argus_msgs/FilterPredictStep.h, /home/jrv/Research/RoboticArcitecture/abb_experimental_ws/devel/include/argus_msgs/FilterPredictStep.h)
Linked: (/home/jrv/Research/RoboticArcitecture/abb_experimental_ws/devel/.private/argus_msgs/include/argus_msgs/OdometryArray.h, /home/jrv/Research/RoboticArcitecture/abb_experimental_ws/devel/include/argus_msgs/OdometryArray.h)
Linked: (/home/jrv/Research/RoboticArcitecture/abb_experimental_ws/devel/.private/argus_msgs/include/argus_msgs/SymmetricFloat64.h, /home/jrv/Research/RoboticArcitecture/abb_experimental_ws/devel/include/argus_msgs/SymmetricFloat64.h)
Linked: (/home/jrv/Research/RoboticArcitecture/abb_experimental_ws/devel/.private/argus_msgs/include/argus_msgs/TransformWithCovarianceStamped.h, /home/jrv/Research/RoboticArcitecture/abb_experimental_ws/devel/include/argus_msgs/TransformWithCovarianceStamped.h)
Linked: (/home/jrv/Research/RoboticArcitecture/abb_experimental_ws/devel/.private/argus_msgs/include/argus_msgs/Point2D.h, /home/jrv/Research/RoboticArcitecture/abb_experimental_ws/devel/include/argus_msgs/Point2D.h)
Linked: (/home/jrv/Research/RoboticArcitecture/abb_experimental_ws/devel/.private/argus_msgs/include/argus_msgs/EstimatePerformance.h, /home/jrv/Research/RoboticArcitecture/abb_experimental_ws/devel/include/argus_msgs/EstimatePerformance.h)
Linked: (/home/jrv/Research/RoboticArcitecture/abb_experimental_ws/devel/.private/argus_msgs/include/argus_msgs/FiducialDetection.h, /home/jrv/Research/RoboticArcitecture/abb_experimental_ws/devel/include/argus_msgs/FiducialDetection.h)
Linked: (/home/jrv/Research/RoboticArcitecture/abb_experimental_ws/devel/.private/argus_msgs/share/common-lisp/ros/argus_msgs/msg/_package_EstimatePerformance.lisp, /home/jrv/Research/RoboticArcitecture/abb_experimental_ws/devel/share/common-lisp/ros/argus_msgs/msg/_package_EstimatePerformance.lisp)
Linked: (/home/jrv/Research/RoboticArcitecture/abb_experimental_ws/devel/.private/argus_msgs/share/common-lisp/ros/argus_msgs/msg/_package_SymmetricFloat64.lisp, /home/jrv/Research/RoboticArcitecture/abb_experimental_ws/devel/share/common-lisp/ros/argus_msgs/msg/_package_SymmetricFloat64.lisp)
Linked: (/home/jrv/Research/RoboticArcitecture/abb_experimental_ws/devel/.private/argus_msgs/share/common-lisp/ros/argus_msgs/msg/_package_OdometryArray.lisp, /home/jrv/Research/RoboticArcitecture/abb_experimental_ws/devel/share/common-lisp/ros/argus_msgs/msg/_package_OdometryArray.lisp)
Linked: (/home/jrv/Research/RoboticArcitecture/abb_experimental_ws/devel/.private/argus_msgs/share/common-lisp/ros/argus_msgs/msg/EstimatePerformance.lisp, /home/jrv/Research/RoboticArcitecture/abb_experimental_ws/devel/share/common-lisp/ros/argus_msgs/msg/EstimatePerformance.lisp)
Linked: (/home/jrv/Research/RoboticArcitecture/abb_experimental_ws/devel/.private/argus_msgs/share/common-lisp/ros/argus_msgs/msg/Point2D.lisp, /home/jrv/Research/RoboticArcitecture/abb_experimental_ws/devel/share/common-lisp/ros/argus_msgs/msg/Point2D.lisp)
Linked: (/home/jrv/Research/RoboticArcitecture/abb_experimental_ws/devel/.private/argus_msgs/share/common-lisp/ros/argus_msgs/msg/_package_FilterPredictStep.lisp, /home/jrv/Research/RoboticArcitecture/abb_experimental_ws/devel/share/common-lisp/ros/argus_msgs/msg/_package_FilterPredictStep.lisp)
Linked: (/home/jrv/Research/RoboticArcitecture/abb_experimental_ws/devel/.private/argus_msgs/share/common-lisp/ros/argus_msgs/msg/OdometryArray.lisp, /home/jrv/Research/RoboticArcitecture/abb_experimental_ws/devel/share/common-lisp/ros/argus_msgs/msg/OdometryArray.lisp)
Linked: (/home/jrv/Research/RoboticArcitecture/abb_experimental_ws/devel/.private/argus_msgs/share/common-lisp/ros/argus_msgs/msg/SymmetricFloat64.lisp, /home/jrv/Research/RoboticArcitecture/abb_experimental_ws/devel/share/common-lisp/ros/argus_msgs/msg/SymmetricFloat64.lisp)
Linked: (/home/jrv/Research/RoboticArcitecture/abb_experimental_ws/devel/.private/argus_msgs/share/common-lisp/ros/argus_msgs/msg/MatrixFloat64.lisp, /home/jrv/Research/RoboticArcitecture/abb_experimental_ws/devel/share/common-lisp/ros/argus_msgs/msg/MatrixFloat64.lisp)
Linked: (/home/jrv/Research/RoboticArcitecture/abb_experimental_ws/devel/.private/argus_msgs/share/common-lisp/ros/argus_msgs/msg/FiducialDetection.lisp, /home/jrv/Research/RoboticArcitecture/abb_experimental_ws/devel/share/common-lisp/ros/argus_msgs/msg/FiducialDetection.lisp)
Linked: (/home/jrv/Research/RoboticArcitecture/abb_experimental_ws/devel/.private/argus_msgs/share/common-lisp/ros/argus_msgs/msg/FilterPredictStep.lisp, /home/jrv/Research/RoboticArcitecture/abb_experimental_ws/devel/share/common-lisp/ros/argus_msgs/msg/FilterPredictStep.lisp)
Linked: (/home/jrv/Research/RoboticArcitecture/abb_experimental_ws/devel/.private/argus_msgs/share/common-lisp/ros/argus_msgs/msg/_package_Point2D.lisp, /home/jrv/Research/RoboticArcitecture/abb_experimental_ws/devel/share/common-lisp/ros/argus_msgs/msg/_package_Point2D.lisp)
Linked: (/home/jrv/Research/RoboticArcitecture/abb_experimental_ws/devel/.private/argus_msgs/share/common-lisp/ros/argus_msgs/msg/ImageFiducialDetections.lisp, /home/jrv/Research/RoboticArcitecture/abb_experimental_ws/devel/share/common-lisp/ros/argus_msgs/msg/ImageFiducialDetections.lisp)
Linked: (/home/jrv/Research/RoboticArcitecture/abb_experimental_ws/devel/.private/argus_msgs/share/common-lisp/ros/argus_msgs/msg/_package.lisp, /home/jrv/Research/RoboticArcitecture/abb_experimental_ws/devel/share/common-lisp/ros/argus_msgs/msg/_package.lisp)
Linked: (/home/jrv/Research/RoboticArcitecture/abb_experimental_ws/devel/.private/argus_msgs/share/common-lisp/ros/argus_msgs/msg/_package_FilterStepInfo.lisp, /home/jrv/Research/RoboticArcitecture/abb_experimental_ws/devel/share/common-lisp/ros/argus_msgs/msg/_package_FilterStepInfo.lisp)
Linked: (/home/jrv/Research/RoboticArcitecture/abb_experimental_ws/devel/.private/argus_msgs/share/common-lisp/ros/argus_msgs/msg/argus_msgs-msg.asd, /home/jrv/Research/RoboticArcitecture/abb_experimental_ws/devel/share/common-lisp/ros/argus_msgs/msg/argus_msgs-msg.asd)
Linked: (/home/jrv/Research/RoboticArcitecture/abb_experimental_ws/devel/.private/argus_msgs/share/common-lisp/ros/argus_msgs/msg/_package_MatrixFloat64.lisp, /home/jrv/Research/RoboticArcitecture/abb_experimental_ws/devel/share/common-lisp/ros/argus_msgs/msg/_package_MatrixFloat64.lisp)
Linked: (/home/jrv/Research/RoboticArcitecture/abb_experimental_ws/devel/.private/argus_msgs/share/common-lisp/ros/argus_msgs/msg/_package_FiducialDetection.lisp, /home/jrv/Research/RoboticArcitecture/abb_experimental_ws/devel/share/common-lisp/ros/argus_msgs/msg/_package_FiducialDetection.lisp)
Linked: (/home/jrv/Research/RoboticArcitecture/abb_experimental_ws/devel/.private/argus_msgs/share/common-lisp/ros/argus_msgs/msg/_package_ImageFiducialDetections.lisp, /home/jrv/Research/RoboticArcitecture/abb_experimental_ws/devel/share/common-lisp/ros/argus_msgs/msg/_package_ImageFiducialDetections.lisp)
Linked: (/home/jrv/Research/RoboticArcitecture/abb_experimental_ws/devel/.private/argus_msgs/share/common-lisp/ros/argus_msgs/msg/FilterUpdateStep.lisp, /home/jrv/Research/RoboticArcitecture/abb_experimental_ws/devel/share/common-lisp/ros/argus_msgs/msg/FilterUpdateStep.lisp)
Linked: (/home/jrv/Research/RoboticArcitecture/abb_experimental_ws/devel/.private/argus_msgs/share/common-lisp/ros/argus_msgs/msg/_package_FilterUpdateStep.lisp, /home/jrv/Research/RoboticArcitecture/abb_experimental_ws/devel/share/common-lisp/ros/argus_msgs/msg/_package_FilterUpdateStep.lisp)
Linked: (/home/jrv/Research/RoboticArcitecture/abb_experimental_ws/devel/.private/argus_msgs/share/common-lisp/ros/argus_msgs/msg/_package_TransformWithCovarianceStamped.lisp, /home/jrv/Research/RoboticArcitecture/abb_experimental_ws/devel/share/common-lisp/ros/argus_msgs/msg/_package_TransformWithCovarianceStamped.lisp)
Linked: (/home/jrv/Research/RoboticArcitecture/abb_experimental_ws/devel/.private/argus_msgs/share/common-lisp/ros/argus_msgs/msg/FilterStepInfo.lisp, /home/jrv/Research/RoboticArcitecture/abb_experimental_ws/devel/share/common-lisp/ros/argus_msgs/msg/FilterStepInfo.lisp)
Linked: (/home/jrv/Research/RoboticArcitecture/abb_experimental_ws/devel/.private/argus_msgs/share/common-lisp/ros/argus_msgs/msg/TransformWithCovarianceStamped.lisp, /home/jrv/Research/RoboticArcitecture/abb_experimental_ws/devel/share/common-lisp/ros/argus_msgs/msg/TransformWithCovarianceStamped.lisp)
Linked: (/home/jrv/Research/RoboticArcitecture/abb_experimental_ws/devel/.private/argus_msgs/share/argus_msgs/cmake/argus_msgs-msg-extras.cmake, /home/jrv/Research/RoboticArcitecture/abb_experimental_ws/devel/share/argus_msgs/cmake/argus_msgs-msg-extras.cmake)
Linked: (/home/jrv/Research/RoboticArcitecture/abb_experimental_ws/devel/.private/argus_msgs/share/argus_msgs/cmake/argus_msgs-msg-paths.cmake, /home/jrv/Research/RoboticArcitecture/abb_experimental_ws/devel/share/argus_msgs/cmake/argus_msgs-msg-paths.cmake)
Linked: (/home/jrv/Research/RoboticArcitecture/abb_experimental_ws/devel/.private/argus_msgs/share/argus_msgs/cmake/argus_msgsConfig.cmake, /home/jrv/Research/RoboticArcitecture/abb_experimental_ws/devel/share/argus_msgs/cmake/argus_msgsConfig.cmake)
Linked: (/home/jrv/Research/RoboticArcitecture/abb_experimental_ws/devel/.private/argus_msgs/share/argus_msgs/cmake/argus_msgsConfig-version.cmake, /home/jrv/Research/RoboticArcitecture/abb_experimental_ws/devel/share/argus_msgs/cmake/argus_msgsConfig-version.cmake)
Linked: (/home/jrv/Research/RoboticArcitecture/abb_experimental_ws/devel/.private/argus_msgs/share/gennodejs/ros/argus_msgs/_index.js, /home/jrv/Research/RoboticArcitecture/abb_experimental_ws/devel/share/gennodejs/ros/argus_msgs/_index.js)
Linked: (/home/jrv/Research/RoboticArcitecture/abb_experimental_ws/devel/.private/argus_msgs/share/gennodejs/ros/argus_msgs/msg/OdometryArray.js, /home/jrv/Research/RoboticArcitecture/abb_experimental_ws/devel/share/gennodejs/ros/argus_msgs/msg/OdometryArray.js)
Linked: (/home/jrv/Research/RoboticArcitecture/abb_experimental_ws/devel/.private/argus_msgs/share/gennodejs/ros/argus_msgs/msg/FilterUpdateStep.js, /home/jrv/Research/RoboticArcitecture/abb_experimental_ws/devel/share/gennodejs/ros/argus_msgs/msg/FilterUpdateStep.js)
Linked: (/home/jrv/Research/RoboticArcitecture/abb_experimental_ws/devel/.private/argus_msgs/share/gennodejs/ros/argus_msgs/msg/ImageFiducialDetections.js, /home/jrv/Research/RoboticArcitecture/abb_experimental_ws/devel/share/gennodejs/ros/argus_msgs/msg/ImageFiducialDetections.js)
Linked: (/home/jrv/Research/RoboticArcitecture/abb_experimental_ws/devel/.private/argus_msgs/share/gennodejs/ros/argus_msgs/msg/EstimatePerformance.js, /home/jrv/Research/RoboticArcitecture/abb_experimental_ws/devel/share/gennodejs/ros/argus_msgs/msg/EstimatePerformance.js)
Linked: (/home/jrv/Research/RoboticArcitecture/abb_experimental_ws/devel/.private/argus_msgs/share/gennodejs/ros/argus_msgs/msg/FilterPredictStep.js, /home/jrv/Research/RoboticArcitecture/abb_experimental_ws/devel/share/gennodejs/ros/argus_msgs/msg/FilterPredictStep.js)
Linked: (/home/jrv/Research/RoboticArcitecture/abb_experimental_ws/devel/.private/argus_msgs/share/gennodejs/ros/argus_msgs/msg/_index.js, /home/jrv/Research/RoboticArcitecture/abb_experimental_ws/devel/share/gennodejs/ros/argus_msgs/msg/_index.js)
Linked: (/home/jrv/Research/RoboticArcitecture/abb_experimental_ws/devel/.private/argus_msgs/share/gennodejs/ros/argus_msgs/msg/MatrixFloat64.js, /home/jrv/Research/RoboticArcitecture/abb_experimental_ws/devel/share/gennodejs/ros/argus_msgs/msg/MatrixFloat64.js)
Linked: (/home/jrv/Research/RoboticArcitecture/abb_experimental_ws/devel/.private/argus_msgs/share/gennodejs/ros/argus_msgs/msg/FilterStepInfo.js, /home/jrv/Research/RoboticArcitecture/abb_experimental_ws/devel/share/gennodejs/ros/argus_msgs/msg/FilterStepInfo.js)
Linked: (/home/jrv/Research/RoboticArcitecture/abb_experimental_ws/devel/.private/argus_msgs/share/gennodejs/ros/argus_msgs/msg/SymmetricFloat64.js, /home/jrv/Research/RoboticArcitecture/abb_experimental_ws/devel/share/gennodejs/ros/argus_msgs/msg/SymmetricFloat64.js)
Linked: (/home/jrv/Research/RoboticArcitecture/abb_experimental_ws/devel/.private/argus_msgs/share/gennodejs/ros/argus_msgs/msg/Point2D.js, /home/jrv/Research/RoboticArcitecture/abb_experimental_ws/devel/share/gennodejs/ros/argus_msgs/msg/Point2D.js)
Linked: (/home/jrv/Research/RoboticArcitecture/abb_experimental_ws/devel/.private/argus_msgs/share/gennodejs/ros/argus_msgs/msg/FiducialDetection.js, /home/jrv/Research/RoboticArcitecture/abb_experimental_ws/devel/share/gennodejs/ros/argus_msgs/msg/FiducialDetection.js)
Linked: (/home/jrv/Research/RoboticArcitecture/abb_experimental_ws/devel/.private/argus_msgs/share/gennodejs/ros/argus_msgs/msg/TransformWithCovarianceStamped.js, /home/jrv/Research/RoboticArcitecture/abb_experimental_ws/devel/share/gennodejs/ros/argus_msgs/msg/TransformWithCovarianceStamped.js)
Linked: (/home/jrv/Research/RoboticArcitecture/abb_experimental_ws/devel/.private/argus_msgs/share/roseus/ros/argus_msgs/manifest.l, /home/jrv/Research/RoboticArcitecture/abb_experimental_ws/devel/share/roseus/ros/argus_msgs/manifest.l)
Linked: (/home/jrv/Research/RoboticArcitecture/abb_experimental_ws/devel/.private/argus_msgs/share/roseus/ros/argus_msgs/msg/TransformWithCovarianceStamped.l, /home/jrv/Research/RoboticArcitecture/abb_experimental_ws/devel/share/roseus/ros/argus_msgs/msg/TransformWithCovarianceStamped.l)
Linked: (/home/jrv/Research/RoboticArcitecture/abb_experimental_ws/devel/.private/argus_msgs/share/roseus/ros/argus_msgs/msg/FilterUpdateStep.l, /home/jrv/Research/RoboticArcitecture/abb_experimental_ws/devel/share/roseus/ros/argus_msgs/msg/FilterUpdateStep.l)
Linked: (/home/jrv/Research/RoboticArcitecture/abb_experimental_ws/devel/.private/argus_msgs/share/roseus/ros/argus_msgs/msg/ImageFiducialDetections.l, /home/jrv/Research/RoboticArcitecture/abb_experimental_ws/devel/share/roseus/ros/argus_msgs/msg/ImageFiducialDetections.l)
Linked: (/home/jrv/Research/RoboticArcitecture/abb_experimental_ws/devel/.private/argus_msgs/share/roseus/ros/argus_msgs/msg/OdometryArray.l, /home/jrv/Research/RoboticArcitecture/abb_experimental_ws/devel/share/roseus/ros/argus_msgs/msg/OdometryArray.l)
Linked: (/home/jrv/Research/RoboticArcitecture/abb_experimental_ws/devel/.private/argus_msgs/share/roseus/ros/argus_msgs/msg/MatrixFloat64.l, /home/jrv/Research/RoboticArcitecture/abb_experimental_ws/devel/share/roseus/ros/argus_msgs/msg/MatrixFloat64.l)
Linked: (/home/jrv/Research/RoboticArcitecture/abb_experimental_ws/devel/.private/argus_msgs/share/roseus/ros/argus_msgs/msg/Point2D.l, /home/jrv/Research/RoboticArcitecture/abb_experimental_ws/devel/share/roseus/ros/argus_msgs/msg/Point2D.l)
Linked: (/home/jrv/Research/RoboticArcitecture/abb_experimental_ws/devel/.private/argus_msgs/share/roseus/ros/argus_msgs/msg/FilterPredictStep.l, /home/jrv/Research/RoboticArcitecture/abb_experimental_ws/devel/share/roseus/ros/argus_msgs/msg/FilterPredictStep.l)
Linked: (/home/jrv/Research/RoboticArcitecture/abb_experimental_ws/devel/.private/argus_msgs/share/roseus/ros/argus_msgs/msg/SymmetricFloat64.l, /home/jrv/Research/RoboticArcitecture/abb_experimental_ws/devel/share/roseus/ros/argus_msgs/msg/SymmetricFloat64.l)
Linked: (/home/jrv/Research/RoboticArcitecture/abb_experimental_ws/devel/.private/argus_msgs/share/roseus/ros/argus_msgs/msg/FiducialDetection.l, /home/jrv/Research/RoboticArcitecture/abb_experimental_ws/devel/share/roseus/ros/argus_msgs/msg/FiducialDetection.l)
Linked: (/home/jrv/Research/RoboticArcitecture/abb_experimental_ws/devel/.private/argus_msgs/share/roseus/ros/argus_msgs/msg/EstimatePerformance.l, /home/jrv/Research/RoboticArcitecture/abb_experimental_ws/devel/share/roseus/ros/argus_msgs/msg/EstimatePerformance.l)
Linked: (/home/jrv/Research/RoboticArcitecture/abb_experimental_ws/devel/.private/argus_msgs/share/roseus/ros/argus_msgs/msg/FilterStepInfo.l, /home/jrv/Research/RoboticArcitecture/abb_experimental_ws/devel/share/roseus/ros/argus_msgs/msg/FilterStepInfo.l)
