Symlinking /home/jrv/Research/RoboticArcitecture/abb_experimental_ws/devel/lib/pkgconfig/argus_msgs.pc
Symlinking /home/jrv/Research/RoboticArcitecture/abb_experimental_ws/devel/lib/python2.7/dist-packages/argus_msgs/__init__.py
Symlinking /home/jrv/Research/RoboticArcitecture/abb_experimental_ws/devel/lib/python2.7/dist-packages/argus_msgs/msg/_FilterPredictStep.py
Symlinking /home/jrv/Research/RoboticArcitecture/abb_experimental_ws/devel/lib/python2.7/dist-packages/argus_msgs/msg/_OdometryArray.py
Symlinking /home/jrv/Research/RoboticArcitecture/abb_experimental_ws/devel/lib/python2.7/dist-packages/argus_msgs/msg/_ImageFiducialDetections.py
Symlinking /home/jrv/Research/RoboticArcitecture/abb_experimental_ws/devel/lib/python2.7/dist-packages/argus_msgs/msg/_SymmetricFloat64.py
Symlinking /home/jrv/Research/RoboticArcitecture/abb_experimental_ws/devel/lib/python2.7/dist-packages/argus_msgs/msg/__init__.py
Symlinking /home/jrv/Research/RoboticArcitecture/abb_experimental_ws/devel/lib/python2.7/dist-packages/argus_msgs/msg/_Point2D.py
Symlinking /home/jrv/Research/RoboticArcitecture/abb_experimental_ws/devel/lib/python2.7/dist-packages/argus_msgs/msg/_FilterUpdateStep.py
Symlinking /home/jrv/Research/RoboticArcitecture/abb_experimental_ws/devel/lib/python2.7/dist-packages/argus_msgs/msg/_TransformWithCovarianceStamped.py
Symlinking /home/jrv/Research/RoboticArcitecture/abb_experimental_ws/devel/lib/python2.7/dist-packages/argus_msgs/msg/_MatrixFloat64.py
Symlinking /home/jrv/Research/RoboticArcitecture/abb_experimental_ws/devel/lib/python2.7/dist-packages/argus_msgs/msg/_EstimatePerformance.py
Symlinking /home/jrv/Research/RoboticArcitecture/abb_experimental_ws/devel/lib/python2.7/dist-packages/argus_msgs/msg/_FiducialDetection.py
Symlinking /home/jrv/Research/RoboticArcitecture/abb_experimental_ws/devel/lib/python2.7/dist-packages/argus_msgs/msg/_FilterStepInfo.py
Symlinking /home/jrv/Research/RoboticArcitecture/abb_experimental_ws/devel/include/argus_msgs/FilterStepInfo.h
Symlinking /home/jrv/Research/RoboticArcitecture/abb_experimental_ws/devel/include/argus_msgs/FilterUpdateStep.h
Symlinking /home/jrv/Research/RoboticArcitecture/abb_experimental_ws/devel/include/argus_msgs/ImageFiducialDetections.h
Symlinking /home/jrv/Research/RoboticArcitecture/abb_experimental_ws/devel/include/argus_msgs/MatrixFloat64.h
Symlinking /home/jrv/Research/RoboticArcitecture/abb_experimental_ws/devel/include/argus_msgs/FilterPredictStep.h
Symlinking /home/jrv/Research/RoboticArcitecture/abb_experimental_ws/devel/include/argus_msgs/OdometryArray.h
Symlinking /home/jrv/Research/RoboticArcitecture/abb_experimental_ws/devel/include/argus_msgs/SymmetricFloat64.h
Symlinking /home/jrv/Research/RoboticArcitecture/abb_experimental_ws/devel/include/argus_msgs/TransformWithCovarianceStamped.h
Symlinking /home/jrv/Research/RoboticArcitecture/abb_experimental_ws/devel/include/argus_msgs/Point2D.h
Symlinking /home/jrv/Research/RoboticArcitecture/abb_experimental_ws/devel/include/argus_msgs/EstimatePerformance.h
Symlinking /home/jrv/Research/RoboticArcitecture/abb_experimental_ws/devel/include/argus_msgs/FiducialDetection.h
Symlinking /home/jrv/Research/RoboticArcitecture/abb_experimental_ws/devel/share/common-lisp/ros/argus_msgs/msg/_package_EstimatePerformance.lisp
Symlinking /home/jrv/Research/RoboticArcitecture/abb_experimental_ws/devel/share/common-lisp/ros/argus_msgs/msg/_package_SymmetricFloat64.lisp
Symlinking /home/jrv/Research/RoboticArcitecture/abb_experimental_ws/devel/share/common-lisp/ros/argus_msgs/msg/_package_OdometryArray.lisp
Symlinking /home/jrv/Research/RoboticArcitecture/abb_experimental_ws/devel/share/common-lisp/ros/argus_msgs/msg/EstimatePerformance.lisp
Symlinking /home/jrv/Research/RoboticArcitecture/abb_experimental_ws/devel/share/common-lisp/ros/argus_msgs/msg/Point2D.lisp
Symlinking /home/jrv/Research/RoboticArcitecture/abb_experimental_ws/devel/share/common-lisp/ros/argus_msgs/msg/_package_FilterPredictStep.lisp
Symlinking /home/jrv/Research/RoboticArcitecture/abb_experimental_ws/devel/share/common-lisp/ros/argus_msgs/msg/OdometryArray.lisp
Symlinking /home/jrv/Research/RoboticArcitecture/abb_experimental_ws/devel/share/common-lisp/ros/argus_msgs/msg/SymmetricFloat64.lisp
Symlinking /home/jrv/Research/RoboticArcitecture/abb_experimental_ws/devel/share/common-lisp/ros/argus_msgs/msg/MatrixFloat64.lisp
Symlinking /home/jrv/Research/RoboticArcitecture/abb_experimental_ws/devel/share/common-lisp/ros/argus_msgs/msg/FiducialDetection.lisp
Symlinking /home/jrv/Research/RoboticArcitecture/abb_experimental_ws/devel/share/common-lisp/ros/argus_msgs/msg/FilterPredictStep.lisp
Symlinking /home/jrv/Research/RoboticArcitecture/abb_experimental_ws/devel/share/common-lisp/ros/argus_msgs/msg/_package_Point2D.lisp
Symlinking /home/jrv/Research/RoboticArcitecture/abb_experimental_ws/devel/share/common-lisp/ros/argus_msgs/msg/ImageFiducialDetections.lisp
Symlinking /home/jrv/Research/RoboticArcitecture/abb_experimental_ws/devel/share/common-lisp/ros/argus_msgs/msg/_package.lisp
Symlinking /home/jrv/Research/RoboticArcitecture/abb_experimental_ws/devel/share/common-lisp/ros/argus_msgs/msg/_package_FilterStepInfo.lisp
Symlinking /home/jrv/Research/RoboticArcitecture/abb_experimental_ws/devel/share/common-lisp/ros/argus_msgs/msg/argus_msgs-msg.asd
Symlinking /home/jrv/Research/RoboticArcitecture/abb_experimental_ws/devel/share/common-lisp/ros/argus_msgs/msg/_package_MatrixFloat64.lisp
Symlinking /home/jrv/Research/RoboticArcitecture/abb_experimental_ws/devel/share/common-lisp/ros/argus_msgs/msg/_package_FiducialDetection.lisp
Symlinking /home/jrv/Research/RoboticArcitecture/abb_experimental_ws/devel/share/common-lisp/ros/argus_msgs/msg/_package_ImageFiducialDetections.lisp
Symlinking /home/jrv/Research/RoboticArcitecture/abb_experimental_ws/devel/share/common-lisp/ros/argus_msgs/msg/FilterUpdateStep.lisp
Symlinking /home/jrv/Research/RoboticArcitecture/abb_experimental_ws/devel/share/common-lisp/ros/argus_msgs/msg/_package_FilterUpdateStep.lisp
Symlinking /home/jrv/Research/RoboticArcitecture/abb_experimental_ws/devel/share/common-lisp/ros/argus_msgs/msg/_package_TransformWithCovarianceStamped.lisp
Symlinking /home/jrv/Research/RoboticArcitecture/abb_experimental_ws/devel/share/common-lisp/ros/argus_msgs/msg/FilterStepInfo.lisp
Symlinking /home/jrv/Research/RoboticArcitecture/abb_experimental_ws/devel/share/common-lisp/ros/argus_msgs/msg/TransformWithCovarianceStamped.lisp
Symlinking /home/jrv/Research/RoboticArcitecture/abb_experimental_ws/devel/share/argus_msgs/cmake/argus_msgs-msg-extras.cmake
Symlinking /home/jrv/Research/RoboticArcitecture/abb_experimental_ws/devel/share/argus_msgs/cmake/argus_msgs-msg-paths.cmake
Symlinking /home/jrv/Research/RoboticArcitecture/abb_experimental_ws/devel/share/argus_msgs/cmake/argus_msgsConfig.cmake
Symlinking /home/jrv/Research/RoboticArcitecture/abb_experimental_ws/devel/share/argus_msgs/cmake/argus_msgsConfig-version.cmake
Symlinking /home/jrv/Research/RoboticArcitecture/abb_experimental_ws/devel/share/gennodejs/ros/argus_msgs/_index.js
Symlinking /home/jrv/Research/RoboticArcitecture/abb_experimental_ws/devel/share/gennodejs/ros/argus_msgs/msg/OdometryArray.js
Symlinking /home/jrv/Research/RoboticArcitecture/abb_experimental_ws/devel/share/gennodejs/ros/argus_msgs/msg/FilterUpdateStep.js
Symlinking /home/jrv/Research/RoboticArcitecture/abb_experimental_ws/devel/share/gennodejs/ros/argus_msgs/msg/ImageFiducialDetections.js
Symlinking /home/jrv/Research/RoboticArcitecture/abb_experimental_ws/devel/share/gennodejs/ros/argus_msgs/msg/EstimatePerformance.js
Symlinking /home/jrv/Research/RoboticArcitecture/abb_experimental_ws/devel/share/gennodejs/ros/argus_msgs/msg/FilterPredictStep.js
Symlinking /home/jrv/Research/RoboticArcitecture/abb_experimental_ws/devel/share/gennodejs/ros/argus_msgs/msg/_index.js
Symlinking /home/jrv/Research/RoboticArcitecture/abb_experimental_ws/devel/share/gennodejs/ros/argus_msgs/msg/MatrixFloat64.js
Symlinking /home/jrv/Research/RoboticArcitecture/abb_experimental_ws/devel/share/gennodejs/ros/argus_msgs/msg/FilterStepInfo.js
Symlinking /home/jrv/Research/RoboticArcitecture/abb_experimental_ws/devel/share/gennodejs/ros/argus_msgs/msg/SymmetricFloat64.js
Symlinking /home/jrv/Research/RoboticArcitecture/abb_experimental_ws/devel/share/gennodejs/ros/argus_msgs/msg/Point2D.js
Symlinking /home/jrv/Research/RoboticArcitecture/abb_experimental_ws/devel/share/gennodejs/ros/argus_msgs/msg/FiducialDetection.js
Symlinking /home/jrv/Research/RoboticArcitecture/abb_experimental_ws/devel/share/gennodejs/ros/argus_msgs/msg/TransformWithCovarianceStamped.js
Symlinking /home/jrv/Research/RoboticArcitecture/abb_experimental_ws/devel/share/roseus/ros/argus_msgs/manifest.l
Symlinking /home/jrv/Research/RoboticArcitecture/abb_experimental_ws/devel/share/roseus/ros/argus_msgs/msg/TransformWithCovarianceStamped.l
Symlinking /home/jrv/Research/RoboticArcitecture/abb_experimental_ws/devel/share/roseus/ros/argus_msgs/msg/FilterUpdateStep.l
Symlinking /home/jrv/Research/RoboticArcitecture/abb_experimental_ws/devel/share/roseus/ros/argus_msgs/msg/ImageFiducialDetections.l
Symlinking /home/jrv/Research/RoboticArcitecture/abb_experimental_ws/devel/share/roseus/ros/argus_msgs/msg/OdometryArray.l
Symlinking /home/jrv/Research/RoboticArcitecture/abb_experimental_ws/devel/share/roseus/ros/argus_msgs/msg/MatrixFloat64.l
Symlinking /home/jrv/Research/RoboticArcitecture/abb_experimental_ws/devel/share/roseus/ros/argus_msgs/msg/Point2D.l
Symlinking /home/jrv/Research/RoboticArcitecture/abb_experimental_ws/devel/share/roseus/ros/argus_msgs/msg/FilterPredictStep.l
Symlinking /home/jrv/Research/RoboticArcitecture/abb_experimental_ws/devel/share/roseus/ros/argus_msgs/msg/SymmetricFloat64.l
Symlinking /home/jrv/Research/RoboticArcitecture/abb_experimental_ws/devel/share/roseus/ros/argus_msgs/msg/FiducialDetection.l
Symlinking /home/jrv/Research/RoboticArcitecture/abb_experimental_ws/devel/share/roseus/ros/argus_msgs/msg/EstimatePerformance.l
Symlinking /home/jrv/Research/RoboticArcitecture/abb_experimental_ws/devel/share/roseus/ros/argus_msgs/msg/FilterStepInfo.l
