[35m[1mScanning dependencies of target _argus_msgs_generate_messages_check_deps_TransformWithCovarianceStamped[0m
[35m[1mScanning dependencies of target _argus_msgs_generate_messages_check_deps_FiducialDetection[0m
[35m[1mScanning dependencies of target _argus_msgs_generate_messages_check_deps_FilterUpdateStep[0m
[35m[1mScanning dependencies of target _argus_msgs_generate_messages_check_deps_EstimatePerformance[0m
[35m[1mScanning dependencies of target _argus_msgs_generate_messages_check_deps_OdometryArray[0m
[35m[1mScanning dependencies of target _argus_msgs_generate_messages_check_deps_MatrixFloat64[0m
[35m[1mScanning dependencies of target sensor_msgs_generate_messages_cpp[0m
[35m[1mScanning dependencies of target _argus_msgs_generate_messages_check_deps_SymmetricFloat64[0m
[  0%] Built target sensor_msgs_generate_messages_cpp
[35m[1mScanning dependencies of target _argus_msgs_generate_messages_check_deps_FilterStepInfo[0m
[  0%] Built target _argus_msgs_generate_messages_check_deps_OdometryArray
[  0%] Built target _argus_msgs_generate_messages_check_deps_TransformWithCovarianceStamped
[  0%] Built target _argus_msgs_generate_messages_check_deps_FiducialDetection
[  0%] Built target _argus_msgs_generate_messages_check_deps_FilterUpdateStep
[  0%] Built target _argus_msgs_generate_messages_check_deps_SymmetricFloat64
[  0%] Built target _argus_msgs_generate_messages_check_deps_MatrixFloat64
[  0%] Built target _argus_msgs_generate_messages_check_deps_EstimatePerformance
[35m[1mScanning dependencies of target std_msgs_generate_messages_cpp[0m
[35m[1mScanning dependencies of target _argus_msgs_generate_messages_check_deps_Point2D[0m
[35m[1mScanning dependencies of target _argus_msgs_generate_messages_check_deps_ImageFiducialDetections[0m
[35m[1mScanning dependencies of target _argus_msgs_generate_messages_check_deps_FilterPredictStep[0m
[35m[1mScanning dependencies of target nav_msgs_generate_messages_cpp[0m
[35m[1mScanning dependencies of target nav_msgs_generate_messages_py[0m
[35m[1mScanning dependencies of target std_msgs_generate_messages_py[0m
[  0%] Built target std_msgs_generate_messages_cpp
[  0%] Built target nav_msgs_generate_messages_cpp
[  0%] Built target _argus_msgs_generate_messages_check_deps_FilterStepInfo
[  0%] Built target nav_msgs_generate_messages_py
[35m[1mScanning dependencies of target sensor_msgs_generate_messages_py[0m
[  0%] Built target std_msgs_generate_messages_py
[35m[1mScanning dependencies of target std_msgs_generate_messages_lisp[0m
[35m[1mScanning dependencies of target nav_msgs_generate_messages_lisp[0m
[35m[1mScanning dependencies of target sensor_msgs_generate_messages_lisp[0m
[  0%] Built target sensor_msgs_generate_messages_py
[35m[1mScanning dependencies of target std_msgs_generate_messages_eus[0m
[  0%] Built target nav_msgs_generate_messages_lisp
[  0%] Built target std_msgs_generate_messages_lisp
[35m[1mScanning dependencies of target sensor_msgs_generate_messages_eus[0m
[  0%] Built target sensor_msgs_generate_messages_lisp
[  0%] Built target std_msgs_generate_messages_eus
[35m[1mScanning dependencies of target nav_msgs_generate_messages_eus[0m
[35m[1mScanning dependencies of target sensor_msgs_generate_messages_nodejs[0m
[35m[1mScanning dependencies of target std_msgs_generate_messages_nodejs[0m
[  0%] Built target sensor_msgs_generate_messages_eus
[35m[1mScanning dependencies of target nav_msgs_generate_messages_nodejs[0m
[  0%] Built target nav_msgs_generate_messages_eus
[  0%] Built target std_msgs_generate_messages_nodejs
[  0%] Built target sensor_msgs_generate_messages_nodejs
[  0%] Built target nav_msgs_generate_messages_nodejs
[  0%] Built target _argus_msgs_generate_messages_check_deps_Point2D
[  0%] Built target _argus_msgs_generate_messages_check_deps_FilterPredictStep
[  0%] Built target _argus_msgs_generate_messages_check_deps_ImageFiducialDetections
[35m[1mScanning dependencies of target argus_msgs_generate_messages_py[0m
[35m[1mScanning dependencies of target argus_msgs_generate_messages_lisp[0m
[35m[1mScanning dependencies of target argus_msgs_generate_messages_nodejs[0m
[35m[1mScanning dependencies of target argus_msgs_generate_messages_cpp[0m
[35m[1mScanning dependencies of target argus_msgs_generate_messages_eus[0m
[  1%] [34m[1mGenerating Python from MSG argus_msgs/TransformWithCovarianceStamped[0m
[  3%] [34m[1mGenerating Python from MSG argus_msgs/EstimatePerformance[0m
[  5%] [34m[1mGenerating Python from MSG argus_msgs/FilterStepInfo[0m
[  8%] [34m[1mGenerating Javascript code from argus_msgs/TransformWithCovarianceStamped.msg[0m
[  8%] [34m[1mGenerating Lisp code from argus_msgs/TransformWithCovarianceStamped.msg[0m
[ 10%] [34m[1mGenerating Python from MSG argus_msgs/FilterPredictStep[0m
[ 12%] [34m[1mGenerating EusLisp code from argus_msgs/TransformWithCovarianceStamped.msg[0m
[ 14%] [34m[1mGenerating C++ code from argus_msgs/TransformWithCovarianceStamped.msg[0m
[ 15%] [34m[1mGenerating Javascript code from argus_msgs/FilterPredictStep.msg[0m
[ 17%] [34m[1mGenerating Lisp code from argus_msgs/FilterPredictStep.msg[0m
[ 19%] [34m[1mGenerating Lisp code from argus_msgs/EstimatePerformance.msg[0m
[ 21%] [34m[1mGenerating Lisp code from argus_msgs/FilterStepInfo.msg[0m
[ 22%] [34m[1mGenerating Javascript code from argus_msgs/EstimatePerformance.msg[0m
[ 24%] [34m[1mGenerating Python from MSG argus_msgs/SymmetricFloat64[0m
[ 26%] [34m[1mGenerating EusLisp code from argus_msgs/FilterPredictStep.msg[0m
[ 28%] [34m[1mGenerating EusLisp code from argus_msgs/EstimatePerformance.msg[0m
[ 29%] [34m[1mGenerating Lisp code from argus_msgs/SymmetricFloat64.msg[0m
[ 31%] [34m[1mGenerating Javascript code from argus_msgs/FilterStepInfo.msg[0m
[ 33%] [34m[1mGenerating Lisp code from argus_msgs/FiducialDetection.msg[0m
[ 35%] [34m[1mGenerating Lisp code from argus_msgs/Point2D.msg[0m
[ 36%] [34m[1mGenerating Javascript code from argus_msgs/SymmetricFloat64.msg[0m
[ 38%] [34m[1mGenerating Python from MSG argus_msgs/FiducialDetection[0m
[ 40%] [34m[1mGenerating Javascript code from argus_msgs/FiducialDetection.msg[0m
[ 43%] [34m[1mGenerating Lisp code from argus_msgs/FilterUpdateStep.msg[0m
[ 43%] [34m[1mGenerating C++ code from argus_msgs/FilterPredictStep.msg[0m
[ 45%] [34m[1mGenerating Javascript code from argus_msgs/Point2D.msg[0m
[ 47%] [34m[1mGenerating EusLisp code from argus_msgs/FilterStepInfo.msg[0m
[ 49%] [34m[1mGenerating Python from MSG argus_msgs/Point2D[0m
[ 50%] [34m[1mGenerating Javascript code from argus_msgs/FilterUpdateStep.msg[0m
[ 54%] [34m[1mGenerating Javascript code from argus_msgs/MatrixFloat64.msg[0m
[ 54%] [34m[1mGenerating Javascript code from argus_msgs/OdometryArray.msg[0m
[ 56%] [34m[1mGenerating Lisp code from argus_msgs/MatrixFloat64.msg[0m
[ 57%] [34m[1mGenerating Lisp code from argus_msgs/OdometryArray.msg[0m
[ 59%] [34m[1mGenerating Lisp code from argus_msgs/ImageFiducialDetections.msg[0m
[ 61%] [34m[1mGenerating Python from MSG argus_msgs/FilterUpdateStep[0m
[ 63%] [34m[1mGenerating EusLisp code from argus_msgs/SymmetricFloat64.msg[0m
[ 66%] [34m[1mGenerating Javascript code from argus_msgs/ImageFiducialDetections.msg[0m
[ 66%] [34m[1mGenerating EusLisp code from argus_msgs/FiducialDetection.msg[0m
[ 68%] [34m[1mGenerating Python from MSG argus_msgs/MatrixFloat64[0m
[ 70%] [34m[1mGenerating Python from MSG argus_msgs/OdometryArray[0m
[ 70%] Built target argus_msgs_generate_messages_lisp
[ 71%] [34m[1mGenerating Python from MSG argus_msgs/ImageFiducialDetections[0m
[ 71%] Built target argus_msgs_generate_messages_nodejs
[ 73%] [34m[1mGenerating C++ code from argus_msgs/EstimatePerformance.msg[0m
[ 75%] [34m[1mGenerating EusLisp code from argus_msgs/Point2D.msg[0m
[ 77%] [34m[1mGenerating EusLisp code from argus_msgs/FilterUpdateStep.msg[0m
[ 78%] [34m[1mGenerating C++ code from argus_msgs/FilterStepInfo.msg[0m
[ 80%] [34m[1mGenerating EusLisp code from argus_msgs/MatrixFloat64.msg[0m
[ 82%] [34m[1mGenerating EusLisp code from argus_msgs/OdometryArray.msg[0m
[ 84%] [34m[1mGenerating C++ code from argus_msgs/SymmetricFloat64.msg[0m
[ 85%] [34m[1mGenerating Python msg __init__.py for argus_msgs[0m
[ 87%] [34m[1mGenerating C++ code from argus_msgs/FiducialDetection.msg[0m
[ 89%] [34m[1mGenerating EusLisp code from argus_msgs/ImageFiducialDetections.msg[0m
[ 91%] [34m[1mGenerating EusLisp manifest code for argus_msgs[0m
[ 92%] [34m[1mGenerating C++ code from argus_msgs/Point2D.msg[0m
[ 92%] Built target argus_msgs_generate_messages_py
[ 94%] [34m[1mGenerating C++ code from argus_msgs/FilterUpdateStep.msg[0m
[ 96%] [34m[1mGenerating C++ code from argus_msgs/MatrixFloat64.msg[0m
[ 98%] [34m[1mGenerating C++ code from argus_msgs/OdometryArray.msg[0m
[100%] [34m[1mGenerating C++ code from argus_msgs/ImageFiducialDetections.msg[0m
[100%] Built target argus_msgs_generate_messages_cpp
[100%] Built target argus_msgs_generate_messages_eus
[35m[1mScanning dependencies of target argus_msgs_generate_messages[0m
[100%] Built target argus_msgs_generate_messages
