Determining if the pthread_create exist failed with the following output:
Change Dir: /home/jrv/Research/Robotic Architecture/abb_experimental_ws/build/abb_driver/CMakeFiles/CMakeTmp

Run Build Command:"/usr/bin/make" "cmTC_fc0dc/fast"
/usr/bin/make -f CMakeFiles/cmTC_fc0dc.dir/build.make CMakeFiles/cmTC_fc0dc.dir/build
make[1]: Entering directory '/home/jrv/Research/Robotic Architecture/abb_experimental_ws/build/abb_driver/CMakeFiles/CMakeTmp'
Building C object CMakeFiles/cmTC_fc0dc.dir/CheckSymbolExists.c.o
/usr/bin/cc    -o CMakeFiles/cmTC_fc0dc.dir/CheckSymbolExists.c.o   -c "/home/jrv/Research/Robotic Architecture/abb_experimental_ws/build/abb_driver/CMakeFiles/CMakeTmp/CheckSymbolExists.c"
Linking C executable cmTC_fc0dc
/usr/local/bin/cmake -E cmake_link_script CMakeFiles/cmTC_fc0dc.dir/link.txt --verbose=1
/usr/bin/cc      -rdynamic CMakeFiles/cmTC_fc0dc.dir/CheckSymbolExists.c.o  -o cmTC_fc0dc 
CMakeFiles/cmTC_fc0dc.dir/CheckSymbolExists.c.o: In function `main':
CheckSymbolExists.c:(.text+0x16): undefined reference to `pthread_create'
collect2: error: ld returned 1 exit status
CMakeFiles/cmTC_fc0dc.dir/build.make:97: recipe for target 'cmTC_fc0dc' failed
make[1]: *** [cmTC_fc0dc] Error 1
make[1]: Leaving directory '/home/jrv/Research/Robotic Architecture/abb_experimental_ws/build/abb_driver/CMakeFiles/CMakeTmp'
Makefile:126: recipe for target 'cmTC_fc0dc/fast' failed
make: *** [cmTC_fc0dc/fast] Error 2

File /home/jrv/Research/Robotic Architecture/abb_experimental_ws/build/abb_driver/CMakeFiles/CMakeTmp/CheckSymbolExists.c:
/* */
#include <pthread.h>

int main(int argc, char** argv)
{
  (void)argv;
#ifndef pthread_create
  return ((int*)(&pthread_create))[argc];
#else
  (void)argc;
  return 0;
#endif
}

Determining if the function pthread_create exists in the pthreads failed with the following output:
Change Dir: /home/jrv/Research/Robotic Architecture/abb_experimental_ws/build/abb_driver/CMakeFiles/CMakeTmp

Run Build Command:"/usr/bin/make" "cmTC_d1e6e/fast"
/usr/bin/make -f CMakeFiles/cmTC_d1e6e.dir/build.make CMakeFiles/cmTC_d1e6e.dir/build
make[1]: Entering directory '/home/jrv/Research/Robotic Architecture/abb_experimental_ws/build/abb_driver/CMakeFiles/CMakeTmp'
Building C object CMakeFiles/cmTC_d1e6e.dir/CheckFunctionExists.c.o
/usr/bin/cc   -DCHECK_FUNCTION_EXISTS=pthread_create   -o CMakeFiles/cmTC_d1e6e.dir/CheckFunctionExists.c.o   -c /usr/local/share/cmake-3.9/Modules/CheckFunctionExists.c
Linking C executable cmTC_d1e6e
/usr/local/bin/cmake -E cmake_link_script CMakeFiles/cmTC_d1e6e.dir/link.txt --verbose=1
/usr/bin/cc  -DCHECK_FUNCTION_EXISTS=pthread_create    -rdynamic CMakeFiles/cmTC_d1e6e.dir/CheckFunctionExists.c.o  -o cmTC_d1e6e -lpthreads 
/usr/bin/ld: cannot find -lpthreads
collect2: error: ld returned 1 exit status
CMakeFiles/cmTC_d1e6e.dir/build.make:97: recipe for target 'cmTC_d1e6e' failed
make[1]: *** [cmTC_d1e6e] Error 1
make[1]: Leaving directory '/home/jrv/Research/Robotic Architecture/abb_experimental_ws/build/abb_driver/CMakeFiles/CMakeTmp'
Makefile:126: recipe for target 'cmTC_d1e6e/fast' failed
make: *** [cmTC_d1e6e/fast] Error 2


